{"/Users/catalinavivern/Documents/ITBA/IngeSoft1/Inge1/api/src/app.controller.ts": {"path":"/Users/catalinavivern/Documents/ITBA/IngeSoft1/Inge1/api/src/app.controller.ts","statementMap":{"0":{"start":{"line":1,"column":0},"end":{"line":1,"column":49}},"1":{"start":{"line":2,"column":0},"end":{"line":2,"column":43}},"2":{"start":{"line":5,"column":7},"end":{"line":12,"column":null}},"3":{"start":{"line":6,"column":31},"end":{"line":6,"column":43}},"4":{"start":{"line":10,"column":4},"end":{"line":10,"column":38}},"5":{"start":{"line":5,"column":13},"end":{"line":5,"column":26}},"6":{"start":{"line":9,"column":2},"end":{"line":11,"column":null}},"7":{"start":{"line":5,"column":13},"end":{"line":12,"column":null}}},"fnMap":{"0":{"name":"(anonymous_2)","decl":{"start":{"line":6,"column":2},"end":{"line":6,"column":31}},"loc":{"start":{"line":6,"column":53},"end":{"line":6,"column":57}}},"1":{"name":"(anonymous_3)","decl":{"start":{"line":9,"column":2},"end":{"line":9,"column":10}},"loc":{"start":{"line":9,"column":10},"end":{"line":11,"column":3}}}},"branchMap":{"0":{"loc":{"start":{"line":6,"column":43},"end":{"line":6,"column":56}},"type":"cond-expr","locations":[{"start":{"line":6,"column":53},"end":{"line":6,"column":56}},{"start":{"line":6,"column":53},"end":{"line":6,"column":56}}]},"1":{"loc":{"start":{"line":6,"column":43},"end":{"line":6,"column":53}},"type":"binary-expr","locations":[{"start":{"line":6,"column":43},"end":{"line":6,"column":56}},{"start":{"line":6,"column":43},"end":{"line":6,"column":53}}]}},"s":{"0":1,"1":1,"2":1,"3":1,"4":1,"5":1,"6":1,"7":1},"f":{"0":1,"1":1},"b":{"0":[1,0],"1":[1,1]}}
,"/Users/catalinavivern/Documents/ITBA/IngeSoft1/Inge1/api/src/app.module.ts": {"path":"/Users/catalinavivern/Documents/ITBA/IngeSoft1/Inge1/api/src/app.module.ts","statementMap":{"0":{"start":{"line":1,"column":0},"end":{"line":1,"column":40}},"1":{"start":{"line":2,"column":0},"end":{"line":2,"column":61}},"2":{"start":{"line":3,"column":0},"end":{"line":3,"column":48}},"3":{"start":{"line":4,"column":0},"end":{"line":4,"column":68}},"4":{"start":{"line":5,"column":0},"end":{"line":5,"column":41}},"5":{"start":{"line":6,"column":0},"end":{"line":6,"column":48}},"6":{"start":{"line":7,"column":0},"end":{"line":7,"column":51}},"7":{"start":{"line":8,"column":0},"end":{"line":8,"column":54}},"8":{"start":{"line":9,"column":0},"end":{"line":9,"column":51}},"9":{"start":{"line":10,"column":0},"end":{"line":10,"column":60}},"10":{"start":{"line":11,"column":0},"end":{"line":11,"column":57}},"11":{"start":{"line":12,"column":0},"end":{"line":12,"column":51}},"12":{"start":{"line":13,"column":0},"end":{"line":13,"column":60}},"13":{"start":{"line":14,"column":0},"end":{"line":14,"column":60}},"14":{"start":{"line":15,"column":0},"end":{"line":15,"column":63}},"15":{"start":{"line":16,"column":0},"end":{"line":16,"column":57}},"16":{"start":{"line":17,"column":0},"end":{"line":17,"column":51}},"17":{"start":{"line":18,"column":0},"end":{"line":18,"column":54}},"18":{"start":{"line":19,"column":0},"end":{"line":19,"column":63}},"19":{"start":{"line":55,"column":7},"end":{"line":55,"column":null}},"20":{"start":{"line":55,"column":13},"end":{"line":55,"column":22}},"21":{"start":{"line":55,"column":13},"end":{"line":55,"column":null}},"22":{"start":{"line":30,"column":46},"end":{"line":35,"column":8}}},"fnMap":{"0":{"name":"(anonymous_1)","decl":{"start":{"line":30,"column":18},"end":{"line":30,"column":19}},"loc":{"start":{"line":30,"column":46},"end":{"line":35,"column":8}}}},"branchMap":{},"s":{"0":1,"1":1,"2":1,"3":1,"4":1,"5":1,"6":1,"7":1,"8":1,"9":1,"10":1,"11":1,"12":1,"13":1,"14":1,"15":1,"16":1,"17":1,"18":1,"19":1,"20":1,"21":1,"22":0},"f":{"0":0},"b":{}}
,"/Users/catalinavivern/Documents/ITBA/IngeSoft1/Inge1/api/src/app.service.ts": {"path":"/Users/catalinavivern/Documents/ITBA/IngeSoft1/Inge1/api/src/app.service.ts","statementMap":{"0":{"start":{"line":1,"column":0},"end":{"line":1,"column":44}},"1":{"start":{"line":4,"column":7},"end":{"line":8,"column":null}},"2":{"start":{"line":6,"column":4},"end":{"line":6,"column":26}},"3":{"start":{"line":4,"column":13},"end":{"line":4,"column":23}},"4":{"start":{"line":4,"column":13},"end":{"line":8,"column":null}}},"fnMap":{"0":{"name":"(anonymous_1)","decl":{"start":{"line":5,"column":2},"end":{"line":5,"column":10}},"loc":{"start":{"line":5,"column":10},"end":{"line":7,"column":3}}}},"branchMap":{},"s":{"0":1,"1":1,"2":1,"3":1,"4":1},"f":{"0":1},"b":{}}
,"/Users/catalinavivern/Documents/ITBA/IngeSoft1/Inge1/api/src/main.ts": {"path":"/Users/catalinavivern/Documents/ITBA/IngeSoft1/Inge1/api/src/main.ts","statementMap":{"0":{"start":{"line":1,"column":0},"end":{"line":1,"column":43}},"1":{"start":{"line":3,"column":0},"end":{"line":3,"column":55}},"2":{"start":{"line":5,"column":0},"end":{"line":5,"column":28}},"3":{"start":{"line":6,"column":0},"end":{"line":6,"column":36}},"4":{"start":{"line":7,"column":0},"end":{"line":7,"column":41}},"5":{"start":{"line":11,"column":4},"end":{"line":14,"column":7}},"6":{"start":{"line":19,"column":14},"end":{"line":19,"column":73}},"7":{"start":{"line":20,"column":22},"end":{"line":20,"column":42}},"8":{"start":{"line":23,"column":22},"end":{"line":23,"column":52}},"9":{"start":{"line":25,"column":2},"end":{"line":39,"column":5}},"10":{"start":{"line":26,"column":23},"end":{"line":26,"column":71}},"11":{"start":{"line":27,"column":23},"end":{"line":27,"column":61}},"12":{"start":{"line":28,"column":18},"end":{"line":28,"column":86}},"13":{"start":{"line":29,"column":4},"end":{"line":32,"column":5}},"14":{"start":{"line":30,"column":6},"end":{"line":30,"column":67}},"15":{"start":{"line":31,"column":6},"end":{"line":31,"column":13}},"16":{"start":{"line":33,"column":4},"end":{"line":38,"column":5}},"17":{"start":{"line":34,"column":6},"end":{"line":34,"column":54}},"18":{"start":{"line":35,"column":6},"end":{"line":35,"column":13}},"19":{"start":{"line":37,"column":6},"end":{"line":37,"column":57}},"20":{"start":{"line":40,"column":2},"end":{"line":40,"column":59}},"21":{"start":{"line":42,"column":2},"end":{"line":42,"column":46}},"22":{"start":{"line":44,"column":2},"end":{"line":47,"column":5}},"23":{"start":{"line":50,"column":2},"end":{"line":52,"column":4}},"24":{"start":{"line":51,"column":4},"end":{"line":51,"column":30}},"25":{"start":{"line":54,"column":2},"end":{"line":54,"column":45}},"26":{"start":{"line":56,"column":0},"end":{"line":56,"column":12}}},"fnMap":{"0":{"name":"(anonymous_9)","decl":{"start":{"line":10,"column":2},"end":{"line":10,"column":16}},"loc":{"start":{"line":10,"column":54},"end":{"line":15,"column":3}}},"1":{"name":"bootstrap","decl":{"start":{"line":18,"column":15},"end":{"line":18,"column":24}},"loc":{"start":{"line":18,"column":24},"end":{"line":55,"column":1}}},"2":{"name":"(anonymous_11)","decl":{"start":{"line":25,"column":36},"end":{"line":25,"column":37}},"loc":{"start":{"line":25,"column":77},"end":{"line":39,"column":3}}},"3":{"name":"(anonymous_12)","decl":{"start":{"line":50,"column":29},"end":{"line":50,"column":30}},"loc":{"start":{"line":51,"column":4},"end":{"line":51,"column":30}}}},"branchMap":{"0":{"loc":{"start":{"line":28,"column":18},"end":{"line":28,"column":86}},"type":"cond-expr","locations":[{"start":{"line":28,"column":54},"end":{"line":28,"column":73}},{"start":{"line":28,"column":76},"end":{"line":28,"column":86}}]},"1":{"loc":{"start":{"line":29,"column":4},"end":{"line":32,"column":5}},"type":"if","locations":[{"start":{"line":29,"column":4},"end":{"line":32,"column":5}},{"start":{},"end":{}}]},"2":{"loc":{"start":{"line":34,"column":24},"end":{"line":34,"column":52}},"type":"binary-expr","locations":[{"start":{"line":34,"column":24},"end":{"line":34,"column":46}},{"start":{"line":34,"column":50},"end":{"line":34,"column":52}}]},"3":{"loc":{"start":{"line":45,"column":12},"end":{"line":45,"column":63}},"type":"binary-expr","locations":[{"start":{"line":45,"column":12},"end":{"line":45,"column":36}},{"start":{"line":45,"column":40},"end":{"line":45,"column":63}}]},"4":{"loc":{"start":{"line":54,"column":19},"end":{"line":54,"column":43}},"type":"binary-expr","locations":[{"start":{"line":54,"column":19},"end":{"line":54,"column":35}},{"start":{"line":54,"column":39},"end":{"line":54,"column":43}}]}},"s":{"0":0,"1":0,"2":0,"3":0,"4":0,"5":0,"6":0,"7":0,"8":0,"9":0,"10":0,"11":0,"12":0,"13":0,"14":0,"15":0,"16":0,"17":0,"18":0,"19":0,"20":0,"21":0,"22":0,"23":0,"24":0,"25":0,"26":0},"f":{"0":0,"1":0,"2":0,"3":0},"b":{"0":[0,0],"1":[0,0],"2":[0,0],"3":[0,0],"4":[0,0]}}
,"/Users/catalinavivern/Documents/ITBA/IngeSoft1/Inge1/api/src/types.d.ts": {"path":"/Users/catalinavivern/Documents/ITBA/IngeSoft1/Inge1/api/src/types.d.ts","statementMap":{},"fnMap":{},"branchMap":{},"s":{},"f":{},"b":{}}
,"/Users/catalinavivern/Documents/ITBA/IngeSoft1/Inge1/api/src/admin/admin.controller.ts": {"path":"/Users/catalinavivern/Documents/ITBA/IngeSoft1/Inge1/api/src/admin/admin.controller.ts","statementMap":{"0":{"start":{"line":1,"column":0},"end":{"line":1,"column":null}},"1":{"start":{"line":11,"column":0},"end":{"line":11,"column":54}},"2":{"start":{"line":12,"column":0},"end":{"line":12,"column":47}},"3":{"start":{"line":18,"column":7},"end":{"line":55,"column":null}},"4":{"start":{"line":19,"column":22},"end":{"line":19,"column":36}},"5":{"start":{"line":28,"column":4},"end":{"line":32,"column":6}},"6":{"start":{"line":42,"column":4},"end":{"line":42,"column":85}},"7":{"start":{"line":50,"column":4},"end":{"line":53,"column":6}},"8":{"start":{"line":18,"column":13},"end":{"line":18,"column":28}},"9":{"start":{"line":22,"column":2},"end":{"line":33,"column":null}},"10":{"start":{"line":36,"column":2},"end":{"line":43,"column":null}},"11":{"start":{"line":46,"column":2},"end":{"line":54,"column":null}},"12":{"start":{"line":18,"column":13},"end":{"line":55,"column":null}}},"fnMap":{"0":{"name":"(anonymous_4)","decl":{"start":{"line":19,"column":2},"end":{"line":19,"column":22}},"loc":{"start":{"line":19,"column":48},"end":{"line":19,"column":52}}},"1":{"name":"(anonymous_5)","decl":{"start":{"line":22,"column":2},"end":{"line":22,"column":11}},"loc":{"start":{"line":26,"column":36},"end":{"line":33,"column":3}}},"2":{"name":"(anonymous_6)","decl":{"start":{"line":36,"column":2},"end":{"line":36,"column":18}},"loc":{"start":{"line":40,"column":35},"end":{"line":43,"column":3}}},"3":{"name":"(anonymous_7)","decl":{"start":{"line":46,"column":2},"end":{"line":46,"column":13}},"loc":{"start":{"line":48,"column":34},"end":{"line":54,"column":3}}}},"branchMap":{"0":{"loc":{"start":{"line":29,"column":6},"end":{"line":29,"column":31}},"type":"cond-expr","locations":[{"start":{"line":29,"column":13},"end":{"line":29,"column":27}},{"start":{"line":29,"column":30},"end":{"line":29,"column":31}}]},"1":{"loc":{"start":{"line":30,"column":6},"end":{"line":30,"column":34}},"type":"cond-expr","locations":[{"start":{"line":30,"column":14},"end":{"line":30,"column":29}},{"start":{"line":30,"column":32},"end":{"line":30,"column":34}}]},"2":{"loc":{"start":{"line":51,"column":6},"end":{"line":51,"column":31}},"type":"cond-expr","locations":[{"start":{"line":51,"column":13},"end":{"line":51,"column":27}},{"start":{"line":51,"column":30},"end":{"line":51,"column":31}}]},"3":{"loc":{"start":{"line":52,"column":6},"end":{"line":52,"column":34}},"type":"cond-expr","locations":[{"start":{"line":52,"column":14},"end":{"line":52,"column":29}},{"start":{"line":52,"column":32},"end":{"line":52,"column":34}}]},"4":{"loc":{"start":{"line":19,"column":36},"end":{"line":19,"column":51}},"type":"cond-expr","locations":[{"start":{"line":19,"column":48},"end":{"line":19,"column":51}},{"start":{"line":19,"column":48},"end":{"line":19,"column":51}}]},"5":{"loc":{"start":{"line":19,"column":36},"end":{"line":19,"column":48}},"type":"binary-expr","locations":[{"start":{"line":19,"column":36},"end":{"line":19,"column":51}},{"start":{"line":19,"column":36},"end":{"line":19,"column":48}}]}},"s":{"0":1,"1":1,"2":1,"3":1,"4":0,"5":0,"6":0,"7":0,"8":1,"9":1,"10":1,"11":1,"12":1},"f":{"0":0,"1":0,"2":0,"3":0},"b":{"0":[0,0],"1":[0,0],"2":[0,0],"3":[0,0],"4":[1,0],"5":[1,1]}}
,"/Users/catalinavivern/Documents/ITBA/IngeSoft1/Inge1/api/src/admin/admin.module.ts": {"path":"/Users/catalinavivern/Documents/ITBA/IngeSoft1/Inge1/api/src/admin/admin.module.ts","statementMap":{"0":{"start":{"line":1,"column":0},"end":{"line":1,"column":40}},"1":{"start":{"line":2,"column":0},"end":{"line":2,"column":48}},"2":{"start":{"line":3,"column":0},"end":{"line":3,"column":47}},"3":{"start":{"line":4,"column":0},"end":{"line":4,"column":56}},"4":{"start":{"line":5,"column":0},"end":{"line":5,"column":53}},"5":{"start":{"line":6,"column":0},"end":{"line":6,"column":47}},"6":{"start":{"line":13,"column":7},"end":{"line":13,"column":null}},"7":{"start":{"line":13,"column":13},"end":{"line":13,"column":24}},"8":{"start":{"line":13,"column":13},"end":{"line":13,"column":null}}},"fnMap":{},"branchMap":{},"s":{"0":1,"1":1,"2":1,"3":1,"4":1,"5":1,"6":1,"7":1,"8":1},"f":{},"b":{}}
,"/Users/catalinavivern/Documents/ITBA/IngeSoft1/Inge1/api/src/admin/admin.service.ts": {"path":"/Users/catalinavivern/Documents/ITBA/IngeSoft1/Inge1/api/src/admin/admin.service.ts","statementMap":{"0":{"start":{"line":1,"column":0},"end":{"line":1,"column":104}},"1":{"start":{"line":2,"column":0},"end":{"line":2,"column":51}},"2":{"start":{"line":3,"column":0},"end":{"line":3,"column":37}},"3":{"start":{"line":4,"column":0},"end":{"line":4,"column":47}},"4":{"start":{"line":5,"column":0},"end":{"line":5,"column":56}},"5":{"start":{"line":7,"column":22},"end":{"line":7,"column":71}},"6":{"start":{"line":10,"column":81},"end":{"line":15,"column":2}},"7":{"start":{"line":18,"column":7},"end":{"line":79,"column":null}},"8":{"start":{"line":20,"column":39},"end":{"line":20,"column":50}},"9":{"start":{"line":21,"column":40},"end":{"line":21,"column":51}},"10":{"start":{"line":25,"column":15},"end":{"line":30,"column":18}},"11":{"start":{"line":32,"column":4},"end":{"line":34,"column":5}},"12":{"start":{"line":33,"column":6},"end":{"line":33,"column":76}},"13":{"start":{"line":36,"column":27},"end":{"line":36,"column":53}},"14":{"start":{"line":37,"column":4},"end":{"line":37,"column":41}},"15":{"start":{"line":41,"column":4},"end":{"line":43,"column":5}},"16":{"start":{"line":42,"column":6},"end":{"line":42,"column":90}},"17":{"start":{"line":45,"column":28},"end":{"line":48,"column":6}},"18":{"start":{"line":50,"column":4},"end":{"line":50,"column":73}},"19":{"start":{"line":50,"column":42},"end":{"line":50,"column":73}},"20":{"start":{"line":51,"column":4},"end":{"line":51,"column":71}},"21":{"start":{"line":51,"column":17},"end":{"line":51,"column":71}},"22":{"start":{"line":52,"column":4},"end":{"line":52,"column":109}},"23":{"start":{"line":52,"column":33},"end":{"line":52,"column":109}},"24":{"start":{"line":54,"column":22},"end":{"line":54,"column":61}},"25":{"start":{"line":55,"column":4},"end":{"line":55,"column":81}},"26":{"start":{"line":57,"column":4},"end":{"line":66,"column":6}},"27":{"start":{"line":68,"column":4},"end":{"line":68,"column":55}},"28":{"start":{"line":72,"column":26},"end":{"line":76,"column":6}},"29":{"start":{"line":77,"column":4},"end":{"line":77,"column":40}},"30":{"start":{"line":18,"column":13},"end":{"line":18,"column":25}},"31":{"start":{"line":18,"column":13},"end":{"line":79,"column":null}}},"fnMap":{"0":{"name":"(anonymous_4)","decl":{"start":{"line":19,"column":2},"end":{"line":19,"column":null}},"loc":{"start":{"line":21,"column":71},"end":{"line":22,"column":6}}},"1":{"name":"(anonymous_5)","decl":{"start":{"line":24,"column":2},"end":{"line":24,"column":7}},"loc":{"start":{"line":24,"column":55},"end":{"line":38,"column":3}}},"2":{"name":"(anonymous_6)","decl":{"start":{"line":40,"column":2},"end":{"line":40,"column":7}},"loc":{"start":{"line":40,"column":91},"end":{"line":69,"column":3}}},"3":{"name":"(anonymous_7)","decl":{"start":{"line":71,"column":2},"end":{"line":71,"column":7}},"loc":{"start":{"line":71,"column":40},"end":{"line":78,"column":3}}}},"branchMap":{"0":{"loc":{"start":{"line":24,"column":18},"end":{"line":24,"column":26}},"type":"default-arg","locations":[{"start":{"line":24,"column":25},"end":{"line":24,"column":26}}]},"1":{"loc":{"start":{"line":24,"column":28},"end":{"line":24,"column":38}},"type":"default-arg","locations":[{"start":{"line":24,"column":36},"end":{"line":24,"column":38}}]},"2":{"loc":{"start":{"line":32,"column":4},"end":{"line":34,"column":5}},"type":"if","locations":[{"start":{"line":32,"column":4},"end":{"line":34,"column":5}},{"start":{},"end":{}}]},"3":{"loc":{"start":{"line":41,"column":4},"end":{"line":43,"column":5}},"type":"if","locations":[{"start":{"line":41,"column":4},"end":{"line":43,"column":5}},{"start":{},"end":{}}]},"4":{"loc":{"start":{"line":50,"column":4},"end":{"line":50,"column":73}},"type":"if","locations":[{"start":{"line":50,"column":4},"end":{"line":50,"column":73}},{"start":{},"end":{}}]},"5":{"loc":{"start":{"line":50,"column":8},"end":{"line":50,"column":40}},"type":"binary-expr","locations":[{"start":{"line":50,"column":8},"end":{"line":50,"column":14}},{"start":{"line":50,"column":18},"end":{"line":50,"column":40}}]},"6":{"loc":{"start":{"line":51,"column":4},"end":{"line":51,"column":71}},"type":"if","locations":[{"start":{"line":51,"column":4},"end":{"line":51,"column":71}},{"start":{},"end":{}}]},"7":{"loc":{"start":{"line":52,"column":4},"end":{"line":52,"column":109}},"type":"if","locations":[{"start":{"line":52,"column":4},"end":{"line":52,"column":109}},{"start":{},"end":{}}]},"8":{"loc":{"start":{"line":64,"column":16},"end":{"line":64,"column":30}},"type":"binary-expr","locations":[{"start":{"line":64,"column":16},"end":{"line":64,"column":22}},{"start":{"line":64,"column":26},"end":{"line":64,"column":30}}]},"9":{"loc":{"start":{"line":71,"column":20},"end":{"line":71,"column":28}},"type":"default-arg","locations":[{"start":{"line":71,"column":27},"end":{"line":71,"column":28}}]},"10":{"loc":{"start":{"line":71,"column":30},"end":{"line":71,"column":40}},"type":"default-arg","locations":[{"start":{"line":71,"column":38},"end":{"line":71,"column":40}}]},"11":{"loc":{"start":{"line":20,"column":50},"end":{"line":20,"column":66}},"type":"cond-expr","locations":[{"start":{"line":20,"column":60},"end":{"line":20,"column":66}},{"start":{"line":20,"column":60},"end":{"line":20,"column":66}}]},"12":{"loc":{"start":{"line":20,"column":50},"end":{"line":20,"column":60}},"type":"binary-expr","locations":[{"start":{"line":20,"column":50},"end":{"line":20,"column":66}},{"start":{"line":20,"column":50},"end":{"line":20,"column":60}}]},"13":{"loc":{"start":{"line":20,"column":60},"end":{"line":21,"column":71}},"type":"cond-expr","locations":[{"start":{"line":21,"column":61},"end":{"line":21,"column":71}},{"start":{"line":21,"column":61},"end":{"line":21,"column":71}}]},"14":{"loc":{"start":{"line":20,"column":60},"end":{"line":21,"column":61}},"type":"binary-expr","locations":[{"start":{"line":20,"column":60},"end":{"line":21,"column":71}},{"start":{"line":21,"column":51},"end":{"line":21,"column":61}}]}},"s":{"0":1,"1":1,"2":1,"3":1,"4":1,"5":1,"6":1,"7":1,"8":0,"9":0,"10":0,"11":0,"12":0,"13":0,"14":0,"15":0,"16":0,"17":0,"18":0,"19":0,"20":0,"21":0,"22":0,"23":0,"24":0,"25":0,"26":0,"27":0,"28":0,"29":0,"30":1,"31":1},"f":{"0":0,"1":0,"2":0,"3":0},"b":{"0":[0],"1":[0],"2":[0,0],"3":[0,0],"4":[0,0],"5":[0,0],"6":[0,0],"7":[0,0],"8":[0,0],"9":[0],"10":[0],"11":[1,0],"12":[1,1],"13":[1,0],"14":[1,1]}}
,"/Users/catalinavivern/Documents/ITBA/IngeSoft1/Inge1/api/src/alerts/alerts.controller.ts": {"path":"/Users/catalinavivern/Documents/ITBA/IngeSoft1/Inge1/api/src/alerts/alerts.controller.ts","statementMap":{"0":{"start":{"line":1,"column":0},"end":{"line":1,"column":103}},"1":{"start":{"line":2,"column":0},"end":{"line":2,"column":54}},"2":{"start":{"line":3,"column":0},"end":{"line":3,"column":49}},"3":{"start":{"line":9,"column":7},"end":{"line":45,"column":null}},"4":{"start":{"line":10,"column":22},"end":{"line":10,"column":37}},"5":{"start":{"line":16,"column":4},"end":{"line":16,"column":57}},"6":{"start":{"line":21,"column":4},"end":{"line":21,"column":61}},"7":{"start":{"line":26,"column":4},"end":{"line":26,"column":59}},"8":{"start":{"line":33,"column":4},"end":{"line":33,"column":60}},"9":{"start":{"line":38,"column":4},"end":{"line":38,"column":58}},"10":{"start":{"line":43,"column":4},"end":{"line":43,"column":55}},"11":{"start":{"line":9,"column":13},"end":{"line":9,"column":29}},"12":{"start":{"line":15,"column":2},"end":{"line":17,"column":null}},"13":{"start":{"line":20,"column":2},"end":{"line":22,"column":null}},"14":{"start":{"line":25,"column":2},"end":{"line":27,"column":null}},"15":{"start":{"line":32,"column":2},"end":{"line":34,"column":null}},"16":{"start":{"line":37,"column":2},"end":{"line":39,"column":null}},"17":{"start":{"line":42,"column":2},"end":{"line":44,"column":null}},"18":{"start":{"line":9,"column":13},"end":{"line":45,"column":null}}},"fnMap":{"0":{"name":"(anonymous_4)","decl":{"start":{"line":10,"column":2},"end":{"line":10,"column":22}},"loc":{"start":{"line":10,"column":50},"end":{"line":10,"column":54}}},"1":{"name":"(anonymous_5)","decl":{"start":{"line":15,"column":2},"end":{"line":15,"column":15}},"loc":{"start":{"line":15,"column":39},"end":{"line":17,"column":3}}},"2":{"name":"(anonymous_6)","decl":{"start":{"line":20,"column":2},"end":{"line":20,"column":13}},"loc":{"start":{"line":20,"column":51},"end":{"line":22,"column":3}}},"3":{"name":"(anonymous_7)","decl":{"start":{"line":25,"column":2},"end":{"line":25,"column":13}},"loc":{"start":{"line":25,"column":62},"end":{"line":27,"column":3}}},"4":{"name":"(anonymous_8)","decl":{"start":{"line":32,"column":2},"end":{"line":32,"column":18}},"loc":{"start":{"line":32,"column":42},"end":{"line":34,"column":3}}},"5":{"name":"(anonymous_9)","decl":{"start":{"line":37,"column":2},"end":{"line":37,"column":16}},"loc":{"start":{"line":37,"column":40},"end":{"line":39,"column":3}}},"6":{"name":"(anonymous_10)","decl":{"start":{"line":42,"column":2},"end":{"line":42,"column":13}},"loc":{"start":{"line":42,"column":37},"end":{"line":44,"column":3}}}},"branchMap":{"0":{"loc":{"start":{"line":10,"column":37},"end":{"line":10,"column":53}},"type":"cond-expr","locations":[{"start":{"line":10,"column":50},"end":{"line":10,"column":53}},{"start":{"line":10,"column":50},"end":{"line":10,"column":53}}]},"1":{"loc":{"start":{"line":10,"column":37},"end":{"line":10,"column":50}},"type":"binary-expr","locations":[{"start":{"line":10,"column":37},"end":{"line":10,"column":53}},{"start":{"line":10,"column":37},"end":{"line":10,"column":50}}]}},"s":{"0":1,"1":1,"2":1,"3":1,"4":0,"5":0,"6":0,"7":0,"8":0,"9":0,"10":0,"11":1,"12":1,"13":1,"14":1,"15":1,"16":1,"17":1,"18":1},"f":{"0":0,"1":0,"2":0,"3":0,"4":0,"5":0,"6":0},"b":{"0":[1,0],"1":[1,1]}}
,"/Users/catalinavivern/Documents/ITBA/IngeSoft1/Inge1/api/src/alerts/alerts.module.ts": {"path":"/Users/catalinavivern/Documents/ITBA/IngeSoft1/Inge1/api/src/alerts/alerts.module.ts","statementMap":{"0":{"start":{"line":1,"column":0},"end":{"line":1,"column":40}},"1":{"start":{"line":2,"column":0},"end":{"line":2,"column":48}},"2":{"start":{"line":3,"column":0},"end":{"line":3,"column":58}},"3":{"start":{"line":4,"column":0},"end":{"line":4,"column":63}},"4":{"start":{"line":5,"column":0},"end":{"line":5,"column":55}},"5":{"start":{"line":6,"column":0},"end":{"line":6,"column":49}},"6":{"start":{"line":14,"column":7},"end":{"line":14,"column":null}},"7":{"start":{"line":14,"column":13},"end":{"line":14,"column":25}},"8":{"start":{"line":14,"column":13},"end":{"line":14,"column":null}}},"fnMap":{},"branchMap":{},"s":{"0":1,"1":1,"2":1,"3":1,"4":1,"5":1,"6":1,"7":1,"8":1},"f":{},"b":{}}
,"/Users/catalinavivern/Documents/ITBA/IngeSoft1/Inge1/api/src/alerts/alerts.service.ts": {"path":"/Users/catalinavivern/Documents/ITBA/IngeSoft1/Inge1/api/src/alerts/alerts.service.ts","statementMap":{"0":{"start":{"line":1,"column":0},"end":{"line":1,"column":83}},"1":{"start":{"line":2,"column":0},"end":{"line":2,"column":51}},"2":{"start":{"line":3,"column":0},"end":{"line":3,"column":37}},"3":{"start":{"line":4,"column":0},"end":{"line":4,"column":58}},"4":{"start":{"line":5,"column":0},"end":{"line":5,"column":63}},"5":{"start":{"line":9,"column":7},"end":{"line":138,"column":null}},"6":{"start":{"line":11,"column":41},"end":{"line":11,"column":53}},"7":{"start":{"line":12,"column":44},"end":{"line":12,"column":55}},"8":{"start":{"line":16,"column":4},"end":{"line":19,"column":7}},"9":{"start":{"line":33,"column":28},"end":{"line":33,"column":30}},"10":{"start":{"line":34,"column":4},"end":{"line":34,"column":73}},"11":{"start":{"line":34,"column":34},"end":{"line":34,"column":73}},"12":{"start":{"line":35,"column":4},"end":{"line":35,"column":66}},"13":{"start":{"line":35,"column":26},"end":{"line":35,"column":66}},"14":{"start":{"line":36,"column":4},"end":{"line":36,"column":62}},"15":{"start":{"line":36,"column":24},"end":{"line":36,"column":62}},"16":{"start":{"line":37,"column":17},"end":{"line":37,"column":68}},"17":{"start":{"line":39,"column":18},"end":{"line":48,"column":6}},"18":{"start":{"line":49,"column":4},"end":{"line":49,"column":39}},"19":{"start":{"line":53,"column":18},"end":{"line":53,"column":75}},"20":{"start":{"line":54,"column":4},"end":{"line":54,"column":69}},"21":{"start":{"line":54,"column":16},"end":{"line":54,"column":69}},"22":{"start":{"line":55,"column":4},"end":{"line":55,"column":65}},"23":{"start":{"line":55,"column":34},"end":{"line":55,"column":65}},"24":{"start":{"line":56,"column":4},"end":{"line":56,"column":50}},"25":{"start":{"line":57,"column":4},"end":{"line":57,"column":24}},"26":{"start":{"line":61,"column":4},"end":{"line":65,"column":7}},"27":{"start":{"line":69,"column":18},"end":{"line":71,"column":6}},"28":{"start":{"line":72,"column":4},"end":{"line":72,"column":21}},"29":{"start":{"line":76,"column":4},"end":{"line":76,"column":88}},"30":{"start":{"line":77,"column":4},"end":{"line":77,"column":24}},"31":{"start":{"line":82,"column":4},"end":{"line":136,"column":5}},"32":{"start":{"line":83,"column":17},"end":{"line":83,"column":69}},"33":{"start":{"line":85,"column":6},"end":{"line":90,"column":7}},"34":{"start":{"line":86,"column":8},"end":{"line":89,"column":10}},"35":{"start":{"line":91,"column":6},"end":{"line":96,"column":7}},"36":{"start":{"line":92,"column":8},"end":{"line":95,"column":10}},"37":{"start":{"line":97,"column":6},"end":{"line":102,"column":7}},"38":{"start":{"line":98,"column":8},"end":{"line":101,"column":10}},"39":{"start":{"line":103,"column":6},"end":{"line":108,"column":7}},"40":{"start":{"line":104,"column":8},"end":{"line":107,"column":10}},"41":{"start":{"line":109,"column":6},"end":{"line":112,"column":7}},"42":{"start":{"line":110,"column":8},"end":{"line":110,"column":98}},"43":{"start":{"line":111,"column":8},"end":{"line":111,"column":100}},"44":{"start":{"line":114,"column":22},"end":{"line":114,"column":40}},"45":{"start":{"line":115,"column":6},"end":{"line":115,"column":34}},"46":{"start":{"line":115,"column":27},"end":{"line":115,"column":34}},"47":{"start":{"line":117,"column":19},"end":{"line":119,"column":20}},"48":{"start":{"line":120,"column":23},"end":{"line":122,"column":12}},"49":{"start":{"line":124,"column":28},"end":{"line":131,"column":null}},"50":{"start":{"line":125,"column":8},"end":{"line":131,"column":10}},"51":{"start":{"line":133,"column":6},"end":{"line":133,"column":47}},"52":{"start":{"line":9,"column":13},"end":{"line":9,"column":26}},"53":{"start":{"line":9,"column":13},"end":{"line":138,"column":null}}},"fnMap":{"0":{"name":"(anonymous_4)","decl":{"start":{"line":10,"column":2},"end":{"line":10,"column":null}},"loc":{"start":{"line":12,"column":79},"end":{"line":13,"column":6}}},"1":{"name":"(anonymous_5)","decl":{"start":{"line":15,"column":2},"end":{"line":15,"column":7}},"loc":{"start":{"line":15,"column":36},"end":{"line":20,"column":3}}},"2":{"name":"(anonymous_6)","decl":{"start":{"line":22,"column":2},"end":{"line":22,"column":7}},"loc":{"start":{"line":31,"column":5},"end":{"line":50,"column":3}}},"3":{"name":"(anonymous_7)","decl":{"start":{"line":52,"column":2},"end":{"line":52,"column":7}},"loc":{"start":{"line":52,"column":51},"end":{"line":58,"column":3}}},"4":{"name":"(anonymous_8)","decl":{"start":{"line":60,"column":2},"end":{"line":60,"column":7}},"loc":{"start":{"line":60,"column":39},"end":{"line":66,"column":3}}},"5":{"name":"(anonymous_9)","decl":{"start":{"line":68,"column":2},"end":{"line":68,"column":7}},"loc":{"start":{"line":68,"column":37},"end":{"line":73,"column":3}}},"6":{"name":"(anonymous_10)","decl":{"start":{"line":75,"column":2},"end":{"line":75,"column":7}},"loc":{"start":{"line":75,"column":34},"end":{"line":78,"column":3}}},"7":{"name":"(anonymous_11)","decl":{"start":{"line":81,"column":2},"end":{"line":81,"column":7}},"loc":{"start":{"line":81,"column":33},"end":{"line":137,"column":3}}},"8":{"name":"(anonymous_12)","decl":{"start":{"line":124,"column":40},"end":{"line":124,"column":41}},"loc":{"start":{"line":125,"column":8},"end":{"line":131,"column":10}}}},"branchMap":{"0":{"loc":{"start":{"line":34,"column":4},"end":{"line":34,"column":73}},"type":"if","locations":[{"start":{"line":34,"column":4},"end":{"line":34,"column":73}},{"start":{},"end":{}}]},"1":{"loc":{"start":{"line":35,"column":4},"end":{"line":35,"column":66}},"type":"if","locations":[{"start":{"line":35,"column":4},"end":{"line":35,"column":66}},{"start":{},"end":{}}]},"2":{"loc":{"start":{"line":36,"column":4},"end":{"line":36,"column":62}},"type":"if","locations":[{"start":{"line":36,"column":4},"end":{"line":36,"column":62}},{"start":{},"end":{}}]},"3":{"loc":{"start":{"line":37,"column":17},"end":{"line":37,"column":68}},"type":"cond-expr","locations":[{"start":{"line":37,"column":32},"end":{"line":37,"column":49}},{"start":{"line":37,"column":52},"end":{"line":37,"column":68}}]},"4":{"loc":{"start":{"line":42,"column":19},"end":{"line":42,"column":79}},"type":"cond-expr","locations":[{"start":{"line":42,"column":46},"end":{"line":42,"column":72}},{"start":{"line":42,"column":75},"end":{"line":42,"column":79}}]},"5":{"loc":{"start":{"line":43,"column":19},"end":{"line":43,"column":79}},"type":"cond-expr","locations":[{"start":{"line":43,"column":46},"end":{"line":43,"column":72}},{"start":{"line":43,"column":75},"end":{"line":43,"column":79}}]},"6":{"loc":{"start":{"line":44,"column":19},"end":{"line":44,"column":43}},"type":"binary-expr","locations":[{"start":{"line":44,"column":19},"end":{"line":44,"column":35}},{"start":{"line":44,"column":39},"end":{"line":44,"column":43}}]},"7":{"loc":{"start":{"line":45,"column":17},"end":{"line":45,"column":39}},"type":"binary-expr","locations":[{"start":{"line":45,"column":17},"end":{"line":45,"column":31}},{"start":{"line":45,"column":35},"end":{"line":45,"column":39}}]},"8":{"loc":{"start":{"line":46,"column":17},"end":{"line":46,"column":39}},"type":"binary-expr","locations":[{"start":{"line":46,"column":17},"end":{"line":46,"column":31}},{"start":{"line":46,"column":35},"end":{"line":46,"column":39}}]},"9":{"loc":{"start":{"line":47,"column":17},"end":{"line":47,"column":39}},"type":"binary-expr","locations":[{"start":{"line":47,"column":17},"end":{"line":47,"column":31}},{"start":{"line":47,"column":35},"end":{"line":47,"column":39}}]},"10":{"loc":{"start":{"line":54,"column":4},"end":{"line":54,"column":69}},"type":"if","locations":[{"start":{"line":54,"column":4},"end":{"line":54,"column":69}},{"start":{},"end":{}}]},"11":{"loc":{"start":{"line":55,"column":4},"end":{"line":55,"column":65}},"type":"if","locations":[{"start":{"line":55,"column":4},"end":{"line":55,"column":65}},{"start":{},"end":{}}]},"12":{"loc":{"start":{"line":85,"column":6},"end":{"line":90,"column":7}},"type":"if","locations":[{"start":{"line":85,"column":6},"end":{"line":90,"column":7}},{"start":{},"end":{}}]},"13":{"loc":{"start":{"line":91,"column":6},"end":{"line":96,"column":7}},"type":"if","locations":[{"start":{"line":91,"column":6},"end":{"line":96,"column":7}},{"start":{},"end":{}}]},"14":{"loc":{"start":{"line":97,"column":6},"end":{"line":102,"column":7}},"type":"if","locations":[{"start":{"line":97,"column":6},"end":{"line":102,"column":7}},{"start":{},"end":{}}]},"15":{"loc":{"start":{"line":103,"column":6},"end":{"line":108,"column":7}},"type":"if","locations":[{"start":{"line":103,"column":6},"end":{"line":108,"column":7}},{"start":{},"end":{}}]},"16":{"loc":{"start":{"line":109,"column":6},"end":{"line":112,"column":7}},"type":"if","locations":[{"start":{"line":109,"column":6},"end":{"line":112,"column":7}},{"start":{},"end":{}}]},"17":{"loc":{"start":{"line":115,"column":6},"end":{"line":115,"column":34}},"type":"if","locations":[{"start":{"line":115,"column":6},"end":{"line":115,"column":34}},{"start":{},"end":{}}]},"18":{"loc":{"start":{"line":120,"column":23},"end":{"line":122,"column":12}},"type":"cond-expr","locations":[{"start":{"line":121,"column":10},"end":{"line":121,"column":66}},{"start":{"line":122,"column":10},"end":{"line":122,"column":12}}]},"19":{"loc":{"start":{"line":11,"column":53},"end":{"line":11,"column":74}},"type":"cond-expr","locations":[{"start":{"line":11,"column":63},"end":{"line":11,"column":74}},{"start":{"line":11,"column":63},"end":{"line":11,"column":74}}]},"20":{"loc":{"start":{"line":11,"column":53},"end":{"line":11,"column":63}},"type":"binary-expr","locations":[{"start":{"line":11,"column":53},"end":{"line":11,"column":74}},{"start":{"line":11,"column":53},"end":{"line":11,"column":63}}]},"21":{"loc":{"start":{"line":11,"column":63},"end":{"line":12,"column":79}},"type":"cond-expr","locations":[{"start":{"line":12,"column":65},"end":{"line":12,"column":79}},{"start":{"line":12,"column":65},"end":{"line":12,"column":79}}]},"22":{"loc":{"start":{"line":11,"column":63},"end":{"line":12,"column":65}},"type":"binary-expr","locations":[{"start":{"line":11,"column":63},"end":{"line":12,"column":79}},{"start":{"line":12,"column":55},"end":{"line":12,"column":65}}]}},"s":{"0":2,"1":2,"2":2,"3":2,"4":2,"5":2,"6":0,"7":0,"8":0,"9":0,"10":0,"11":0,"12":0,"13":0,"14":0,"15":0,"16":0,"17":0,"18":0,"19":0,"20":0,"21":0,"22":0,"23":0,"24":0,"25":0,"26":0,"27":0,"28":0,"29":0,"30":0,"31":0,"32":0,"33":0,"34":0,"35":0,"36":0,"37":0,"38":0,"39":0,"40":0,"41":0,"42":0,"43":0,"44":0,"45":0,"46":0,"47":0,"48":0,"49":0,"50":0,"51":0,"52":2,"53":2},"f":{"0":0,"1":0,"2":0,"3":0,"4":0,"5":0,"6":0,"7":0,"8":0},"b":{"0":[0,0],"1":[0,0],"2":[0,0],"3":[0,0],"4":[0,0],"5":[0,0],"6":[0,0],"7":[0,0],"8":[0,0],"9":[0,0],"10":[0,0],"11":[0,0],"12":[0,0],"13":[0,0],"14":[0,0],"15":[0,0],"16":[0,0],"17":[0,0],"18":[0,0],"19":[2,0],"20":[2,2],"21":[2,0],"22":[2,2]}}
,"/Users/catalinavivern/Documents/ITBA/IngeSoft1/Inge1/api/src/auth/auth.controller.ts": {"path":"/Users/catalinavivern/Documents/ITBA/IngeSoft1/Inge1/api/src/auth/auth.controller.ts","statementMap":{"0":{"start":{"line":1,"column":0},"end":{"line":1,"column":68}},"1":{"start":{"line":2,"column":0},"end":{"line":2,"column":59}},"2":{"start":{"line":3,"column":0},"end":{"line":3,"column":45}},"3":{"start":{"line":4,"column":0},"end":{"line":4,"column":49}},"4":{"start":{"line":5,"column":0},"end":{"line":5,"column":43}},"5":{"start":{"line":8,"column":7},"end":{"line":48,"column":null}},"6":{"start":{"line":9,"column":22},"end":{"line":9,"column":35}},"7":{"start":{"line":15,"column":4},"end":{"line":15,"column":42}},"8":{"start":{"line":22,"column":4},"end":{"line":22,"column":39}},"9":{"start":{"line":34,"column":14},"end":{"line":34,"column":30}},"10":{"start":{"line":35,"column":14},"end":{"line":35,"column":34}},"11":{"start":{"line":36,"column":4},"end":{"line":36,"column":45}},"12":{"start":{"line":41,"column":4},"end":{"line":41,"column":63}},"13":{"start":{"line":46,"column":4},"end":{"line":46,"column":51}},"14":{"start":{"line":8,"column":13},"end":{"line":8,"column":27}},"15":{"start":{"line":14,"column":2},"end":{"line":16,"column":null}},"16":{"start":{"line":21,"column":2},"end":{"line":23,"column":null}},"17":{"start":{"line":28,"column":2},"end":{"line":37,"column":null}},"18":{"start":{"line":40,"column":2},"end":{"line":42,"column":null}},"19":{"start":{"line":45,"column":2},"end":{"line":47,"column":null}},"20":{"start":{"line":8,"column":13},"end":{"line":48,"column":null}}},"fnMap":{"0":{"name":"(anonymous_4)","decl":{"start":{"line":9,"column":2},"end":{"line":9,"column":22}},"loc":{"start":{"line":9,"column":46},"end":{"line":9,"column":50}}},"1":{"name":"(anonymous_5)","decl":{"start":{"line":14,"column":2},"end":{"line":14,"column":10}},"loc":{"start":{"line":14,"column":35},"end":{"line":16,"column":3}}},"2":{"name":"(anonymous_6)","decl":{"start":{"line":21,"column":2},"end":{"line":21,"column":7}},"loc":{"start":{"line":21,"column":29},"end":{"line":23,"column":3}}},"3":{"name":"(anonymous_7)","decl":{"start":{"line":28,"column":2},"end":{"line":28,"column":7}},"loc":{"start":{"line":31,"column":33},"end":{"line":37,"column":3}}},"4":{"name":"(anonymous_8)","decl":{"start":{"line":40,"column":2},"end":{"line":40,"column":13}},"loc":{"start":{"line":40,"column":59},"end":{"line":42,"column":3}}},"5":{"name":"(anonymous_9)","decl":{"start":{"line":45,"column":2},"end":{"line":45,"column":12}},"loc":{"start":{"line":45,"column":44},"end":{"line":47,"column":3}}}},"branchMap":{"0":{"loc":{"start":{"line":34,"column":14},"end":{"line":34,"column":30}},"type":"binary-expr","locations":[{"start":{"line":34,"column":14},"end":{"line":34,"column":19}},{"start":{"line":34,"column":23},"end":{"line":34,"column":30}}]},"1":{"loc":{"start":{"line":35,"column":14},"end":{"line":35,"column":34}},"type":"binary-expr","locations":[{"start":{"line":35,"column":14},"end":{"line":35,"column":19}},{"start":{"line":35,"column":23},"end":{"line":35,"column":28}},{"start":{"line":35,"column":32},"end":{"line":35,"column":34}}]},"2":{"loc":{"start":{"line":14,"column":24},"end":{"line":14,"column":null}},"type":"cond-expr","locations":[{"start":{"line":14,"column":35},"end":{"line":14,"column":null}},{"start":{"line":14,"column":35},"end":{"line":14,"column":null}}]},"3":{"loc":{"start":{"line":14,"column":24},"end":{"line":14,"column":35}},"type":"binary-expr","locations":[{"start":{"line":14,"column":24},"end":{"line":14,"column":null}},{"start":{"line":14,"column":24},"end":{"line":14,"column":35}}]},"4":{"loc":{"start":{"line":21,"column":21},"end":{"line":21,"column":null}},"type":"cond-expr","locations":[{"start":{"line":21,"column":29},"end":{"line":21,"column":null}},{"start":{"line":21,"column":29},"end":{"line":21,"column":null}}]},"5":{"loc":{"start":{"line":21,"column":21},"end":{"line":21,"column":29}},"type":"binary-expr","locations":[{"start":{"line":21,"column":21},"end":{"line":21,"column":null}},{"start":{"line":21,"column":21},"end":{"line":21,"column":29}}]},"6":{"loc":{"start":{"line":9,"column":35},"end":{"line":9,"column":49}},"type":"cond-expr","locations":[{"start":{"line":9,"column":46},"end":{"line":9,"column":49}},{"start":{"line":9,"column":46},"end":{"line":9,"column":49}}]},"7":{"loc":{"start":{"line":9,"column":35},"end":{"line":9,"column":46}},"type":"binary-expr","locations":[{"start":{"line":9,"column":35},"end":{"line":9,"column":49}},{"start":{"line":9,"column":35},"end":{"line":9,"column":46}}]}},"s":{"0":1,"1":1,"2":1,"3":1,"4":1,"5":1,"6":0,"7":0,"8":0,"9":0,"10":0,"11":0,"12":0,"13":0,"14":1,"15":1,"16":1,"17":1,"18":1,"19":1,"20":1},"f":{"0":0,"1":0,"2":0,"3":0,"4":0,"5":0},"b":{"0":[0,0],"1":[0,0,0],"2":[1,0],"3":[1,1],"4":[1,0],"5":[1,1],"6":[1,0],"7":[1,1]}}
,"/Users/catalinavivern/Documents/ITBA/IngeSoft1/Inge1/api/src/auth/auth.module.ts": {"path":"/Users/catalinavivern/Documents/ITBA/IngeSoft1/Inge1/api/src/auth/auth.module.ts","statementMap":{"0":{"start":{"line":1,"column":0},"end":{"line":1,"column":40}},"1":{"start":{"line":2,"column":0},"end":{"line":2,"column":40}},"2":{"start":{"line":3,"column":0},"end":{"line":3,"column":50}},"3":{"start":{"line":4,"column":0},"end":{"line":4,"column":48}},"4":{"start":{"line":5,"column":0},"end":{"line":5,"column":61}},"5":{"start":{"line":6,"column":0},"end":{"line":6,"column":51}},"6":{"start":{"line":7,"column":0},"end":{"line":7,"column":45}},"7":{"start":{"line":8,"column":0},"end":{"line":8,"column":45}},"8":{"start":{"line":9,"column":0},"end":{"line":9,"column":58}},"9":{"start":{"line":10,"column":0},"end":{"line":10,"column":52}},"10":{"start":{"line":11,"column":0},"end":{"line":11,"column":47}},"11":{"start":{"line":12,"column":0},"end":{"line":12,"column":53}},"12":{"start":{"line":13,"column":0},"end":{"line":13,"column":74}},"13":{"start":{"line":14,"column":0},"end":{"line":14,"column":70}},"14":{"start":{"line":15,"column":0},"end":{"line":15,"column":52}},"15":{"start":{"line":40,"column":7},"end":{"line":40,"column":null}},"16":{"start":{"line":40,"column":13},"end":{"line":40,"column":23}},"17":{"start":{"line":40,"column":13},"end":{"line":40,"column":null}},"18":{"start":{"line":28,"column":46},"end":{"line":31,"column":8}}},"fnMap":{"0":{"name":"(anonymous_1)","decl":{"start":{"line":28,"column":18},"end":{"line":28,"column":19}},"loc":{"start":{"line":28,"column":46},"end":{"line":31,"column":8}}}},"branchMap":{},"s":{"0":1,"1":1,"2":1,"3":1,"4":1,"5":1,"6":1,"7":1,"8":1,"9":1,"10":1,"11":1,"12":1,"13":1,"14":1,"15":1,"16":1,"17":1,"18":0},"f":{"0":0},"b":{}}
,"/Users/catalinavivern/Documents/ITBA/IngeSoft1/Inge1/api/src/auth/auth.service.ts": {"path":"/Users/catalinavivern/Documents/ITBA/IngeSoft1/Inge1/api/src/auth/auth.service.ts","statementMap":{"0":{"start":{"line":1,"column":0},"end":{"line":1,"column":null}},"1":{"start":{"line":11,"column":0},"end":{"line":11,"column":51}},"2":{"start":{"line":12,"column":0},"end":{"line":12,"column":37}},"3":{"start":{"line":13,"column":0},"end":{"line":13,"column":41}},"4":{"start":{"line":14,"column":0},"end":{"line":14,"column":35}},"5":{"start":{"line":15,"column":0},"end":{"line":15,"column":47}},"6":{"start":{"line":16,"column":0},"end":{"line":16,"column":53}},"7":{"start":{"line":17,"column":0},"end":{"line":17,"column":74}},"8":{"start":{"line":18,"column":0},"end":{"line":18,"column":70}},"9":{"start":{"line":19,"column":0},"end":{"line":19,"column":54}},"10":{"start":{"line":27,"column":17},"end":{"line":27,"column":43}},"11":{"start":{"line":28,"column":2},"end":{"line":28,"column":45}},"12":{"start":{"line":28,"column":32},"end":{"line":28,"column":45}},"13":{"start":{"line":29,"column":19},"end":{"line":29,"column":49}},"14":{"start":{"line":30,"column":15},"end":{"line":30,"column":79}},"15":{"start":{"line":30,"column":46},"end":{"line":30,"column":75}},"16":{"start":{"line":31,"column":16},"end":{"line":31,"column":32}},"17":{"start":{"line":32,"column":2},"end":{"line":32,"column":54}},"18":{"start":{"line":32,"column":20},"end":{"line":32,"column":54}},"19":{"start":{"line":33,"column":2},"end":{"line":33,"column":33}},"20":{"start":{"line":33,"column":20},"end":{"line":33,"column":33}},"21":{"start":{"line":34,"column":2},"end":{"line":34,"column":40}},"22":{"start":{"line":39,"column":17},"end":{"line":39,"column":39}},"23":{"start":{"line":40,"column":2},"end":{"line":40,"column":46}},"24":{"start":{"line":40,"column":33},"end":{"line":40,"column":46}},"25":{"start":{"line":41,"column":14},"end":{"line":41,"column":30}},"26":{"start":{"line":42,"column":2},"end":{"line":42,"column":47}},"27":{"start":{"line":48,"column":24},"end":{"line":391,"column":null}},"28":{"start":{"line":49,"column":28},"end":{"line":49,"column":56}},"29":{"start":{"line":52,"column":36},"end":{"line":52,"column":47}},"30":{"start":{"line":53,"column":39},"end":{"line":53,"column":53}},"31":{"start":{"line":55,"column":12},"end":{"line":55,"column":31}},"32":{"start":{"line":57,"column":12},"end":{"line":57,"column":29}},"33":{"start":{"line":58,"column":12},"end":{"line":58,"column":24}},"34":{"start":{"line":59,"column":12},"end":{"line":59,"column":26}},"35":{"start":{"line":63,"column":18},"end":{"line":63,"column":48}},"36":{"start":{"line":66,"column":20},"end":{"line":66,"column":70}},"37":{"start":{"line":67,"column":4},"end":{"line":68,"column":73}},"38":{"start":{"line":68,"column":6},"end":{"line":68,"column":73}},"39":{"start":{"line":71,"column":4},"end":{"line":79,"column":5}},"40":{"start":{"line":72,"column":22},"end":{"line":74,"column":8}},"41":{"start":{"line":75,"column":6},"end":{"line":78,"column":10}},"42":{"start":{"line":76,"column":8},"end":{"line":78,"column":10}},"43":{"start":{"line":82,"column":4},"end":{"line":100,"column":5}},"44":{"start":{"line":83,"column":6},"end":{"line":87,"column":7}},"45":{"start":{"line":84,"column":8},"end":{"line":86,"column":10}},"46":{"start":{"line":89,"column":24},"end":{"line":89,"column":50}},"47":{"start":{"line":90,"column":21},"end":{"line":90,"column":71}},"48":{"start":{"line":92,"column":24},"end":{"line":94,"column":8}},"49":{"start":{"line":95,"column":6},"end":{"line":99,"column":7}},"50":{"start":{"line":96,"column":8},"end":{"line":98,"column":10}},"51":{"start":{"line":103,"column":50},"end":{"line":103,"column":54}},"52":{"start":{"line":104,"column":4},"end":{"line":131,"column":5}},"53":{"start":{"line":105,"column":6},"end":{"line":109,"column":7}},"54":{"start":{"line":106,"column":8},"end":{"line":108,"column":10}},"55":{"start":{"line":110,"column":6},"end":{"line":112,"column":9}},"56":{"start":{"line":113,"column":6},"end":{"line":114,"column":71}},"57":{"start":{"line":114,"column":8},"end":{"line":114,"column":71}},"58":{"start":{"line":115,"column":6},"end":{"line":116,"column":79}},"59":{"start":{"line":116,"column":8},"end":{"line":116,"column":79}},"60":{"start":{"line":117,"column":6},"end":{"line":124,"column":7}},"61":{"start":{"line":121,"column":8},"end":{"line":121,"column":43}},"62":{"start":{"line":122,"column":8},"end":{"line":122,"column":57}},"63":{"start":{"line":123,"column":8},"end":{"line":123,"column":73}},"64":{"start":{"line":126,"column":6},"end":{"line":130,"column":7}},"65":{"start":{"line":127,"column":8},"end":{"line":129,"column":10}},"66":{"start":{"line":134,"column":4},"end":{"line":147,"column":5}},"67":{"start":{"line":135,"column":6},"end":{"line":139,"column":7}},"68":{"start":{"line":136,"column":8},"end":{"line":138,"column":10}},"69":{"start":{"line":140,"column":21},"end":{"line":142,"column":8}},"70":{"start":{"line":143,"column":6},"end":{"line":146,"column":10}},"71":{"start":{"line":144,"column":8},"end":{"line":146,"column":10}},"72":{"start":{"line":150,"column":4},"end":{"line":154,"column":5}},"73":{"start":{"line":151,"column":6},"end":{"line":153,"column":8}},"74":{"start":{"line":156,"column":26},"end":{"line":156,"column":61}},"75":{"start":{"line":157,"column":19},"end":{"line":157,"column":69}},"76":{"start":{"line":162,"column":8},"end":{"line":171,"column":6}},"77":{"start":{"line":173,"column":4},"end":{"line":175,"column":5}},"78":{"start":{"line":174,"column":6},"end":{"line":174,"column":40}},"79":{"start":{"line":177,"column":4},"end":{"line":179,"column":5}},"80":{"start":{"line":178,"column":6},"end":{"line":178,"column":60}},"81":{"start":{"line":181,"column":17},"end":{"line":181,"column":68}},"82":{"start":{"line":182,"column":4},"end":{"line":182,"column":36}},"83":{"start":{"line":185,"column":4},"end":{"line":196,"column":5}},"84":{"start":{"line":186,"column":6},"end":{"line":186,"column":42}},"85":{"start":{"line":187,"column":6},"end":{"line":187,"column":55}},"86":{"start":{"line":189,"column":25},"end":{"line":191,"column":8}},"87":{"start":{"line":192,"column":6},"end":{"line":195,"column":7}},"88":{"start":{"line":193,"column":8},"end":{"line":193,"column":41}},"89":{"start":{"line":194,"column":8},"end":{"line":194,"column":46}},"90":{"start":{"line":198,"column":4},"end":{"line":211,"column":5}},"91":{"start":{"line":199,"column":22},"end":{"line":209,"column":8}},"92":{"start":{"line":210,"column":6},"end":{"line":210,"column":44}},"93":{"start":{"line":213,"column":4},"end":{"line":213,"column":39}},"94":{"start":{"line":214,"column":4},"end":{"line":214,"column":24}},"95":{"start":{"line":218,"column":17},"end":{"line":220,"column":6}},"96":{"start":{"line":222,"column":4},"end":{"line":222,"column":74}},"97":{"start":{"line":222,"column":15},"end":{"line":222,"column":74}},"98":{"start":{"line":224,"column":18},"end":{"line":224,"column":72}},"99":{"start":{"line":225,"column":4},"end":{"line":225,"column":75}},"100":{"start":{"line":225,"column":16},"end":{"line":225,"column":75}},"101":{"start":{"line":227,"column":4},"end":{"line":232,"column":5}},"102":{"start":{"line":228,"column":6},"end":{"line":231,"column":9}},"103":{"start":{"line":235,"column":4},"end":{"line":239,"column":5}},"104":{"start":{"line":236,"column":6},"end":{"line":238,"column":8}},"105":{"start":{"line":240,"column":4},"end":{"line":244,"column":5}},"106":{"start":{"line":241,"column":6},"end":{"line":243,"column":8}},"107":{"start":{"line":246,"column":20},"end":{"line":246,"column":53}},"108":{"start":{"line":247,"column":4},"end":{"line":257,"column":6}},"109":{"start":{"line":265,"column":4},"end":{"line":265,"column":53}},"110":{"start":{"line":265,"column":26},"end":{"line":265,"column":53}},"111":{"start":{"line":267,"column":4},"end":{"line":274,"column":5}},"112":{"start":{"line":268,"column":19},"end":{"line":271,"column":8}},"113":{"start":{"line":272,"column":6},"end":{"line":272,"column":44}},"114":{"start":{"line":272,"column":17},"end":{"line":272,"column":44}},"115":{"start":{"line":273,"column":6},"end":{"line":273,"column":102}},"116":{"start":{"line":276,"column":4},"end":{"line":281,"column":5}},"117":{"start":{"line":277,"column":21},"end":{"line":279,"column":8}},"118":{"start":{"line":280,"column":6},"end":{"line":280,"column":36}},"119":{"start":{"line":283,"column":4},"end":{"line":287,"column":5}},"120":{"start":{"line":284,"column":21},"end":{"line":284,"column":45}},"121":{"start":{"line":285,"column":21},"end":{"line":285,"column":77}},"122":{"start":{"line":286,"column":6},"end":{"line":286,"column":36}},"123":{"start":{"line":289,"column":4},"end":{"line":294,"column":5}},"124":{"start":{"line":290,"column":21},"end":{"line":292,"column":8}},"125":{"start":{"line":293,"column":6},"end":{"line":293,"column":36}},"126":{"start":{"line":296,"column":4},"end":{"line":296,"column":31}},"127":{"start":{"line":300,"column":17},"end":{"line":302,"column":6}},"128":{"start":{"line":303,"column":4},"end":{"line":303,"column":67}},"129":{"start":{"line":303,"column":15},"end":{"line":303,"column":67}},"130":{"start":{"line":304,"column":4},"end":{"line":305,"column":67}},"131":{"start":{"line":305,"column":6},"end":{"line":305,"column":67}},"132":{"start":{"line":307,"column":25},"end":{"line":310,"column":6}},"133":{"start":{"line":312,"column":4},"end":{"line":316,"column":5}},"134":{"start":{"line":313,"column":6},"end":{"line":315,"column":8}},"135":{"start":{"line":318,"column":4},"end":{"line":322,"column":5}},"136":{"start":{"line":319,"column":6},"end":{"line":319,"column":31}},"137":{"start":{"line":320,"column":6},"end":{"line":320,"column":54}},"138":{"start":{"line":321,"column":6},"end":{"line":321,"column":77}},"139":{"start":{"line":324,"column":4},"end":{"line":328,"column":5}},"140":{"start":{"line":325,"column":6},"end":{"line":327,"column":8}},"141":{"start":{"line":330,"column":4},"end":{"line":339,"column":5}},"142":{"start":{"line":331,"column":6},"end":{"line":331,"column":30}},"143":{"start":{"line":332,"column":6},"end":{"line":332,"column":54}},"144":{"start":{"line":333,"column":19},"end":{"line":333,"column":44}},"145":{"start":{"line":334,"column":6},"end":{"line":338,"column":8}},"146":{"start":{"line":341,"column":4},"end":{"line":341,"column":29}},"147":{"start":{"line":342,"column":4},"end":{"line":342,"column":52}},"148":{"start":{"line":343,"column":4},"end":{"line":343,"column":28}},"149":{"start":{"line":344,"column":4},"end":{"line":344,"column":36}},"150":{"start":{"line":345,"column":4},"end":{"line":345,"column":24}},"151":{"start":{"line":349,"column":17},"end":{"line":351,"column":6}},"152":{"start":{"line":352,"column":4},"end":{"line":352,"column":67}},"153":{"start":{"line":352,"column":15},"end":{"line":352,"column":67}},"154":{"start":{"line":353,"column":4},"end":{"line":354,"column":67}},"155":{"start":{"line":354,"column":6},"end":{"line":354,"column":67}},"156":{"start":{"line":356,"column":4},"end":{"line":359,"column":6}},"157":{"start":{"line":361,"column":4},"end":{"line":361,"column":39}},"158":{"start":{"line":362,"column":4},"end":{"line":362,"column":24}},"159":{"start":{"line":366,"column":17},"end":{"line":366,"column":71}},"160":{"start":{"line":367,"column":23},"end":{"line":367,"column":60}},"161":{"start":{"line":369,"column":25},"end":{"line":375,"column":6}},"162":{"start":{"line":376,"column":4},"end":{"line":376,"column":52}},"163":{"start":{"line":378,"column":4},"end":{"line":380,"column":6}},"164":{"start":{"line":382,"column":4},"end":{"line":389,"column":5}},"165":{"start":{"line":383,"column":6},"end":{"line":383,"column":80}},"166":{"start":{"line":385,"column":18},"end":{"line":385,"column":66}},"167":{"start":{"line":386,"column":6},"end":{"line":388,"column":8}},"168":{"start":{"line":48,"column":13},"end":{"line":48,"column":24}},"169":{"start":{"line":48,"column":13},"end":{"line":391,"column":null}}},"fnMap":{"0":{"name":"validarCuit","decl":{"start":{"line":26,"column":9},"end":{"line":26,"column":20}},"loc":{"start":{"line":26,"column":33},"end":{"line":35,"column":1}}},"1":{"name":"(anonymous_14)","decl":{"start":{"line":30,"column":31},"end":{"line":30,"column":32}},"loc":{"start":{"line":30,"column":46},"end":{"line":30,"column":75}}},"2":{"name":"validarDni","decl":{"start":{"line":38,"column":9},"end":{"line":38,"column":19}},"loc":{"start":{"line":38,"column":31},"end":{"line":43,"column":1}}},"3":{"name":"(anonymous_16)","decl":{"start":{"line":51,"column":2},"end":{"line":51,"column":null}},"loc":{"start":{"line":59,"column":38},"end":{"line":60,"column":6}}},"4":{"name":"(anonymous_17)","decl":{"start":{"line":62,"column":2},"end":{"line":62,"column":7}},"loc":{"start":{"line":62,"column":33},"end":{"line":215,"column":3}}},"5":{"name":"(anonymous_18)","decl":{"start":{"line":217,"column":2},"end":{"line":217,"column":7}},"loc":{"start":{"line":217,"column":27},"end":{"line":258,"column":3}}},"6":{"name":"(anonymous_19)","decl":{"start":{"line":261,"column":2},"end":{"line":261,"column":7}},"loc":{"start":{"line":263,"column":17},"end":{"line":297,"column":3}}},"7":{"name":"(anonymous_20)","decl":{"start":{"line":299,"column":2},"end":{"line":299,"column":7}},"loc":{"start":{"line":299,"column":47},"end":{"line":346,"column":3}}},"8":{"name":"(anonymous_21)","decl":{"start":{"line":348,"column":2},"end":{"line":348,"column":7}},"loc":{"start":{"line":348,"column":32},"end":{"line":363,"column":3}}},"9":{"name":"(anonymous_22)","decl":{"start":{"line":365,"column":10},"end":{"line":365,"column":15}},"loc":{"start":{"line":365,"column":44},"end":{"line":390,"column":3}}}},"branchMap":{"0":{"loc":{"start":{"line":28,"column":2},"end":{"line":28,"column":45}},"type":"if","locations":[{"start":{"line":28,"column":2},"end":{"line":28,"column":45}},{"start":{},"end":{}}]},"1":{"loc":{"start":{"line":32,"column":2},"end":{"line":32,"column":54}},"type":"if","locations":[{"start":{"line":32,"column":2},"end":{"line":32,"column":54}},{"start":{},"end":{}}]},"2":{"loc":{"start":{"line":33,"column":2},"end":{"line":33,"column":33}},"type":"if","locations":[{"start":{"line":33,"column":2},"end":{"line":33,"column":33}},{"start":{},"end":{}}]},"3":{"loc":{"start":{"line":40,"column":2},"end":{"line":40,"column":46}},"type":"if","locations":[{"start":{"line":40,"column":2},"end":{"line":40,"column":46}},{"start":{},"end":{}}]},"4":{"loc":{"start":{"line":42,"column":9},"end":{"line":42,"column":46}},"type":"binary-expr","locations":[{"start":{"line":42,"column":9},"end":{"line":42,"column":25}},{"start":{"line":42,"column":29},"end":{"line":42,"column":46}}]},"5":{"loc":{"start":{"line":67,"column":4},"end":{"line":68,"column":73}},"type":"if","locations":[{"start":{"line":67,"column":4},"end":{"line":68,"column":73}},{"start":{},"end":{}}]},"6":{"loc":{"start":{"line":71,"column":4},"end":{"line":79,"column":5}},"type":"if","locations":[{"start":{"line":71,"column":4},"end":{"line":79,"column":5}},{"start":{},"end":{}}]},"7":{"loc":{"start":{"line":75,"column":6},"end":{"line":78,"column":10}},"type":"if","locations":[{"start":{"line":75,"column":6},"end":{"line":78,"column":10}},{"start":{},"end":{}}]},"8":{"loc":{"start":{"line":82,"column":4},"end":{"line":100,"column":5}},"type":"if","locations":[{"start":{"line":82,"column":4},"end":{"line":100,"column":5}},{"start":{},"end":{}}]},"9":{"loc":{"start":{"line":83,"column":6},"end":{"line":87,"column":7}},"type":"if","locations":[{"start":{"line":83,"column":6},"end":{"line":87,"column":7}},{"start":{},"end":{}}]},"10":{"loc":{"start":{"line":90,"column":21},"end":{"line":90,"column":71}},"type":"cond-expr","locations":[{"start":{"line":90,"column":44},"end":{"line":90,"column":53}},{"start":{"line":90,"column":56},"end":{"line":90,"column":71}}]},"11":{"loc":{"start":{"line":95,"column":6},"end":{"line":99,"column":7}},"type":"if","locations":[{"start":{"line":95,"column":6},"end":{"line":99,"column":7}},{"start":{},"end":{}}]},"12":{"loc":{"start":{"line":97,"column":34},"end":{"line":97,"column":88}},"type":"cond-expr","locations":[{"start":{"line":97,"column":57},"end":{"line":97,"column":67}},{"start":{"line":97,"column":70},"end":{"line":97,"column":88}}]},"13":{"loc":{"start":{"line":104,"column":4},"end":{"line":131,"column":5}},"type":"if","locations":[{"start":{"line":104,"column":4},"end":{"line":131,"column":5}},{"start":{},"end":{}}]},"14":{"loc":{"start":{"line":105,"column":6},"end":{"line":109,"column":7}},"type":"if","locations":[{"start":{"line":105,"column":6},"end":{"line":109,"column":7}},{"start":{},"end":{}}]},"15":{"loc":{"start":{"line":113,"column":6},"end":{"line":114,"column":71}},"type":"if","locations":[{"start":{"line":113,"column":6},"end":{"line":114,"column":71}},{"start":{},"end":{}}]},"16":{"loc":{"start":{"line":115,"column":6},"end":{"line":116,"column":79}},"type":"if","locations":[{"start":{"line":115,"column":6},"end":{"line":116,"column":79}},{"start":{},"end":{}}]},"17":{"loc":{"start":{"line":117,"column":6},"end":{"line":124,"column":7}},"type":"if","locations":[{"start":{"line":117,"column":6},"end":{"line":124,"column":7}},{"start":{},"end":{}}]},"18":{"loc":{"start":{"line":118,"column":8},"end":{"line":119,"column":47}},"type":"binary-expr","locations":[{"start":{"line":118,"column":8},"end":{"line":118,"column":44}},{"start":{"line":119,"column":8},"end":{"line":119,"column":47}}]},"19":{"loc":{"start":{"line":126,"column":6},"end":{"line":130,"column":7}},"type":"if","locations":[{"start":{"line":126,"column":6},"end":{"line":130,"column":7}},{"start":{},"end":{}}]},"20":{"loc":{"start":{"line":134,"column":4},"end":{"line":147,"column":5}},"type":"if","locations":[{"start":{"line":134,"column":4},"end":{"line":147,"column":5}},{"start":{},"end":{}}]},"21":{"loc":{"start":{"line":134,"column":8},"end":{"line":134,"column":48}},"type":"binary-expr","locations":[{"start":{"line":134,"column":8},"end":{"line":134,"column":36}},{"start":{"line":134,"column":40},"end":{"line":134,"column":48}}]},"22":{"loc":{"start":{"line":135,"column":6},"end":{"line":139,"column":7}},"type":"if","locations":[{"start":{"line":135,"column":6},"end":{"line":139,"column":7}},{"start":{},"end":{}}]},"23":{"loc":{"start":{"line":143,"column":6},"end":{"line":146,"column":10}},"type":"if","locations":[{"start":{"line":143,"column":6},"end":{"line":146,"column":10}},{"start":{},"end":{}}]},"24":{"loc":{"start":{"line":150,"column":4},"end":{"line":154,"column":5}},"type":"if","locations":[{"start":{"line":150,"column":4},"end":{"line":154,"column":5}},{"start":{},"end":{}}]},"25":{"loc":{"start":{"line":150,"column":8},"end":{"line":150,"column":48}},"type":"binary-expr","locations":[{"start":{"line":150,"column":8},"end":{"line":150,"column":21}},{"start":{"line":150,"column":25},"end":{"line":150,"column":48}}]},"26":{"loc":{"start":{"line":157,"column":19},"end":{"line":157,"column":69}},"type":"cond-expr","locations":[{"start":{"line":157,"column":42},"end":{"line":157,"column":51}},{"start":{"line":157,"column":54},"end":{"line":157,"column":69}}]},"27":{"loc":{"start":{"line":167,"column":13},"end":{"line":167,"column":38}},"type":"binary-expr","locations":[{"start":{"line":167,"column":13},"end":{"line":167,"column":30}},{"start":{"line":167,"column":34},"end":{"line":167,"column":38}}]},"28":{"loc":{"start":{"line":168,"column":11},"end":{"line":168,"column":54}},"type":"cond-expr","locations":[{"start":{"line":168,"column":21},"end":{"line":168,"column":47}},{"start":{"line":168,"column":50},"end":{"line":168,"column":54}}]},"29":{"loc":{"start":{"line":169,"column":21},"end":{"line":169,"column":46}},"type":"binary-expr","locations":[{"start":{"line":169,"column":21},"end":{"line":169,"column":38}},{"start":{"line":169,"column":42},"end":{"line":169,"column":46}}]},"30":{"loc":{"start":{"line":173,"column":4},"end":{"line":175,"column":5}},"type":"if","locations":[{"start":{"line":173,"column":4},"end":{"line":175,"column":5}},{"start":{},"end":{}}]},"31":{"loc":{"start":{"line":177,"column":4},"end":{"line":179,"column":5}},"type":"if","locations":[{"start":{"line":177,"column":4},"end":{"line":179,"column":5}},{"start":{},"end":{}}]},"32":{"loc":{"start":{"line":177,"column":8},"end":{"line":177,"column":50}},"type":"binary-expr","locations":[{"start":{"line":177,"column":8},"end":{"line":177,"column":31}},{"start":{"line":177,"column":35},"end":{"line":177,"column":50}}]},"33":{"loc":{"start":{"line":185,"column":4},"end":{"line":196,"column":5}},"type":"if","locations":[{"start":{"line":185,"column":4},"end":{"line":196,"column":5}},{"start":{},"end":{}}]},"34":{"loc":{"start":{"line":185,"column":8},"end":{"line":185,"column":50}},"type":"binary-expr","locations":[{"start":{"line":185,"column":8},"end":{"line":185,"column":31}},{"start":{"line":185,"column":35},"end":{"line":185,"column":50}}]},"35":{"loc":{"start":{"line":192,"column":6},"end":{"line":195,"column":7}},"type":"if","locations":[{"start":{"line":192,"column":6},"end":{"line":195,"column":7}},{"start":{},"end":{}}]},"36":{"loc":{"start":{"line":192,"column":10},"end":{"line":192,"column":50}},"type":"binary-expr","locations":[{"start":{"line":192,"column":10},"end":{"line":192,"column":20}},{"start":{"line":192,"column":24},"end":{"line":192,"column":50}}]},"37":{"loc":{"start":{"line":198,"column":4},"end":{"line":211,"column":5}},"type":"if","locations":[{"start":{"line":198,"column":4},"end":{"line":211,"column":5}},{"start":{},"end":{}}]},"38":{"loc":{"start":{"line":201,"column":14},"end":{"line":201,"column":66}},"type":"cond-expr","locations":[{"start":{"line":201,"column":45},"end":{"line":201,"column":54}},{"start":{"line":201,"column":57},"end":{"line":201,"column":66}}]},"39":{"loc":{"start":{"line":203,"column":14},"end":{"line":203,"column":65}},"type":"cond-expr","locations":[{"start":{"line":203,"column":45},"end":{"line":203,"column":53}},{"start":{"line":203,"column":56},"end":{"line":203,"column":65}}]},"40":{"loc":{"start":{"line":205,"column":10},"end":{"line":207,"column":23}},"type":"cond-expr","locations":[{"start":{"line":206,"column":14},"end":{"line":206,"column":41}},{"start":{"line":207,"column":14},"end":{"line":207,"column":23}}]},"41":{"loc":{"start":{"line":222,"column":4},"end":{"line":222,"column":74}},"type":"if","locations":[{"start":{"line":222,"column":4},"end":{"line":222,"column":74}},{"start":{},"end":{}}]},"42":{"loc":{"start":{"line":225,"column":4},"end":{"line":225,"column":75}},"type":"if","locations":[{"start":{"line":225,"column":4},"end":{"line":225,"column":75}},{"start":{},"end":{}}]},"43":{"loc":{"start":{"line":227,"column":4},"end":{"line":232,"column":5}},"type":"if","locations":[{"start":{"line":227,"column":4},"end":{"line":232,"column":5}},{"start":{},"end":{}}]},"44":{"loc":{"start":{"line":235,"column":4},"end":{"line":239,"column":5}},"type":"if","locations":[{"start":{"line":235,"column":4},"end":{"line":239,"column":5}},{"start":{},"end":{}}]},"45":{"loc":{"start":{"line":240,"column":4},"end":{"line":244,"column":5}},"type":"if","locations":[{"start":{"line":240,"column":4},"end":{"line":244,"column":5}},{"start":{},"end":{}}]},"46":{"loc":{"start":{"line":254,"column":18},"end":{"line":254,"column":39}},"type":"binary-expr","locations":[{"start":{"line":254,"column":18},"end":{"line":254,"column":31}},{"start":{"line":254,"column":35},"end":{"line":254,"column":39}}]},"47":{"loc":{"start":{"line":255,"column":24},"end":{"line":255,"column":52}},"type":"binary-expr","locations":[{"start":{"line":255,"column":24},"end":{"line":255,"column":43}},{"start":{"line":255,"column":47},"end":{"line":255,"column":52}}]},"48":{"loc":{"start":{"line":265,"column":4},"end":{"line":265,"column":53}},"type":"if","locations":[{"start":{"line":265,"column":4},"end":{"line":265,"column":53}},{"start":{},"end":{}}]},"49":{"loc":{"start":{"line":265,"column":8},"end":{"line":265,"column":24}},"type":"binary-expr","locations":[{"start":{"line":265,"column":8},"end":{"line":265,"column":14}},{"start":{"line":265,"column":18},"end":{"line":265,"column":24}}]},"50":{"loc":{"start":{"line":267,"column":4},"end":{"line":274,"column":5}},"type":"if","locations":[{"start":{"line":267,"column":4},"end":{"line":274,"column":5}},{"start":{},"end":{}}]},"51":{"loc":{"start":{"line":272,"column":6},"end":{"line":272,"column":44}},"type":"if","locations":[{"start":{"line":272,"column":6},"end":{"line":272,"column":44}},{"start":{},"end":{}}]},"52":{"loc":{"start":{"line":276,"column":4},"end":{"line":281,"column":5}},"type":"if","locations":[{"start":{"line":276,"column":4},"end":{"line":281,"column":5}},{"start":{},"end":{}}]},"53":{"loc":{"start":{"line":283,"column":4},"end":{"line":287,"column":5}},"type":"if","locations":[{"start":{"line":283,"column":4},"end":{"line":287,"column":5}},{"start":{},"end":{}}]},"54":{"loc":{"start":{"line":289,"column":4},"end":{"line":294,"column":5}},"type":"if","locations":[{"start":{"line":289,"column":4},"end":{"line":294,"column":5}},{"start":{},"end":{}}]},"55":{"loc":{"start":{"line":303,"column":4},"end":{"line":303,"column":67}},"type":"if","locations":[{"start":{"line":303,"column":4},"end":{"line":303,"column":67}},{"start":{},"end":{}}]},"56":{"loc":{"start":{"line":304,"column":4},"end":{"line":305,"column":67}},"type":"if","locations":[{"start":{"line":304,"column":4},"end":{"line":305,"column":67}},{"start":{},"end":{}}]},"57":{"loc":{"start":{"line":312,"column":4},"end":{"line":316,"column":5}},"type":"if","locations":[{"start":{"line":312,"column":4},"end":{"line":316,"column":5}},{"start":{},"end":{}}]},"58":{"loc":{"start":{"line":318,"column":4},"end":{"line":322,"column":5}},"type":"if","locations":[{"start":{"line":318,"column":4},"end":{"line":322,"column":5}},{"start":{},"end":{}}]},"59":{"loc":{"start":{"line":324,"column":4},"end":{"line":328,"column":5}},"type":"if","locations":[{"start":{"line":324,"column":4},"end":{"line":328,"column":5}},{"start":{},"end":{}}]},"60":{"loc":{"start":{"line":330,"column":4},"end":{"line":339,"column":5}},"type":"if","locations":[{"start":{"line":330,"column":4},"end":{"line":339,"column":5}},{"start":{},"end":{}}]},"61":{"loc":{"start":{"line":335,"column":8},"end":{"line":337,"column":60}},"type":"cond-expr","locations":[{"start":{"line":336,"column":12},"end":{"line":336,"column":106}},{"start":{"line":337,"column":12},"end":{"line":337,"column":60}}]},"62":{"loc":{"start":{"line":336,"column":42},"end":{"line":336,"column":63}},"type":"cond-expr","locations":[{"start":{"line":336,"column":55},"end":{"line":336,"column":57}},{"start":{"line":336,"column":60},"end":{"line":336,"column":63}}]},"63":{"loc":{"start":{"line":336,"column":82},"end":{"line":336,"column":103}},"type":"cond-expr","locations":[{"start":{"line":336,"column":95},"end":{"line":336,"column":97}},{"start":{"line":336,"column":100},"end":{"line":336,"column":103}}]},"64":{"loc":{"start":{"line":352,"column":4},"end":{"line":352,"column":67}},"type":"if","locations":[{"start":{"line":352,"column":4},"end":{"line":352,"column":67}},{"start":{},"end":{}}]},"65":{"loc":{"start":{"line":353,"column":4},"end":{"line":354,"column":67}},"type":"if","locations":[{"start":{"line":353,"column":4},"end":{"line":354,"column":67}},{"start":{},"end":{}}]},"66":{"loc":{"start":{"line":385,"column":18},"end":{"line":385,"column":66}},"type":"cond-expr","locations":[{"start":{"line":385,"column":41},"end":{"line":385,"column":52}},{"start":{"line":385,"column":55},"end":{"line":385,"column":66}}]},"67":{"loc":{"start":{"line":52,"column":47},"end":{"line":52,"column":63}},"type":"cond-expr","locations":[{"start":{"line":52,"column":57},"end":{"line":52,"column":63}},{"start":{"line":52,"column":57},"end":{"line":52,"column":63}}]},"68":{"loc":{"start":{"line":52,"column":47},"end":{"line":52,"column":57}},"type":"binary-expr","locations":[{"start":{"line":52,"column":47},"end":{"line":52,"column":63}},{"start":{"line":52,"column":47},"end":{"line":52,"column":57}}]},"69":{"loc":{"start":{"line":52,"column":57},"end":{"line":53,"column":72}},"type":"cond-expr","locations":[{"start":{"line":53,"column":63},"end":{"line":53,"column":72}},{"start":{"line":53,"column":63},"end":{"line":53,"column":72}}]},"70":{"loc":{"start":{"line":52,"column":57},"end":{"line":53,"column":63}},"type":"binary-expr","locations":[{"start":{"line":52,"column":57},"end":{"line":53,"column":72}},{"start":{"line":53,"column":53},"end":{"line":53,"column":63}}]},"71":{"loc":{"start":{"line":53,"column":63},"end":{"line":55,"column":60}},"type":"cond-expr","locations":[{"start":{"line":55,"column":41},"end":{"line":55,"column":60}},{"start":{"line":55,"column":41},"end":{"line":55,"column":60}}]},"72":{"loc":{"start":{"line":53,"column":63},"end":{"line":55,"column":41}},"type":"binary-expr","locations":[{"start":{"line":53,"column":63},"end":{"line":55,"column":60}},{"start":{"line":55,"column":31},"end":{"line":55,"column":41}}]},"73":{"loc":{"start":{"line":55,"column":41},"end":{"line":57,"column":56}},"type":"cond-expr","locations":[{"start":{"line":57,"column":39},"end":{"line":57,"column":56}},{"start":{"line":57,"column":39},"end":{"line":57,"column":56}}]},"74":{"loc":{"start":{"line":55,"column":41},"end":{"line":57,"column":39}},"type":"binary-expr","locations":[{"start":{"line":55,"column":41},"end":{"line":57,"column":56}},{"start":{"line":57,"column":29},"end":{"line":57,"column":39}}]},"75":{"loc":{"start":{"line":57,"column":39},"end":{"line":58,"column":null}},"type":"cond-expr","locations":[{"start":{"line":58,"column":34},"end":{"line":58,"column":null}},{"start":{"line":58,"column":34},"end":{"line":58,"column":null}}]},"76":{"loc":{"start":{"line":57,"column":39},"end":{"line":58,"column":34}},"type":"binary-expr","locations":[{"start":{"line":57,"column":39},"end":{"line":58,"column":null}},{"start":{"line":58,"column":24},"end":{"line":58,"column":34}}]},"77":{"loc":{"start":{"line":58,"column":34},"end":{"line":59,"column":null}},"type":"cond-expr","locations":[{"start":{"line":59,"column":38},"end":{"line":59,"column":null}},{"start":{"line":59,"column":38},"end":{"line":59,"column":null}}]},"78":{"loc":{"start":{"line":58,"column":34},"end":{"line":59,"column":38}},"type":"binary-expr","locations":[{"start":{"line":58,"column":34},"end":{"line":59,"column":null}},{"start":{"line":59,"column":26},"end":{"line":59,"column":38}}]}},"s":{"0":1,"1":1,"2":1,"3":1,"4":1,"5":1,"6":1,"7":1,"8":1,"9":1,"10":0,"11":0,"12":0,"13":0,"14":0,"15":0,"16":0,"17":0,"18":0,"19":0,"20":0,"21":0,"22":0,"23":0,"24":0,"25":0,"26":0,"27":1,"28":0,"29":0,"30":0,"31":0,"32":0,"33":0,"34":0,"35":0,"36":0,"37":0,"38":0,"39":0,"40":0,"41":0,"42":0,"43":0,"44":0,"45":0,"46":0,"47":0,"48":0,"49":0,"50":0,"51":0,"52":0,"53":0,"54":0,"55":0,"56":0,"57":0,"58":0,"59":0,"60":0,"61":0,"62":0,"63":0,"64":0,"65":0,"66":0,"67":0,"68":0,"69":0,"70":0,"71":0,"72":0,"73":0,"74":0,"75":0,"76":0,"77":0,"78":0,"79":0,"80":0,"81":0,"82":0,"83":0,"84":0,"85":0,"86":0,"87":0,"88":0,"89":0,"90":0,"91":0,"92":0,"93":0,"94":0,"95":0,"96":0,"97":0,"98":0,"99":0,"100":0,"101":0,"102":0,"103":0,"104":0,"105":0,"106":0,"107":0,"108":0,"109":0,"110":0,"111":0,"112":0,"113":0,"114":0,"115":0,"116":0,"117":0,"118":0,"119":0,"120":0,"121":0,"122":0,"123":0,"124":0,"125":0,"126":0,"127":0,"128":0,"129":0,"130":0,"131":0,"132":0,"133":0,"134":0,"135":0,"136":0,"137":0,"138":0,"139":0,"140":0,"141":0,"142":0,"143":0,"144":0,"145":0,"146":0,"147":0,"148":0,"149":0,"150":0,"151":0,"152":0,"153":0,"154":0,"155":0,"156":0,"157":0,"158":0,"159":0,"160":0,"161":0,"162":0,"163":0,"164":0,"165":0,"166":0,"167":0,"168":1,"169":1},"f":{"0":0,"1":0,"2":0,"3":0,"4":0,"5":0,"6":0,"7":0,"8":0,"9":0},"b":{"0":[0,0],"1":[0,0],"2":[0,0],"3":[0,0],"4":[0,0],"5":[0,0],"6":[0,0],"7":[0,0],"8":[0,0],"9":[0,0],"10":[0,0],"11":[0,0],"12":[0,0],"13":[0,0],"14":[0,0],"15":[0,0],"16":[0,0],"17":[0,0],"18":[0,0],"19":[0,0],"20":[0,0],"21":[0,0],"22":[0,0],"23":[0,0],"24":[0,0],"25":[0,0],"26":[0,0],"27":[0,0],"28":[0,0],"29":[0,0],"30":[0,0],"31":[0,0],"32":[0,0],"33":[0,0],"34":[0,0],"35":[0,0],"36":[0,0],"37":[0,0],"38":[0,0],"39":[0,0],"40":[0,0],"41":[0,0],"42":[0,0],"43":[0,0],"44":[0,0],"45":[0,0],"46":[0,0],"47":[0,0],"48":[0,0],"49":[0,0],"50":[0,0],"51":[0,0],"52":[0,0],"53":[0,0],"54":[0,0],"55":[0,0],"56":[0,0],"57":[0,0],"58":[0,0],"59":[0,0],"60":[0,0],"61":[0,0],"62":[0,0],"63":[0,0],"64":[0,0],"65":[0,0],"66":[0,0],"67":[1,0],"68":[1,1],"69":[1,0],"70":[1,1],"71":[1,0],"72":[1,1],"73":[1,0],"74":[1,1],"75":[1,0],"76":[1,1],"77":[1,0],"78":[1,1]}}
,"/Users/catalinavivern/Documents/ITBA/IngeSoft1/Inge1/api/src/auth/jwt-auth.guard.ts": {"path":"/Users/catalinavivern/Documents/ITBA/IngeSoft1/Inge1/api/src/auth/jwt-auth.guard.ts","statementMap":{"0":{"start":{"line":1,"column":0},"end":{"line":1,"column":44}},"1":{"start":{"line":2,"column":0},"end":{"line":2,"column":45}},"2":{"start":{"line":5,"column":7},"end":{"line":5,"column":null}},"3":{"start":{"line":5,"column":13},"end":{"line":5,"column":25}},"4":{"start":{"line":5,"column":13},"end":{"line":5,"column":null}}},"fnMap":{},"branchMap":{},"s":{"0":13,"1":13,"2":13,"3":13,"4":13},"f":{},"b":{}}
,"/Users/catalinavivern/Documents/ITBA/IngeSoft1/Inge1/api/src/auth/jwt.strategy.ts": {"path":"/Users/catalinavivern/Documents/ITBA/IngeSoft1/Inge1/api/src/auth/jwt.strategy.ts","statementMap":{"0":{"start":{"line":1,"column":0},"end":{"line":1,"column":67}},"1":{"start":{"line":2,"column":0},"end":{"line":2,"column":52}},"2":{"start":{"line":3,"column":0},"end":{"line":3,"column":52}},"3":{"start":{"line":4,"column":0},"end":{"line":4,"column":47}},"4":{"start":{"line":5,"column":0},"end":{"line":5,"column":51}},"5":{"start":{"line":6,"column":0},"end":{"line":6,"column":37}},"6":{"start":{"line":7,"column":0},"end":{"line":7,"column":47}},"7":{"start":{"line":10,"column":7},"end":{"line":29,"column":null}},"8":{"start":{"line":15,"column":4},"end":{"line":19,"column":7}},"9":{"start":{"line":13,"column":36},"end":{"line":13,"column":47}},"10":{"start":{"line":23,"column":17},"end":{"line":23,"column":77}},"11":{"start":{"line":24,"column":4},"end":{"line":26,"column":5}},"12":{"start":{"line":25,"column":6},"end":{"line":25,"column":67}},"13":{"start":{"line":27,"column":4},"end":{"line":27,"column":51}},"14":{"start":{"line":10,"column":13},"end":{"line":10,"column":24}},"15":{"start":{"line":10,"column":13},"end":{"line":29,"column":null}}},"fnMap":{"0":{"name":"(anonymous_4)","decl":{"start":{"line":11,"column":2},"end":{"line":11,"column":null}},"loc":{"start":{"line":13,"column":63},"end":{"line":20,"column":3}}},"1":{"name":"(anonymous_5)","decl":{"start":{"line":22,"column":2},"end":{"line":22,"column":7}},"loc":{"start":{"line":22,"column":55},"end":{"line":28,"column":3}}}},"branchMap":{"0":{"loc":{"start":{"line":24,"column":4},"end":{"line":26,"column":5}},"type":"if","locations":[{"start":{"line":24,"column":4},"end":{"line":26,"column":5}},{"start":{},"end":{}}]},"1":{"loc":{"start":{"line":24,"column":8},"end":{"line":24,"column":49}},"type":"binary-expr","locations":[{"start":{"line":24,"column":8},"end":{"line":24,"column":13}},{"start":{"line":24,"column":17},"end":{"line":24,"column":49}}]},"2":{"loc":{"start":{"line":12,"column":12},"end":{"line":12,"column":null}},"type":"cond-expr","locations":[{"start":{"line":12,"column":25},"end":{"line":12,"column":null}},{"start":{"line":12,"column":25},"end":{"line":12,"column":null}}]},"3":{"loc":{"start":{"line":12,"column":12},"end":{"line":12,"column":25}},"type":"binary-expr","locations":[{"start":{"line":12,"column":12},"end":{"line":12,"column":null}},{"start":{"line":12,"column":12},"end":{"line":12,"column":25}}]},"4":{"loc":{"start":{"line":12,"column":25},"end":{"line":13,"column":63}},"type":"cond-expr","locations":[{"start":{"line":13,"column":57},"end":{"line":13,"column":63}},{"start":{"line":13,"column":57},"end":{"line":13,"column":63}}]},"5":{"loc":{"start":{"line":12,"column":25},"end":{"line":13,"column":57}},"type":"binary-expr","locations":[{"start":{"line":12,"column":25},"end":{"line":13,"column":63}},{"start":{"line":13,"column":47},"end":{"line":13,"column":57}}]}},"s":{"0":1,"1":1,"2":1,"3":1,"4":1,"5":1,"6":1,"7":1,"8":0,"9":0,"10":0,"11":0,"12":0,"13":0,"14":1,"15":1},"f":{"0":0,"1":0},"b":{"0":[0,0],"1":[0,0],"2":[1,0],"3":[1,1],"4":[1,0],"5":[1,1]}}
[...]
column":6}}},"1":{"name":"(anonymous_5)","decl":{"start":{"line":22,"column":2},"end":{"line":22,"column":7}},"loc":{"start":{"line":22,"column":37},"end":{"line":110,"column":3}}},"2":{"name":"(anonymous_6)","decl":{"start":{"line":29,"column":39},"end":{"line":29,"column":40}},"loc":{"start":{"line":29,"column":46},"end":{"line":29,"column":55}}},"3":{"name":"(anonymous_7)","decl":{"start":{"line":34,"column":35},"end":{"line":34,"column":36}},"loc":{"start":{"line":34,"column":42},"end":{"line":34,"column":66}}},"4":{"name":"(anonymous_8)","decl":{"start":{"line":49,"column":42},"end":{"line":49,"column":43}},"loc":{"start":{"line":49,"column":48},"end":{"line":55,"column":7}}},"5":{"name":"(anonymous_9)","decl":{"start":{"line":57,"column":27},"end":{"line":57,"column":28}},"loc":{"start":{"line":57,"column":34},"end":{"line":57,"column":48}}},"6":{"name":"(anonymous_10)","decl":{"start":{"line":60,"column":8},"end":{"line":60,"column":9}},"loc":{"start":{"line":60,"column":20},"end":{"line":60,"column":65}}},"7":{"name":"(anonymous_11)","decl":{"start":{"line":74,"column":54},"end":{"line":74,"column":55}},"loc":{"start":{"line":74,"column":77},"end":{"line":77,"column":6}}},"8":{"name":"(anonymous_12)","decl":{"start":{"line":86,"column":12},"end":{"line":86,"column":13}},"loc":{"start":{"line":86,"column":22},"end":{"line":86,"column":33}}},"9":{"name":"(anonymous_13)","decl":{"start":{"line":88,"column":11},"end":{"line":88,"column":12}},"loc":{"start":{"line":88,"column":32},"end":{"line":88,"column":48}}},"10":{"name":"(anonymous_14)","decl":{"start":{"line":112,"column":2},"end":{"line":112,"column":7}},"loc":{"start":{"line":112,"column":66},"end":{"line":151,"column":3}}},"11":{"name":"(anonymous_15)","decl":{"start":{"line":128,"column":14},"end":{"line":128,"column":15}},"loc":{"start":{"line":128,"column":20},"end":{"line":134,"column":7}}},"12":{"name":"(anonymous_16)","decl":{"start":{"line":135,"column":11},"end":{"line":135,"column":12}},"loc":{"start":{"line":135,"column":19},"end":{"line":148,"column":8}}},"13":{"name":"(anonymous_17)","decl":{"start":{"line":153,"column":2},"end":{"line":153,"column":7}},"loc":{"start":{"line":157,"column":21},"end":{"line":249,"column":3}}},"14":{"name":"(anonymous_18)","decl":{"start":{"line":165,"column":52},"end":{"line":165,"column":53}},"loc":{"start":{"line":165,"column":59},"end":{"line":165,"column":63}}},"15":{"name":"(anonymous_19)","decl":{"start":{"line":181,"column":36},"end":{"line":181,"column":37}},"loc":{"start":{"line":181,"column":42},"end":{"line":187,"column":5}}},"16":{"name":"(anonymous_20)","decl":{"start":{"line":191,"column":6},"end":{"line":191,"column":7}},"loc":{"start":{"line":191,"column":18},"end":{"line":191,"column":39}}},"17":{"name":"(anonymous_21)","decl":{"start":{"line":198,"column":57},"end":{"line":198,"column":58}},"loc":{"start":{"line":198,"column":64},"end":{"line":198,"column":73}}},"18":{"name":"(anonymous_22)","decl":{"start":{"line":200,"column":39},"end":{"line":200,"column":40}},"loc":{"start":{"line":200,"column":47},"end":{"line":208,"column":5}}},"19":{"name":"(anonymous_23)","decl":{"start":{"line":201,"column":39},"end":{"line":201,"column":40}},"loc":{"start":{"line":201,"column":46},"end":{"line":201,"column":65}}},"20":{"name":"(anonymous_24)","decl":{"start":{"line":206,"column":33},"end":{"line":206,"column":34}},"loc":{"start":{"line":206,"column":45},"end":{"line":206,"column":66}}},"21":{"name":"(anonymous_25)","decl":{"start":{"line":215,"column":14},"end":{"line":215,"column":15}},"loc":{"start":{"line":215,"column":28},"end":{"line":215,"column":70}}},"22":{"name":"(anonymous_26)","decl":{"start":{"line":226,"column":37},"end":{"line":226,"column":38}},"loc":{"start":{"line":226,"column":43},"end":{"line":233,"column":5}}},"23":{"name":"(anonymous_27)","decl":{"start":{"line":227,"column":39},"end":{"line":227,"column":40}},"loc":{"start":{"line":227,"column":46},"end":{"line":227,"column":65}}},"24":{"name":"(anonymous_28)","decl":{"start":{"line":231,"column":33},"end":{"line":231,"column":34}},"loc":{"start":{"line":231,"column":45},"end":{"line":231,"column":66}}},"25":{"name":"(anonymous_29)","decl":{"start":{"line":251,"column":2},"end":{"line":251,"column":7}},"loc":{"start":{"line":251,"column":38},"end":{"line":287,"column":3}}}},"branchMap":{"0":{"loc":{"start":{"line":24,"column":4},"end":{"line":24,"column":79}},"type":"if","locations":[{"start":{"line":24,"column":4},"end":{"line":24,"column":79}},{"start":{},"end":{}}]},"1":{"loc":{"start":{"line":24,"column":8},"end":{"line":24,"column":46}},"type":"binary-expr","locations":[{"start":{"line":24,"column":8},"end":{"line":24,"column":13}},{"start":{"line":24,"column":17},"end":{"line":24,"column":46}}]},"2":{"loc":{"start":{"line":30,"column":18},"end":{"line":32,"column":10}},"type":"cond-expr","locations":[{"start":{"line":31,"column":8},"end":{"line":31,"column":65}},{"start":{"line":32,"column":8},"end":{"line":32,"column":10}}]},"3":{"loc":{"start":{"line":52,"column":10},"end":{"line":53,"column":42}},"type":"binary-expr","locations":[{"start":{"line":52,"column":10},"end":{"line":52,"column":48}},{"start":{"line":53,"column":10},"end":{"line":53,"column":42}}]},"4":{"loc":{"start":{"line":60,"column":33},"end":{"line":60,"column":64}},"type":"binary-expr","locations":[{"start":{"line":60,"column":33},"end":{"line":60,"column":59}},{"start":{"line":60,"column":63},"end":{"line":60,"column":64}}]},"5":{"loc":{"start":{"line":71,"column":18},"end":{"line":71,"column":40}},"type":"binary-expr","locations":[{"start":{"line":71,"column":18},"end":{"line":71,"column":30}},{"start":{"line":71,"column":34},"end":{"line":71,"column":40}}]},"6":{"loc":{"start":{"line":72,"column":25},"end":{"line":72,"column":45}},"type":"binary-expr","locations":[{"start":{"line":72,"column":25},"end":{"line":72,"column":40}},{"start":{"line":72,"column":44},"end":{"line":72,"column":45}}]},"7":{"loc":{"start":{"line":83,"column":25},"end":{"line":83,"column":45}},"type":"binary-expr","locations":[{"start":{"line":83,"column":25},"end":{"line":83,"column":40}},{"start":{"line":83,"column":44},"end":{"line":83,"column":45}}]},"8":{"loc":{"start":{"line":103,"column":28},"end":{"line":105,"column":14}},"type":"cond-expr","locations":[{"start":{"line":104,"column":10},"end":{"line":104,"column":42}},{"start":{"line":105,"column":10},"end":{"line":105,"column":14}}]},"9":{"loc":{"start":{"line":107,"column":13},"end":{"line":107,"column":31}},"type":"binary-expr","locations":[{"start":{"line":107,"column":13},"end":{"line":107,"column":23}},{"start":{"line":107,"column":27},"end":{"line":107,"column":31}}]},"10":{"loc":{"start":{"line":108,"column":11},"end":{"line":108,"column":27}},"type":"binary-expr","locations":[{"start":{"line":108,"column":11},"end":{"line":108,"column":19}},{"start":{"line":108,"column":23},"end":{"line":108,"column":27}}]},"11":{"loc":{"start":{"line":114,"column":4},"end":{"line":114,"column":79}},"type":"if","locations":[{"start":{"line":114,"column":4},"end":{"line":114,"column":79}},{"start":{},"end":{}}]},"12":{"loc":{"start":{"line":114,"column":8},"end":{"line":114,"column":46}},"type":"binary-expr","locations":[{"start":{"line":114,"column":8},"end":{"line":114,"column":13}},{"start":{"line":114,"column":17},"end":{"line":114,"column":46}}]},"13":{"loc":{"start":{"line":116,"column":21},"end":{"line":116,"column":49}},"type":"cond-expr","locations":[{"start":{"line":116,"column":28},"end":{"line":116,"column":42}},{"start":{"line":116,"column":45},"end":{"line":116,"column":49}}]},"14":{"loc":{"start":{"line":117,"column":19},"end":{"line":117,"column":43}},"type":"cond-expr","locations":[{"start":{"line":117,"column":24},"end":{"line":117,"column":36}},{"start":{"line":117,"column":39},"end":{"line":117,"column":43}}]},"15":{"loc":{"start":{"line":118,"column":4},"end":{"line":118,"column":51}},"type":"if","locations":[{"start":{"line":118,"column":4},"end":{"line":118,"column":51}},{"start":{},"end":{}}]},"16":{"loc":{"start":{"line":119,"column":4},"end":{"line":119,"column":52}},"type":"if","locations":[{"start":{"line":119,"column":4},"end":{"line":119,"column":52}},{"start":{},"end":{}}]},"17":{"loc":{"start":{"line":129,"column":8},"end":{"line":129,"column":57}},"type":"if","locations":[{"start":{"line":129,"column":8},"end":{"line":129,"column":57}},{"start":{},"end":{}}]},"18":{"loc":{"start":{"line":131,"column":8},"end":{"line":131,"column":51}},"type":"if","locations":[{"start":{"line":131,"column":8},"end":{"line":131,"column":51}},{"start":{},"end":{}}]},"19":{"loc":{"start":{"line":131,"column":12},"end":{"line":131,"column":36}},"type":"binary-expr","locations":[{"start":{"line":131,"column":12},"end":{"line":131,"column":20}},{"start":{"line":131,"column":24},"end":{"line":131,"column":36}}]},"20":{"loc":{"start":{"line":132,"column":8},"end":{"line":132,"column":47}},"type":"if","locations":[{"start":{"line":132,"column":8},"end":{"line":132,"column":47}},{"start":{},"end":{}}]},"21":{"loc":{"start":{"line":132,"column":12},"end":{"line":132,"column":32}},"type":"binary-expr","locations":[{"start":{"line":132,"column":12},"end":{"line":132,"column":18}},{"start":{"line":132,"column":22},"end":{"line":132,"column":32}}]},"22":{"loc":{"start":{"line":143,"column":10},"end":{"line":145,"column":17}},"type":"binary-expr","locations":[{"start":{"line":143,"column":10},"end":{"line":143,"column":39}},{"start":{"line":144,"column":10},"end":{"line":144,"column":37}},{"start":{"line":145,"column":10},"end":{"line":145,"column":17}}]},"23":{"loc":{"start":{"line":146,"column":17},"end":{"line":146,"column":42}},"type":"binary-expr","locations":[{"start":{"line":146,"column":17},"end":{"line":146,"column":36}},{"start":{"line":146,"column":40},"end":{"line":146,"column":42}}]},"24":{"loc":{"start":{"line":146,"column":53},"end":{"line":146,"column":79}},"type":"binary-expr","locations":[{"start":{"line":146,"column":53},"end":{"line":146,"column":73}},{"start":{"line":146,"column":77},"end":{"line":146,"column":79}}]},"25":{"loc":{"start":{"line":160,"column":4},"end":{"line":160,"column":79}},"type":"if","locations":[{"start":{"line":160,"column":4},"end":{"line":160,"column":79}},{"start":{},"end":{}}]},"26":{"loc":{"start":{"line":160,"column":8},"end":{"line":160,"column":46}},"type":"binary-expr","locations":[{"start":{"line":160,"column":8},"end":{"line":160,"column":13}},{"start":{"line":160,"column":17},"end":{"line":160,"column":46}}]},"27":{"loc":{"start":{"line":167,"column":4},"end":{"line":168,"column":37}},"type":"if","locations":[{"start":{"line":167,"column":4},"end":{"line":168,"column":37}},{"start":{},"end":{}}]},"28":{"loc":{"start":{"line":167,"column":8},"end":{"line":167,"column":52}},"type":"binary-expr","locations":[{"start":{"line":167,"column":8},"end":{"line":167,"column":16}},{"start":{"line":167,"column":20},"end":{"line":167,"column":52}}]},"29":{"loc":{"start":{"line":169,"column":22},"end":{"line":169,"column":58}},"type":"cond-expr","locations":[{"start":{"line":169,"column":33},"end":{"line":169,"column":43}},{"start":{"line":169,"column":46},"end":{"line":169,"column":58}}]},"30":{"loc":{"start":{"line":171,"column":21},"end":{"line":171,"column":49}},"type":"cond-expr","locations":[{"start":{"line":171,"column":28},"end":{"line":171,"column":42}},{"start":{"line":171,"column":45},"end":{"line":171,"column":49}}]},"31":{"loc":{"start":{"line":172,"column":19},"end":{"line":172,"column":43}},"type":"cond-expr","locations":[{"start":{"line":172,"column":24},"end":{"line":172,"column":36}},{"start":{"line":172,"column":39},"end":{"line":172,"column":43}}]},"32":{"loc":{"start":{"line":173,"column":4},"end":{"line":173,"column":51}},"type":"if","locations":[{"start":{"line":173,"column":4},"end":{"line":173,"column":51}},{"start":{},"end":{}}]},"33":{"loc":{"start":{"line":174,"column":4},"end":{"line":174,"column":52}},"type":"if","locations":[{"start":{"line":174,"column":4},"end":{"line":174,"column":52}},{"start":{},"end":{}}]},"34":{"loc":{"start":{"line":182,"column":6},"end":{"line":182,"column":55}},"type":"if","locations":[{"start":{"line":182,"column":6},"end":{"line":182,"column":55}},{"start":{},"end":{}}]},"35":{"loc":{"start":{"line":184,"column":6},"end":{"line":184,"column":49}},"type":"if","locations":[{"start":{"line":184,"column":6},"end":{"line":184,"column":49}},{"start":{},"end":{}}]},"36":{"loc":{"start":{"line":184,"column":10},"end":{"line":184,"column":34}},"type":"binary-expr","locations":[{"start":{"line":184,"column":10},"end":{"line":184,"column":18}},{"start":{"line":184,"column":22},"end":{"line":184,"column":34}}]},"37":{"loc":{"start":{"line":185,"column":6},"end":{"line":185,"column":45}},"type":"if","locations":[{"start":{"line":185,"column":6},"end":{"line":185,"column":45}},{"start":{},"end":{}}]},"38":{"loc":{"start":{"line":185,"column":10},"end":{"line":185,"column":30}},"type":"binary-expr","locations":[{"start":{"line":185,"column":10},"end":{"line":185,"column":16}},{"start":{"line":185,"column":20},"end":{"line":185,"column":30}}]},"39":{"loc":{"start":{"line":204,"column":14},"end":{"line":204,"column":51}},"type":"binary-expr","locations":[{"start":{"line":204,"column":14},"end":{"line":204,"column":34}},{"start":{"line":204,"column":38},"end":{"line":204,"column":51}}]},"40":{"loc":{"start":{"line":215,"column":28},"end":{"line":215,"column":70}},"type":"cond-expr","locations":[{"start":{"line":215,"column":62},"end":{"line":215,"column":63}},{"start":{"line":215,"column":66},"end":{"line":215,"column":70}}]},"41":{"loc":{"start":{"line":215,"column":28},"end":{"line":215,"column":59}},"type":"binary-expr","locations":[{"start":{"line":215,"column":28},"end":{"line":215,"column":33}},{"start":{"line":215,"column":37},"end":{"line":215,"column":59}}]},"42":{"loc":{"start":{"line":240,"column":22},"end":{"line":242,"column":14}},"type":"cond-expr","locations":[{"start":{"line":241,"column":10},"end":{"line":241,"column":70}},{"start":{"line":242,"column":10},"end":{"line":242,"column":14}}]},"43":{"loc":{"start":{"line":243,"column":28},"end":{"line":245,"column":14}},"type":"cond-expr","locations":[{"start":{"line":244,"column":10},"end":{"line":244,"column":42}},{"start":{"line":245,"column":10},"end":{"line":245,"column":14}}]},"44":{"loc":{"start":{"line":255,"column":4},"end":{"line":255,"column":49}},"type":"if","locations":[{"start":{"line":255,"column":4},"end":{"line":255,"column":49}},{"start":{},"end":{}}]},"45":{"loc":{"start":{"line":276,"column":28},"end":{"line":278,"column":14}},"type":"cond-expr","locations":[{"start":{"line":277,"column":10},"end":{"line":277,"column":42}},{"start":{"line":278,"column":10},"end":{"line":278,"column":14}}]},"46":{"loc":{"start":{"line":280,"column":13},"end":{"line":280,"column":32}},"type":"binary-expr","locations":[{"start":{"line":280,"column":13},"end":{"line":280,"column":24}},{"start":{"line":280,"column":28},"end":{"line":280,"column":32}}]},"47":{"loc":{"start":{"line":281,"column":11},"end":{"line":281,"column":28}},"type":"binary-expr","locations":[{"start":{"line":281,"column":11},"end":{"line":281,"column":20}},{"start":{"line":281,"column":24},"end":{"line":281,"column":28}}]},"48":{"loc":{"start":{"line":14,"column":47},"end":{"line":14,"column":63}},"type":"cond-expr","locations":[{"start":{"line":14,"column":57},"end":{"line":14,"column":63}},{"start":{"line":14,"column":57},"end":{"line":14,"column":63}}]},"49":{"loc":{"start":{"line":14,"column":47},"end":{"line":14,"column":57}},"type":"binary-expr","locations":[{"start":{"line":14,"column":47},"end":{"line":14,"column":63}},{"start":{"line":14,"column":47},"end":{"line":14,"column":57}}]},"50":{"loc":{"start":{"line":14,"column":57},"end":{"line":15,"column":72}},"type":"cond-expr","locations":[{"start":{"line":15,"column":63},"end":{"line":15,"column":72}},{"start":{"line":15,"column":63},"end":{"line":15,"column":72}}]},"51":{"loc":{"start":{"line":14,"column":57},"end":{"line":15,"column":63}},"type":"binary-expr","locations":[{"start":{"line":14,"column":57},"end":{"line":15,"column":72}},{"start":{"line":15,"column":53},"end":{"line":15,"column":63}}]},"52":{"loc":{"start":{"line":15,"column":63},"end":{"line":16,"column":63}},"type":"cond-expr","locations":[{"start":{"line":16,"column":57},"end":{"line":16,"column":63}},{"start":{"line":16,"column":57},"end":{"line":16,"column":63}}]},"53":{"loc":{"start":{"line":15,"column":63},"end":{"line":16,"column":57}},"type":"binary-expr","locations":[{"start":{"line":15,"column":63},"end":{"line":16,"column":63}},{"start":{"line":16,"column":47},"end":{"line":16,"column":57}}]},"54":{"loc":{"start":{"line":16,"column":57},"end":{"line":17,"column":66}},"type":"cond-expr","locations":[{"start":{"line":17,"column":59},"end":{"line":17,"column":66}},{"start":{"line":17,"column":59},"end":{"line":17,"column":66}}]},"55":{"loc":{"start":{"line":16,"column":57},"end":{"line":17,"column":59}},"type":"binary-expr","locations":[{"start":{"line":16,"column":57},"end":{"line":17,"column":66}},{"start":{"line":17,"column":49},"end":{"line":17,"column":59}}]},"56":{"loc":{"start":{"line":17,"column":59},"end":{"line":18,"column":69}},"type":"cond-expr","locations":[{"start":{"line":18,"column":61},"end":{"line":18,"column":69}},{"start":{"line":18,"column":61},"end":{"line":18,"column":69}}]},"57":{"loc":{"start":{"line":17,"column":59},"end":{"line":18,"column":61}},"type":"binary-expr","locations":[{"start":{"line":17,"column":59},"end":{"line":18,"column":69}},{"start":{"line":18,"column":51},"end":{"line":18,"column":61}}]},"58":{"loc":{"start":{"line":18,"column":61},"end":{"line":19,"column":66}},"type":"cond-expr","locations":[{"start":{"line":19,"column":59},"end":{"line":19,"column":66}},{"start":{"line":19,"column":59},"end":{"line":19,"column":66}}]},"59":{"loc":{"start":{"line":18,"column":61},"end":{"line":19,"column":59}},"type":"binary-expr","locations":[{"start":{"line":18,"column":61},"end":{"line":19,"column":66}},{"start":{"line":19,"column":49},"end":{"line":19,"column":59}}]}},"s":{"0":1,"1":1,"2":1,"3":1,"4":1,"5":1,"6":1,"7":1,"8":1,"9":1,"10":0,"11":0,"12":0,"13":0,"14":0,"15":0,"16":0,"17":0,"18":0,"19":0,"20":0,"21":0,"22":0,"23":0,"24":0,"25":0,"26":0,"27":0,"28":0,"29":0,"30":0,"31":0,"32":0,"33":0,"34":0,"35":0,"36":0,"37":0,"38":0,"39":0,"40":0,"41":0,"42":0,"43":0,"44":0,"45":0,"46":0,"47":0,"48":0,"49":0,"50":0,"51":0,"52":0,"53":0,"54":0,"55":0,"56":0,"57":0,"58":0,"59":0,"60":0,"61":0,"62":0,"63":0,"64":0,"65":0,"66":0,"67":0,"68":0,"69":0,"70":0,"71":0,"72":0,"73":0,"74":0,"75":0,"76":0,"77":0,"78":0,"79":0,"80":0,"81":0,"82":0,"83":0,"84":0,"85":0,"86":0,"87":0,"88":0,"89":0,"90":0,"91":0,"92":0,"93":0,"94":0,"95":0,"96":0,"97":0,"98":0,"99":0,"100":0,"101":0,"102":0,"103":0,"104":0,"105":0,"106":0,"107":0,"108":0,"109":0,"110":0,"111":0,"112":0,"113":0,"114":0,"115":0,"116":0,"117":0,"118":0,"119":0,"120":0,"121":0,"122":0,"123":0,"124":0,"125":0,"126":0,"127":0,"128":0,"129":0,"130":0,"131":0,"132":0,"133":1,"134":1},"f":{"0":0,"1":0,"2":0,"3":0,"4":0,"5":0,"6":0,"7":0,"8":0,"9":0,"10":0,"11":0,"12":0,"13":0,"14":0,"15":0,"16":0,"17":0,"18":0,"19":0,"20":0,"21":0,"22":0,"23":0,"24":0,"25":0},"b":{"0":[0,0],"1":[0,0],"2":[0,0],"3":[0,0],"4":[0,0],"5":[0,0],"6":[0,0],"7":[0,0],"8":[0,0],"9":[0,0],"10":[0,0],"11":[0,0],"12":[0,0],"13":[0,0],"14":[0,0],"15":[0,0],"16":[0,0],"17":[0,0],"18":[0,0],"19":[0,0],"20":[0,0],"21":[0,0],"22":[0,0,0],"23":[0,0],"24":[0,0],"25":[0,0],"26":[0,0],"27":[0,0],"28":[0,0],"29":[0,0],"30":[0,0],"31":[0,0],"32":[0,0],"33":[0,0],"34":[0,0],"35":[0,0],"36":[0,0],"37":[0,0],"38":[0,0],"39":[0,0],"40":[0,0],"41":[0,0],"42":[0,0],"43":[0,0],"44":[0,0],"45":[0,0],"46":[0,0],"47":[0,0],"48":[1,0],"49":[1,1],"50":[1,0],"51":[1,1],"52":[1,0],"53":[1,1],"54":[1,0],"55":[1,1],"56":[1,0],"57":[1,1],"58":[1,0],"59":[1,1]}}
}
