TN:
SF:src/app.controller.ts
FN:6,(anonymous_2)
FN:9,(anonymous_3)
FNF:2
FNH:2
FNDA:1,(anonymous_2)
FNDA:1,(anonymous_3)
DA:1,1
DA:2,1
DA:5,1
DA:6,1
DA:9,1
DA:10,1
LF:6
LH:6
BRDA:6,0,0,1
BRDA:6,0,1,0
BRDA:6,1,0,1
BRDA:6,1,1,1
BRF:4
BRH:3
end_of_record
TN:
SF:src/app.module.ts
FN:30,(anonymous_1)
FNF:1
FNH:0
FNDA:0,(anonymous_1)
DA:1,0
DA:2,0
DA:3,0
DA:4,0
DA:5,0
DA:6,0
DA:7,0
DA:8,0
DA:9,0
DA:10,0
DA:11,0
DA:12,0
DA:13,0
DA:14,0
DA:15,0
DA:16,0
DA:17,0
DA:18,0
DA:19,0
DA:30,0
DA:55,0
LF:21
LH:0
BRF:0
BRH:0
end_of_record
TN:
SF:src/app.service.ts
FN:5,(anonymous_1)
FNF:1
FNH:1
FNDA:1,(anonymous_1)
DA:1,1
DA:4,1
DA:6,1
LF:3
LH:3
BRF:0
BRH:0
end_of_record
TN:
SF:src/main.ts
FN:10,(anonymous_9)
FN:18,bootstrap
FN:25,(anonymous_11)
FN:50,(anonymous_12)
FNF:4
FNH:0
FNDA:0,(anonymous_9)
FNDA:0,bootstrap
FNDA:0,(anonymous_11)
FNDA:0,(anonymous_12)
DA:1,0
DA:3,0
DA:5,0
DA:6,0
DA:7,0
DA:11,0
DA:19,0
DA:20,0
DA:23,0
DA:25,0
DA:26,0
DA:27,0
DA:28,0
DA:29,0
DA:30,0
DA:31,0
DA:33,0
DA:34,0
DA:35,0
DA:37,0
DA:40,0
DA:42,0
DA:44,0
DA:50,0
DA:51,0
DA:54,0
DA:56,0
LF:27
LH:0
BRDA:28,0,0,0
BRDA:28,0,1,0
BRDA:29,1,0,0
BRDA:29,1,1,0
BRDA:34,2,0,0
BRDA:34,2,1,0
BRDA:45,3,0,0
BRDA:45,3,1,0
BRDA:54,4,0,0
BRDA:54,4,1,0
BRF:10
BRH:0
end_of_record
TN:
SF:src/types.d.ts
FNF:0
FNH:0
LF:0
LH:0
BRF:0
BRH:0
end_of_record
TN:
SF:src/admin/admin.controller.ts
FN:19,(anonymous_4)
FN:22,(anonymous_5)
FN:36,(anonymous_6)
FN:46,(anonymous_7)
FNF:4
FNH:4
FNDA:5,(anonymous_4)
FNDA:2,(anonymous_5)
FNDA:1,(anonymous_6)
FNDA:2,(anonymous_7)
DA:1,1
DA:11,1
DA:12,1
DA:18,1
DA:19,5
DA:22,1
DA:28,2
DA:36,1
DA:42,1
DA:46,1
DA:50,2
LF:11
LH:11
BRDA:29,0,0,1
BRDA:29,0,1,1
BRDA:30,1,0,1
BRDA:30,1,1,1
BRDA:51,2,0,1
BRDA:51,2,1,1
BRDA:52,3,0,1
BRDA:52,3,1,1
BRDA:19,4,0,1
BRDA:19,4,1,0
BRDA:19,5,0,1
BRDA:19,5,1,1
BRF:12
BRH:11
end_of_record
TN:
SF:src/admin/admin.module.ts
FNF:0
FNH:0
DA:1,0
DA:2,0
DA:3,0
DA:4,0
DA:5,0
DA:6,0
DA:13,0
LF:7
LH:0
BRF:0
BRH:0
end_of_record
TN:
SF:src/admin/admin.service.ts
FN:19,(anonymous_4)
FN:24,(anonymous_5)
FN:40,(anonymous_6)
FN:71,(anonymous_7)
FNF:4
FNH:4
FNDA:13,(anonymous_4)
FNDA:3,(anonymous_5)
FNDA:8,(anonymous_6)
FNDA:2,(anonymous_7)
DA:1,2
DA:2,2
DA:3,2
DA:4,2
DA:5,2
DA:7,2
DA:10,2
DA:18,2
DA:20,13
DA:21,13
DA:25,3
DA:32,3
DA:33,1
DA:36,3
DA:37,3
DA:41,8
DA:42,1
DA:45,7
DA:50,7
DA:51,6
DA:52,5
DA:54,4
DA:55,4
DA:57,4
DA:68,4
DA:72,2
DA:77,2
LF:27
LH:27
BRDA:24,0,0,0
BRDA:24,1,0,0
BRDA:32,2,0,1
BRDA:32,2,1,2
BRDA:41,3,0,1
BRDA:41,3,1,7
BRDA:50,4,0,1
BRDA:50,4,1,6
BRDA:50,5,0,7
BRDA:50,5,1,7
BRDA:51,6,0,1
BRDA:51,6,1,5
BRDA:52,7,0,1
BRDA:52,7,1,4
BRDA:64,8,0,4
BRDA:64,8,1,3
BRDA:71,9,0,0
BRDA:71,10,0,0
BRDA:20,11,0,2
BRDA:20,11,1,0
BRDA:20,12,0,2
BRDA:20,12,1,2
BRDA:20,13,0,2
BRDA:20,13,1,0
BRDA:20,14,0,2
BRDA:20,14,1,2
BRF:26
BRH:20
end_of_record
TN:
SF:src/alerts/alerts.controller.ts
FN:10,(anonymous_4)
FN:15,(anonymous_5)
FN:20,(anonymous_6)
FN:25,(anonymous_7)
FN:32,(anonymous_8)
FN:37,(anonymous_9)
FN:42,(anonymous_10)
FNF:7
FNH:7
FNDA:6,(anonymous_4)
FNDA:1,(anonymous_5)
FNDA:1,(anonymous_6)
FNDA:1,(anonymous_7)
FNDA:1,(anonymous_8)
FNDA:1,(anonymous_9)
FNDA:1,(anonymous_10)
DA:1,1
DA:2,1
DA:3,1
DA:9,1
DA:10,6
DA:15,1
DA:16,1
DA:20,1
DA:21,1
DA:25,1
DA:26,1
DA:32,1
DA:33,1
DA:37,1
DA:38,1
DA:42,1
DA:43,1
LF:17
LH:17
BRDA:10,0,0,1
BRDA:10,0,1,0
BRDA:10,1,0,1
BRDA:10,1,1,1
BRF:4
BRH:3
end_of_record
TN:
SF:src/alerts/alerts.module.ts
FNF:0
FNH:0
DA:1,0
DA:2,0
DA:3,0
DA:4,0
DA:5,0
DA:6,0
DA:14,0
LF:7
LH:0
BRF:0
BRH:0
end_of_record
TN:
SF:src/alerts/alerts.service.ts
FN:10,(anonymous_4)
FN:15,(anonymous_5)
FN:22,(anonymous_6)
FN:52,(anonymous_7)
FN:60,(anonymous_8)
FN:68,(anonymous_9)
FN:75,(anonymous_10)
FN:81,(anonymous_11)
FN:124,(anonymous_12)
FNF:9
FNH:9
FNDA:13,(anonymous_4)
FNDA:1,(anonymous_5)
FNDA:3,(anonymous_6)
FNDA:3,(anonymous_7)
FNDA:1,(anonymous_8)
FNDA:1,(anonymous_9)
FNDA:1,(anonymous_10)
FNDA:3,(anonymous_11)
FNDA:2,(anonymous_12)
DA:1,4
DA:2,4
DA:3,4
DA:4,4
DA:5,4
DA:9,4
DA:11,13
DA:12,13
DA:16,1
DA:33,3
DA:34,3
DA:35,3
DA:36,3
DA:37,3
DA:39,3
DA:49,3
DA:53,3
DA:54,3
DA:55,2
DA:56,1
DA:57,1
DA:61,1
DA:69,1
DA:72,1
DA:76,1
DA:77,1
DA:82,3
DA:83,3
DA:85,2
DA:86,2
DA:91,2
DA:92,0
DA:97,2
DA:98,1
DA:103,2
DA:104,1
DA:109,2
DA:110,1
DA:111,1
DA:114,2
DA:115,2
DA:117,1
DA:120,1
DA:124,1
DA:125,2
DA:133,1
LF:46
LH:45
BRDA:34,0,0,1
BRDA:34,0,1,2
BRDA:35,1,0,1
BRDA:35,1,1,2
BRDA:36,2,0,1
BRDA:36,2,1,2
BRDA:37,3,0,1
BRDA:37,3,1,2
BRDA:42,4,0,1
BRDA:42,4,1,2
BRDA:43,5,0,0
BRDA:43,5,1,3
BRDA:44,6,0,3
BRDA:44,6,1,2
BRDA:45,7,0,3
BRDA:45,7,1,2
BRDA:46,8,0,3
BRDA:46,8,1,2
BRDA:47,9,0,3
BRDA:47,9,1,2
BRDA:54,10,0,1
BRDA:54,10,1,2
BRDA:55,11,0,1
BRDA:55,11,1,1
BRDA:85,12,0,2
BRDA:85,12,1,0
BRDA:91,13,0,0
BRDA:91,13,1,2
BRDA:97,14,0,1
BRDA:97,14,1,1
BRDA:103,15,0,1
BRDA:103,15,1,1
BRDA:109,16,0,1
BRDA:109,16,1,1
BRDA:115,17,0,1
BRDA:115,17,1,1
BRDA:120,18,0,1
BRDA:120,18,1,0
BRDA:11,19,0,4
BRDA:11,19,1,0
BRDA:11,20,0,4
BRDA:11,20,1,4
BRDA:11,21,0,4
BRDA:11,21,1,0
BRDA:11,22,0,4
BRDA:11,22,1,4
BRF:46
BRH:40
end_of_record
TN:
SF:src/auth/auth.controller.ts
FN:9,(anonymous_4)
FN:14,(anonymous_5)
FN:21,(anonymous_6)
FN:28,(anonymous_7)
FN:40,(anonymous_8)
FN:45,(anonymous_9)
FNF:6
FNH:6
FNDA:6,(anonymous_4)
FNDA:1,(anonymous_5)
FNDA:1,(anonymous_6)
FNDA:2,(anonymous_7)
FNDA:1,(anonymous_8)
FNDA:1,(anonymous_9)
DA:1,1
DA:2,1
DA:3,1
DA:4,1
DA:5,1
DA:8,1
DA:9,6
DA:14,1
DA:15,1
DA:21,1
DA:22,1
DA:28,1
DA:34,2
DA:35,2
DA:36,2
DA:40,1
DA:41,1
DA:45,1
DA:46,1
LF:19
LH:19
BRDA:34,0,0,2
BRDA:34,0,1,1
BRDA:35,1,0,2
BRDA:35,1,1,1
BRDA:35,1,2,0
BRDA:14,2,0,1
BRDA:14,2,1,0
BRDA:14,3,0,1
BRDA:14,3,1,1
BRDA:21,4,0,1
BRDA:21,4,1,0
BRDA:21,5,0,1
BRDA:21,5,1,1
BRDA:9,6,0,1
BRDA:9,6,1,0
BRDA:9,7,0,1
BRDA:9,7,1,1
BRF:17
BRH:13
end_of_record
TN:
SF:src/auth/auth.module.ts
FN:28,(anonymous_1)
FNF:1
FNH:0
FNDA:0,(anonymous_1)
DA:1,0
DA:2,0
DA:3,0
DA:4,0
DA:5,0
DA:6,0
DA:7,0
DA:8,0
DA:9,0
DA:10,0
DA:11,0
DA:12,0
DA:13,0
DA:14,0
DA:15,0
DA:28,0
DA:40,0
LF:17
LH:0
BRF:0
BRH:0
end_of_record
TN:
SF:src/auth/auth.service.ts
FN:26,validarCuit
FN:30,(anonymous_14)
FN:38,validarDni
FN:51,(anonymous_16)
FN:62,(anonymous_17)
FN:217,(anonymous_18)
FN:261,(anonymous_19)
FN:299,(anonymous_20)
FN:348,(anonymous_21)
FN:365,(anonymous_22)
FNF:10
FNH:10
FNDA:2,validarCuit
FNDA:20,(anonymous_14)
FNDA:13,validarDni
FNDA:39,(anonymous_16)
FNDA:15,(anonymous_17)
FNDA:6,(anonymous_18)
FNDA:8,(anonymous_19)
FNDA:7,(anonymous_20)
FNDA:3,(anonymous_21)
FNDA:4,(anonymous_22)
DA:1,2
DA:11,2
DA:12,2
DA:13,2
DA:14,2
DA:15,2
DA:16,2
DA:17,2
DA:18,2
DA:19,2
DA:27,2
DA:28,2
DA:29,2
DA:30,20
DA:31,2
DA:32,2
DA:33,2
DA:34,2
DA:39,13
DA:40,13
DA:41,12
DA:42,12
DA:48,2
DA:49,39
DA:52,39
DA:53,39
DA:55,39
DA:57,39
DA:58,39
DA:59,39
DA:63,15
DA:66,15
DA:67,15
DA:68,1
DA:71,14
DA:72,1
DA:75,1
DA:76,1
DA:82,13
DA:83,13
DA:84,2
DA:89,11
DA:90,11
DA:92,11
DA:95,11
DA:96,1
DA:103,10
DA:104,10
DA:105,5
DA:106,1
DA:110,4
DA:113,4
DA:114,1
DA:115,3
DA:116,1
DA:117,2
DA:121,1
DA:122,1
DA:123,1
DA:126,1
DA:127,1
DA:134,5
DA:135,2
DA:136,1
DA:140,1
DA:143,1
DA:144,0
DA:150,4
DA:151,1
DA:156,3
DA:157,3
DA:162,3
DA:173,3
DA:174,1
DA:177,3
DA:178,0
DA:181,3
DA:182,3
DA:185,3
DA:186,0
DA:187,0
DA:189,0
DA:192,0
DA:193,0
DA:194,0
DA:198,3
DA:199,1
DA:210,1
DA:213,3
DA:214,3
DA:218,6
DA:222,6
DA:224,5
DA:225,5
DA:227,4
DA:228,1
DA:235,3
DA:236,1
DA:240,2
DA:241,1
DA:246,1
DA:247,1
DA:265,8
DA:267,7
DA:268,2
DA:272,2
DA:273,1
DA:276,5
DA:277,2
DA:280,2
DA:283,3
DA:284,1
DA:285,1
DA:286,1
DA:289,2
DA:290,1
DA:293,1
DA:296,1
DA:300,7
DA:303,7
DA:304,6
DA:305,1
DA:307,5
DA:312,5
DA:313,1
DA:318,4
DA:319,1
DA:320,1
DA:321,1
DA:324,3
DA:325,1
DA:330,2
DA:331,1
DA:332,1
DA:333,1
DA:334,1
DA:341,1
DA:342,1
DA:343,1
DA:344,1
DA:345,1
DA:349,3
DA:352,3
DA:353,2
DA:354,1
DA:356,1
DA:361,1
DA:362,1
DA:366,4
DA:367,4
DA:369,4
DA:376,4
DA:378,4
DA:382,4
DA:383,4
DA:385,0
DA:386,0
LF:157
LH:147
BRDA:28,0,0,0
BRDA:28,0,1,2
BRDA:32,1,0,0
BRDA:32,1,1,2
BRDA:33,2,0,0
BRDA:33,2,1,2
BRDA:40,3,0,1
BRDA:40,3,1,12
BRDA:42,4,0,12
BRDA:42,4,1,11
BRDA:67,5,0,1
BRDA:67,5,1,14
BRDA:71,6,0,1
BRDA:71,6,1,13
BRDA:75,7,0,1
BRDA:75,7,1,0
BRDA:82,8,0,13
BRDA:82,8,1,0
BRDA:83,9,0,2
BRDA:83,9,1,11
BRDA:90,10,0,2
BRDA:90,10,1,9
BRDA:95,11,0,1
BRDA:95,11,1,10
BRDA:97,12,0,0
BRDA:97,12,1,1
BRDA:104,13,0,5
BRDA:104,13,1,5
BRDA:105,14,0,1
BRDA:105,14,1,4
BRDA:113,15,0,1
BRDA:113,15,1,3
BRDA:115,16,0,1
BRDA:115,16,1,2
BRDA:117,17,0,1
BRDA:117,17,1,1
BRDA:118,18,0,2
BRDA:118,18,1,2
BRDA:126,19,0,1
BRDA:126,19,1,0
BRDA:134,20,0,2
BRDA:134,20,1,3
BRDA:134,21,0,5
BRDA:134,21,1,2
BRDA:135,22,0,1
BRDA:135,22,1,1
BRDA:143,23,0,0
BRDA:143,23,1,1
BRDA:150,24,0,1
BRDA:150,24,1,3
BRDA:150,25,0,4
BRDA:150,25,1,4
BRDA:157,26,0,1
BRDA:157,26,1,2
BRDA:167,27,0,3
BRDA:167,27,1,3
BRDA:168,28,0,3
BRDA:168,28,1,0
BRDA:169,29,0,3
BRDA:169,29,1,3
BRDA:173,30,0,1
BRDA:173,30,1,2
BRDA:177,31,0,0
BRDA:177,31,1,3
BRDA:177,32,0,3
BRDA:177,32,1,0
BRDA:185,33,0,0
BRDA:185,33,1,3
BRDA:185,34,0,3
BRDA:185,34,1,0
BRDA:192,35,0,0
BRDA:192,35,1,0
BRDA:192,36,0,0
BRDA:192,36,1,0
BRDA:198,37,0,1
BRDA:198,37,1,2
BRDA:201,38,0,1
BRDA:201,38,1,0
BRDA:203,39,0,1
BRDA:203,39,1,0
BRDA:205,40,0,0
BRDA:205,40,1,1
BRDA:222,41,0,1
BRDA:222,41,1,5
BRDA:225,42,0,1
BRDA:225,42,1,4
BRDA:227,43,0,1
BRDA:227,43,1,3
BRDA:235,44,0,1
BRDA:235,44,1,2
BRDA:240,45,0,1
BRDA:240,45,1,1
BRDA:254,46,0,1
BRDA:254,46,1,1
BRDA:255,47,0,1
BRDA:255,47,1,0
BRDA:265,48,0,1
BRDA:265,48,1,7
BRDA:265,49,0,8
BRDA:265,49,1,7
BRDA:267,50,0,2
BRDA:267,50,1,5
BRDA:272,51,0,1
BRDA:272,51,1,1
BRDA:276,52,0,2
BRDA:276,52,1,3
BRDA:283,53,0,1
BRDA:283,53,1,2
BRDA:289,54,0,1
BRDA:289,54,1,1
BRDA:303,55,0,1
BRDA:303,55,1,6
BRDA:304,56,0,1
BRDA:304,56,1,5
BRDA:312,57,0,1
BRDA:312,57,1,4
BRDA:318,58,0,1
BRDA:318,58,1,3
BRDA:324,59,0,1
BRDA:324,59,1,2
BRDA:330,60,0,1
BRDA:330,60,1,1
BRDA:335,61,0,1
BRDA:335,61,1,0
BRDA:336,62,0,0
BRDA:336,62,1,1
BRDA:336,63,0,0
BRDA:336,63,1,1
BRDA:352,64,0,1
BRDA:352,64,1,2
BRDA:353,65,0,1
BRDA:353,65,1,1
BRDA:385,66,0,0
BRDA:385,66,1,0
BRDA:52,67,0,2
BRDA:52,67,1,0
BRDA:52,68,0,2
BRDA:52,68,1,2
BRDA:52,69,0,2
BRDA:52,69,1,0
BRDA:52,70,0,2
BRDA:52,70,1,2
BRDA:53,71,0,2
BRDA:53,71,1,0
BRDA:53,72,0,2
BRDA:53,72,1,2
BRDA:55,73,0,2
BRDA:55,73,1,0
BRDA:55,74,0,2
BRDA:55,74,1,2
BRDA:57,75,0,2
BRDA:57,75,1,0
BRDA:57,76,0,2
BRDA:57,76,1,2
BRDA:58,77,0,2
BRDA:58,77,1,0
BRDA:58,78,0,2
BRDA:58,78,1,2
BRF:158
BRH:126
end_of_record
TN:
SF:src/auth/jwt-auth.guard.ts
FNF:0
FNH:0
DA:1,9
DA:2,9
DA:5,9
LF:3
LH:3
BRF:0
BRH:0
end_of_record
TN:
SF:src/auth/jwt.strategy.ts
FN:11,(anonymous_4)
FN:22,(anonymous_5)
FNF:2
FNH:2
FNDA:4,(anonymous_4)
FNDA:4,(anonymous_5)
DA:1,1
DA:2,1
DA:3,1
DA:4,1
DA:5,1
DA:6,1
DA:7,1
DA:10,1
DA:13,4
DA:15,4
DA:23,4
DA:24,4
DA:25,3
DA:27,1
LF:14
LH:14
BRDA:24,0,0,3
BRDA:24,0,1,1
BRDA:24,1,0,4
BRDA:24,1,1,3
BRDA:12,2,0,1
BRDA:12,2,1,0
BRDA:12,3,0,1
BRDA:12,3,1,1
BRDA:12,4,0,1
BRDA:12,4,1,0
BRDA:12,5,0,1
BRDA:12,5,1,1
BRF:12
BRH:10
end_of_record
TN:
SF:src/auth/mp-oauth.controller.ts
FN:8,(anonymous_4)
FN:13,(anonymous_5)
FN:23,(anonymous_6)
FN:40,(anonymous_7)
FNF:4
FNH:4
FNDA:4,(anonymous_4)
FNDA:1,(anonymous_5)
FNDA:2,(anonymous_6)
FNDA:1,(anonymous_7)
DA:1,1
DA:3,1
DA:4,1
DA:7,1
DA:8,4
DA:13,1
DA:17,1
DA:18,1
DA:23,1
DA:28,2
DA:29,2
DA:30,2
DA:31,1
DA:33,1
DA:40,1
DA:41,1
LF:16
LH:16
BRDA:28,0,0,2
BRDA:28,0,1,0
BRDA:8,1,0,1
BRDA:8,1,1,0
BRDA:8,2,0,1
BRDA:8,2,1,1
BRF:6
BRH:4
end_of_record
TN:
SF:src/auth/mp-oauth.service.ts
FN:8,(anonymous_4)
FN:10,(anonymous_5)
FN:28,(anonymous_6)
FN:55,(anonymous_7)
FNF:4
FNH:4
FNDA:7,(anonymous_4)
FNDA:2,(anonymous_5)
FNDA:2,(anonymous_6)
FNDA:3,(anonymous_7)
DA:1,2
DA:2,2
DA:3,2
DA:4,2
DA:7,2
DA:8,7
DA:11,2
DA:12,2
DA:13,2
DA:14,1
DA:18,1
DA:25,1
DA:29,2
DA:44,2
DA:45,1
DA:46,1
DA:51,1
DA:52,1
DA:56,3
DA:57,3
LF:20
LH:20
BRDA:13,0,0,1
BRDA:13,0,1,1
BRDA:13,1,0,2
BRDA:13,1,1,1
BRDA:44,2,0,1
BRDA:44,2,1,1
BRDA:8,3,0,2
BRDA:8,3,1,0
BRDA:8,4,0,2
BRDA:8,4,1,2
BRF:10
BRH:9
end_of_record
TN:
SF:src/auth/dto/login.dto.ts
FNF:0
FNH:0
DA:1,1
LF:1
LH:1
BRF:0
BRH:0
end_of_record
TN:
SF:src/auth/dto/register.dto.ts
FNF:0
FNH:0
DA:1,1
LF:1
LH:1
BRF:0
BRH:0
end_of_record
TN:
SF:src/documents/afip-verification.service.ts
FN:8,(anonymous_2)
FN:10,(anonymous_3)
FN:23,(anonymous_4)
FN:26,(anonymous_5)
FN:32,(anonymous_6)
FN:52,(anonymous_7)
FN:57,(anonymous_8)
FN:76,(anonymous_9)
FNF:8
FNH:7
FNDA:11,(anonymous_2)
FNDA:17,(anonymous_3)
FNDA:5,(anonymous_4)
FNDA:15,(anonymous_5)
FNDA:0,(anonymous_6)
FNDA:8,(anonymous_7)
FNDA:24,(anonymous_8)
FNDA:3,(anonymous_9)
DA:1,3
DA:2,3
DA:4,3
DA:7,3
DA:8,11
DA:11,17
DA:12,17
DA:13,17
DA:14,17
DA:15,170
DA:17,17
DA:18,17
DA:19,16
DA:20,14
DA:24,5
DA:25,5
DA:26,5
DA:27,15
DA:28,15
DA:35,0
DA:36,0
DA:37,0
DA:40,0
DA:41,0
DA:46,0
DA:48,0
DA:57,8
DA:58,24
DA:65,8
DA:66,8
DA:68,8
DA:69,8
DA:70,8
DA:71,15
DA:73,8
DA:84,3
DA:86,3
DA:87,7
DA:88,7
DA:89,4
DA:94,4
DA:95,1
DA:104,2
LF:43
LH:36
BRDA:18,0,0,1
BRDA:18,0,1,16
BRDA:19,1,0,2
BRDA:19,1,1,14
BRDA:19,2,0,0
BRDA:19,2,1,2
BRDA:40,3,0,0
BRDA:40,3,1,0
BRDA:42,4,0,0
BRDA:42,4,1,0
BRDA:43,5,0,0
BRDA:43,5,1,0
BRDA:71,6,0,7
BRDA:71,6,1,8
BRDA:88,7,0,4
BRDA:88,7,1,3
BRDA:94,8,0,1
BRDA:94,8,1,3
BRDA:8,9,0,3
BRDA:8,9,1,0
BRDA:8,10,0,3
BRDA:8,10,1,3
BRF:22
BRH:14
end_of_record
TN:
SF:src/documents/dni-vision.service.ts
FN:6,(anonymous_1)
FN:33,(anonymous_2)
FN:56,(anonymous_3)
FN:58,(anonymous_4)
FN:63,(anonymous_5)
FN:84,(anonymous_6)
FN:100,(anonymous_7)
FN:117,(anonymous_8)
FN:136,(anonymous_9)
FN:155,(anonymous_10)
FN:174,(anonymous_11)
FN:193,(anonymous_12)
FN:194,(anonymous_13)
FN:198,(anonymous_14)
FN:199,(anonymous_15)
FN:203,(anonymous_16)
FN:210,(anonymous_17)
FN:212,(anonymous_18)
FN:213,(anonymous_19)
FN:220,(anonymous_20)
FN:221,(anonymous_21)
FN:222,(anonymous_22)
FNF:22
FNH:18
FNDA:0,(anonymous_1)
FNDA:0,(anonymous_2)
FNDA:9,(anonymous_3)
FNDA:105,(anonymous_4)
FNDA:2,(anonymous_5)
FNDA:2,(anonymous_6)
FNDA:1,(anonymous_7)
FNDA:1,(anonymous_8)
FNDA:1,(anonymous_9)
FNDA:1,(anonymous_10)
FNDA:1,(anonymous_11)
FNDA:3,(anonymous_12)
FNDA:6,(anonymous_13)
FNDA:2,(anonymous_14)
FNDA:4,(anonymous_15)
FNDA:3,(anonymous_16)
FNDA:1,(anonymous_17)
FNDA:1,(anonymous_18)
FNDA:0,(anonymous_19)
FNDA:1,(anonymous_20)
FNDA:1,(anonymous_21)
FNDA:0,(anonymous_22)
DA:1,3
DA:2,3
DA:5,3
DA:7,0
DA:8,0
DA:9,0
DA:11,0
DA:13,0
DA:32,0
DA:33,0
DA:36,0
DA:37,0
DA:38,0
DA:42,0
DA:47,0
DA:50,0
DA:51,0
DA:52,0
DA:57,9
DA:58,105
DA:59,9
DA:64,2
DA:80,2
DA:85,2
DA:96,2
DA:101,1
DA:113,1
DA:118,1
DA:132,1
DA:137,1
DA:151,1
DA:156,1
DA:170,1
DA:175,1
DA:190,1
DA:194,6
DA:195,3
DA:199,4
DA:200,2
DA:204,3
DA:206,3
DA:207,3
DA:208,1
DA:210,1
DA:212,1
DA:213,0
DA:214,1
DA:217,2
DA:218,2
DA:219,1
DA:220,1
DA:221,1
DA:222,0
DA:223,1
DA:225,1
LF:55
LH:38
BRDA:8,0,0,0
BRDA:8,0,1,0
BRDA:32,1,0,0
BRDA:32,1,1,0
BRDA:36,2,0,0
BRDA:36,2,1,0
BRDA:37,3,0,0
BRDA:37,3,1,0
BRDA:51,4,0,0
BRDA:51,4,1,0
BRDA:51,5,0,0
BRDA:51,5,1,0
BRDA:52,6,0,0
BRDA:52,6,1,0
BRDA:207,7,0,1
BRDA:207,7,1,2
BRDA:212,8,0,1
BRDA:212,8,1,1
BRDA:214,9,0,1
BRDA:214,9,1,0
BRDA:218,10,0,1
BRDA:218,10,1,1
BRDA:221,11,0,1
BRDA:221,11,1,1
BRDA:223,12,0,1
BRDA:223,12,1,0
BRF:26
BRH:10
end_of_record
TN:
SF:src/documents/documents.controller.ts
FN:33,(anonymous_4)
FN:48,(anonymous_5)
FN:60,(anonymous_6)
FN:65,(anonymous_7)
FN:70,(anonymous_8)
FN:75,(anonymous_9)
FN:80,(anonymous_10)
FN:97,(anonymous_11)
FN:117,(anonymous_12)
FN:142,(anonymous_13)
FN:167,(anonymous_14)
FN:187,(anonymous_15)
FN:212,(anonymous_16)
FN:232,(anonymous_17)
FN:240,(anonymous_18)
FN:246,(anonymous_19)
FN:252,(anonymous_20)
FN:40,(anonymous_21)
FN:89,(anonymous_22)
FN:109,(anonymous_23)
FN:134,(anonymous_24)
FN:159,(anonymous_25)
FN:179,(anonymous_26)
FN:204,(anonymous_27)
FN:224,(anonymous_28)
FNF:25
FNH:6
FNDA:7,(anonymous_4)
FNDA:0,(anonymous_5)
FNDA:1,(anonymous_6)
FNDA:1,(anonymous_7)
FNDA:1,(anonymous_8)
FNDA:0,(anonymous_9)
FNDA:0,(anonymous_10)
FNDA:0,(anonymous_11)
FNDA:0,(anonymous_12)
FNDA:0,(anonymous_13)
FNDA:0,(anonymous_14)
FNDA:0,(anonymous_15)
FNDA:0,(anonymous_16)
FNDA:0,(anonymous_17)
FNDA:2,(anonymous_18)
FNDA:0,(anonymous_19)
FNDA:2,(anonymous_20)
FNDA:0,(anonymous_21)
FNDA:0,(anonymous_22)
FNDA:0,(anonymous_23)
FNDA:0,(anonymous_24)
FNDA:0,(anonymous_25)
FNDA:0,(anonymous_26)
FNDA:0,(anonymous_27)
FNDA:0,(anonymous_28)
DA:1,1
DA:16,1
DA:17,1
DA:18,1
DA:19,1
DA:20,1
DA:21,1
DA:27,1
DA:28,1
DA:32,1
DA:33,7
DA:41,0
DA:42,0
DA:48,1
DA:54,0
DA:55,0
DA:56,0
DA:60,1
DA:61,1
DA:65,1
DA:66,1
DA:70,1
DA:71,1
DA:75,1
DA:76,0
DA:80,1
DA:81,0
DA:90,0
DA:91,0
DA:97,1
DA:101,0
DA:110,0
DA:111,0
DA:117,1
DA:122,0
DA:135,0
DA:136,0
DA:142,1
DA:147,0
DA:160,0
DA:161,0
DA:167,1
DA:171,0
DA:180,0
DA:181,0
DA:187,1
DA:192,0
DA:205,0
DA:206,0
DA:212,1
DA:216,0
DA:225,0
DA:226,0
DA:232,1
DA:236,0
DA:240,1
DA:241,2
DA:242,1
DA:246,1
DA:247,0
DA:248,0
DA:252,1
DA:257,2
DA:258,1
LF:64
LH:34
BRDA:54,0,0,0
BRDA:54,0,1,0
BRDA:54,1,0,0
BRDA:54,1,1,0
BRDA:241,2,0,1
BRDA:241,2,1,1
BRDA:247,3,0,0
BRDA:247,3,1,0
BRDA:257,4,0,1
BRDA:257,4,1,1
BRDA:50,5,0,0
BRDA:50,5,1,1
BRDA:50,6,0,1
BRDA:50,6,1,0
BRDA:50,6,2,0
BRDA:99,7,0,0
BRDA:99,7,1,1
BRDA:99,8,0,1
BRDA:99,8,1,0
BRDA:99,8,2,0
BRDA:120,9,0,0
BRDA:120,9,1,1
BRDA:120,10,0,1
BRDA:120,10,1,0
BRDA:120,10,2,0
BRDA:145,11,0,0
BRDA:145,11,1,1
BRDA:145,12,0,1
BRDA:145,12,1,0
BRDA:145,12,2,0
BRDA:169,13,0,0
BRDA:169,13,1,1
BRDA:169,14,0,1
BRDA:169,14,1,0
BRDA:169,14,2,0
BRDA:190,15,0,0
BRDA:190,15,1,1
BRDA:190,16,0,1
BRDA:190,16,1,0
BRDA:190,16,2,0
BRDA:214,17,0,0
BRDA:214,17,1,1
BRDA:214,18,0,1
BRDA:214,18,1,0
BRDA:214,18,2,0
BRDA:234,19,0,0
BRDA:234,19,1,1
BRDA:234,20,0,1
BRDA:234,20,1,0
BRDA:234,20,2,0
BRDA:33,21,0,1
BRDA:33,21,1,0
BRDA:33,22,0,1
BRDA:33,22,1,1
BRF:54
BRH:23
end_of_record
TN:
SF:src/documents/documents.module.ts
FNF:0
FNH:0
DA:1,0
DA:2,0
DA:3,0
DA:4,0
DA:5,0
DA:6,0
DA:7,0
DA:8,0
DA:9,0
DA:10,0
DA:20,0
LF:11
LH:0
BRF:0
BRH:0
end_of_record
TN:
SF:src/documents/documents.service.ts
FN:22,(anonymous_4)
FN:33,(anonymous_5)
FN:49,(anonymous_6)
FN:53,(anonymous_7)
FN:59,(anonymous_8)
FN:64,(anonymous_9)
FN:65,(anonymous_10)
FN:72,(anonymous_11)
FN:78,(anonymous_12)
FN:83,(anonymous_13)
FN:84,(anonymous_14)
FN:91,(anonymous_15)
FN:105,(anonymous_16)
FN:146,(anonymous_17)
FN:178,(anonymous_18)
FN:230,(anonymous_19)
FN:282,(anonymous_20)
FN:319,(anonymous_21)
FN:348,(anonymous_22)
FN:372,(anonymous_23)
FN:402,(anonymous_24)
FN:413,(anonymous_25)
FN:431,(anonymous_26)
FN:450,(anonymous_27)
FN:451,(anonymous_28)
FNF:25
FNH:25
FNDA:34,(anonymous_4)
FNDA:1,(anonymous_5)
FNDA:1,(anonymous_6)
FNDA:2,(anonymous_7)
FNDA:1,(anonymous_8)
FNDA:1,(anonymous_9)
FNDA:1,(anonymous_10)
FNDA:1,(anonymous_11)
FNDA:1,(anonymous_12)
FNDA:1,(anonymous_13)
FNDA:1,(anonymous_14)
FNDA:2,(anonymous_15)
FNDA:4,(anonymous_16)
FNDA:2,(anonymous_17)
FNDA:4,(anonymous_18)
FNDA:2,(anonymous_19)
FNDA:2,(anonymous_20)
FNDA:2,(anonymous_21)
FNDA:2,(anonymous_22)
FNDA:4,(anonymous_23)
FNDA:1,(anonymous_24)
FNDA:1,(anonymous_25)
FNDA:3,(anonymous_26)
FNDA:6,(anonymous_27)
FNDA:13,(anonymous_28)
DA:1,2
DA:7,2
DA:8,2
DA:9,2
DA:10,2
DA:15,2
DA:16,2
DA:17,2
DA:18,2
DA:21,2
DA:24,34
DA:26,34
DA:28,34
DA:29,34
DA:30,34
DA:39,1
DA:40,1
DA:46,1
DA:50,1
DA:56,2
DA:59,2
DA:61,2
DA:64,2
DA:65,2
DA:75,1
DA:78,1
DA:80,1
DA:83,1
DA:84,1
DA:94,2
DA:98,2
DA:99,1
DA:109,4
DA:110,4
DA:111,4
DA:112,1
DA:114,3
DA:116,3
DA:117,1
DA:124,2
DA:127,2
DA:128,2
DA:130,2
DA:131,1
DA:135,1
DA:137,1
DA:138,1
DA:150,2
DA:151,2
DA:152,2
DA:153,0
DA:155,2
DA:157,2
DA:158,1
DA:165,1
DA:167,1
DA:168,1
DA:169,1
DA:171,0
DA:183,4
DA:184,4
DA:185,3
DA:187,2
DA:189,2
DA:190,0
DA:197,2
DA:199,2
DA:200,0
DA:206,2
DA:207,2
DA:209,2
DA:210,1
DA:216,1
DA:217,1
DA:218,1
DA:220,1
DA:223,1
DA:235,2
DA:236,2
DA:237,2
DA:239,2
DA:241,2
DA:242,0
DA:249,2
DA:251,2
DA:252,0
DA:258,2
DA:259,2
DA:261,2
DA:262,1
DA:268,1
DA:269,1
DA:270,1
DA:272,1
DA:275,1
DA:287,2
DA:288,2
DA:289,2
DA:291,2
DA:293,2
DA:294,0
DA:301,2
DA:302,2
DA:303,1
DA:309,1
DA:313,1
DA:323,2
DA:324,2
DA:326,2
DA:328,2
DA:329,0
DA:336,2
DA:337,1
DA:344,1
DA:345,1
DA:352,2
DA:353,2
DA:355,2
DA:357,2
DA:358,1
DA:365,1
DA:366,1
DA:375,4
DA:376,4
DA:377,4
DA:378,1
DA:379,3
DA:380,1
DA:383,2
DA:384,1
DA:386,1
DA:391,1
DA:392,1
DA:395,1
DA:405,1
DA:406,1
DA:407,1
DA:420,1
DA:421,1
DA:422,1
DA:437,3
DA:438,3
DA:439,2
DA:440,2
DA:441,2
DA:442,2
DA:443,2
DA:446,2
DA:449,2
DA:450,2
DA:451,13
DA:453,2
DA:458,2
LF:153
LH:145
BRDA:61,0,0,1
BRDA:61,0,1,1
BRDA:67,1,0,1
BRDA:67,1,1,0
BRDA:68,2,0,1
BRDA:68,2,1,0
BRDA:80,3,0,1
BRDA:80,3,1,0
BRDA:86,4,0,1
BRDA:86,4,1,0
BRDA:87,5,0,1
BRDA:87,5,1,0
BRDA:98,6,0,1
BRDA:98,6,1,1
BRDA:110,7,0,0
BRDA:110,7,1,4
BRDA:111,8,0,1
BRDA:111,8,1,3
BRDA:116,9,0,1
BRDA:116,9,1,2
BRDA:127,10,0,2
BRDA:127,10,1,2
BRDA:127,11,0,2
BRDA:127,11,1,2
BRDA:130,12,0,1
BRDA:130,12,1,1
BRDA:151,13,0,0
BRDA:151,13,1,2
BRDA:152,14,0,0
BRDA:152,14,1,2
BRDA:157,15,0,1
BRDA:157,15,1,1
BRDA:167,16,0,1
BRDA:167,16,1,0
BRDA:184,17,0,1
BRDA:184,17,1,3
BRDA:185,18,0,1
BRDA:185,18,1,2
BRDA:189,19,0,0
BRDA:189,19,1,2
BRDA:199,20,0,0
BRDA:199,20,1,2
BRDA:209,21,0,1
BRDA:209,21,1,1
BRDA:209,22,0,2
BRDA:209,22,1,1
BRDA:217,23,0,0
BRDA:217,23,1,1
BRDA:220,24,0,0
BRDA:220,24,1,1
BRDA:236,25,0,0
BRDA:236,25,1,2
BRDA:237,26,0,0
BRDA:237,26,1,2
BRDA:241,27,0,0
BRDA:241,27,1,2
BRDA:251,28,0,0
BRDA:251,28,1,2
BRDA:261,29,0,1
BRDA:261,29,1,1
BRDA:261,30,0,2
BRDA:261,30,1,1
BRDA:269,31,0,0
BRDA:269,31,1,1
BRDA:272,32,0,0
BRDA:272,32,1,1
BRDA:288,33,0,0
BRDA:288,33,1,2
BRDA:289,34,0,0
BRDA:289,34,1,2
BRDA:293,35,0,0
BRDA:293,35,1,2
BRDA:302,36,0,1
BRDA:302,36,1,1
BRDA:324,37,0,0
BRDA:324,37,1,2
BRDA:328,38,0,0
BRDA:328,38,1,2
BRDA:336,39,0,1
BRDA:336,39,1,1
BRDA:336,40,0,2
BRDA:336,40,1,2
BRDA:353,41,0,0
BRDA:353,41,1,2
BRDA:357,42,0,1
BRDA:357,42,1,1
BRDA:376,43,0,0
BRDA:376,43,1,4
BRDA:377,44,0,1
BRDA:377,44,1,3
BRDA:379,45,0,1
BRDA:379,45,1,2
BRDA:383,46,0,1
BRDA:383,46,1,1
BRDA:391,47,0,1
BRDA:391,47,1,0
BRDA:406,48,0,0
BRDA:406,48,1,1
BRDA:421,49,0,0
BRDA:421,49,1,1
BRDA:438,50,0,1
BRDA:438,50,1,2
BRDA:440,51,0,2
BRDA:440,51,1,1
BRDA:451,52,0,13
BRDA:451,52,1,6
BRDA:24,53,0,2
BRDA:24,53,1,0
BRDA:24,54,0,2
BRDA:24,54,1,2
BRDA:24,55,0,2
BRDA:24,55,1,0
BRDA:24,56,0,2
BRDA:24,56,1,2
BRDA:26,57,0,2
BRDA:26,57,1,0
BRDA:26,58,0,2
BRDA:26,58,1,2
BRDA:28,59,0,2
BRDA:28,59,1,0
BRDA:28,60,0,2
BRDA:28,60,1,2
BRDA:29,61,0,2
BRDA:29,61,1,0
BRDA:29,62,0,2
BRDA:29,62,1,2
BRF:126
BRH:92
end_of_record
TN:
SF:src/email/email.module.ts
FNF:0
FNH:0
DA:1,0
DA:2,0
DA:8,0
LF:3
LH:0
BRF:0
BRH:0
end_of_record
TN:
SF:src/email/email.service.ts
FN:8,(anonymous_2)
FN:10,(anonymous_3)
FNF:2
FNH:0
FNDA:0,(anonymous_2)
FNDA:0,(anonymous_3)
DA:1,2
DA:2,2
DA:5,2
DA:6,0
DA:8,0
DA:15,0
DA:16,0
DA:17,0
DA:18,0
DA:20,0
DA:36,0
DA:37,0
DA:38,0
DA:39,0
LF:14
LH:3
BRDA:36,0,0,0
BRDA:36,0,1,0
BRDA:8,1,0,2
BRDA:8,1,1,0
BRDA:8,2,0,2
BRDA:8,2,1,2
BRF:6
BRH:3
end_of_record
TN:
SF:src/entities/audit-log.entity.ts
FNF:0
FNH:0
DA:1,2
DA:4,2
DA:6,2
DA:9,2
DA:12,2
DA:15,2
DA:18,2
DA:22,2
DA:25,2
DA:28,2
LF:10
LH:10
BRDA:28,0,0,2
BRDA:28,0,1,0
BRDA:28,1,0,2
BRDA:28,1,1,2
BRF:4
BRH:3
end_of_record
TN:
SF:src/entities/email-verification.entity.ts
FNF:0
FNH:0
DA:1,2
DA:9,2
DA:11,2
DA:14,2
DA:17,2
DA:20,2
DA:23,2
DA:26,2
DA:29,2
LF:9
LH:9
BRDA:20,0,0,2
BRDA:20,0,1,0
BRDA:20,1,0,2
BRDA:20,1,1,2
BRDA:29,2,0,2
BRDA:29,2,1,0
BRDA:29,3,0,2
BRDA:29,3,1,2
BRF:8
BRH:6
end_of_record
TN:
SF:src/entities/fleet-invitation.entity.ts
FN:24,(anonymous_2)
FNF:1
FNH:0
FNDA:0,(anonymous_2)
DA:1,4
DA:9,4
DA:14,4
DA:16,4
DA:19,4
DA:22,4
DA:24,0
DA:26,4
DA:29,4
DA:32,4
DA:35,4
DA:38,4
LF:12
LH:11
BRDA:26,0,0,4
BRDA:26,0,1,0
BRDA:26,1,0,4
BRDA:26,1,1,4
BRDA:35,2,0,4
BRDA:35,2,1,0
BRDA:35,3,0,4
BRDA:35,3,1,4
BRDA:38,4,0,4
BRDA:38,4,1,0
BRDA:38,5,0,4
BRDA:38,5,1,4
BRF:12
BRH:9
end_of_record
TN:
SF:src/entities/insurance-policy.entity.ts
FNF:0
FNH:0
DA:1,0
DA:9,0
DA:11,0
DA:14,0
DA:17,0
DA:20,0
DA:23,0
DA:26,0
DA:29,0
DA:32,0
DA:35,0
DA:39,0
DA:47,0
DA:54,0
DA:62,0
DA:65,0
DA:68,0
LF:17
LH:0
BRDA:65,0,0,0
BRDA:65,0,1,0
BRDA:65,1,0,0
BRDA:65,1,1,0
BRDA:68,2,0,0
BRDA:68,2,1,0
BRDA:68,3,0,0
BRDA:68,3,1,0
BRF:8
BRH:0
end_of_record
TN:
SF:src/entities/insurance-product.entity.ts
FNF:0
FNH:0
DA:1,0
DA:4,0
DA:6,0
DA:9,0
DA:12,0
DA:15,0
DA:18,0
DA:21,0
DA:24,0
DA:27,0
LF:10
LH:0
BRDA:27,0,0,0
BRDA:27,0,1,0
BRDA:27,1,0,0
BRDA:27,1,1,0
BRF:4
BRH:0
end_of_record
TN:
SF:src/entities/load-alert.entity.ts
FNF:0
FNH:0
DA:1,4
DA:4,4
DA:6,4
DA:9,4
DA:13,4
DA:17,4
DA:21,4
DA:24,4
DA:27,4
DA:30,4
DA:33,4
DA:36,4
LF:12
LH:12
BRDA:36,0,0,4
BRDA:36,0,1,0
BRDA:36,1,0,4
BRDA:36,1,1,4
BRF:4
BRH:3
end_of_record
TN:
SF:src/entities/load.entity.ts
FN:26,(anonymous_2)
FNF:1
FNH:0
FNDA:0,(anonymous_2)
DA:1,8
DA:9,8
DA:19,8
DA:21,8
DA:24,8
DA:26,0
DA:28,8
DA:32,8
DA:35,8
DA:39,8
DA:42,8
DA:45,8
DA:48,8
DA:51,8
DA:54,8
DA:57,8
DA:60,8
DA:63,8
DA:66,8
DA:69,8
DA:72,8
DA:75,8
DA:78,8
DA:81,8
LF:24
LH:23
BRDA:28,0,0,8
BRDA:28,0,1,0
BRDA:28,1,0,8
BRDA:28,1,1,8
BRDA:69,2,0,8
BRDA:69,2,1,0
BRDA:69,3,0,8
BRDA:69,3,1,8
BRDA:81,4,0,8
BRDA:81,4,1,0
BRDA:81,5,0,8
BRDA:81,5,1,8
BRF:12
BRH:9
end_of_record
TN:
SF:src/entities/message.entity.ts
FN:22,(anonymous_2)
FN:29,(anonymous_3)
FNF:2
FNH:0
FNDA:0,(anonymous_2)
FNDA:0,(anonymous_3)
DA:1,0
DA:10,0
DA:11,0
DA:15,0
DA:17,0
DA:20,0
DA:22,0
DA:24,0
DA:27,0
DA:29,0
DA:31,0
DA:34,0
DA:37,0
DA:40,0
LF:14
LH:0
BRDA:24,0,0,0
BRDA:24,0,1,0
BRDA:24,1,0,0
BRDA:24,1,1,0
BRDA:31,2,0,0
BRDA:31,2,1,0
BRDA:31,3,0,0
BRDA:31,3,1,0
BRDA:40,4,0,0
BRDA:40,4,1,0
BRDA:40,5,0,0
BRDA:40,5,1,0
BRF:12
BRH:0
end_of_record
TN:
SF:src/entities/notification.entity.ts
FNF:0
FNH:0
DA:1,4
DA:4,4
DA:6,4
DA:9,4
DA:12,4
DA:15,4
DA:19,4
DA:22,4
DA:25,4
LF:9
LH:9
BRDA:25,0,0,4
BRDA:25,0,1,0
BRDA:25,1,0,4
BRDA:25,1,1,4
BRF:4
BRH:3
end_of_record
TN:
SF:src/entities/offer.entity.ts
FN:30,(anonymous_2)
FN:37,(anonymous_3)
FN:44,(anonymous_4)
FN:51,(anonymous_5)
FNF:4
FNH:0
FNDA:0,(anonymous_2)
FNDA:0,(anonymous_3)
FNDA:0,(anonymous_4)
FNDA:0,(anonymous_5)
DA:1,8
DA:10,8
DA:11,8
DA:12,8
DA:23,8
DA:25,8
DA:28,8
DA:30,0
DA:32,8
DA:35,8
DA:37,0
DA:39,8
DA:42,8
DA:44,0
DA:46,8
DA:49,8
DA:51,0
DA:53,8
DA:56,8
DA:59,8
DA:62,8
DA:65,8
DA:68,8
LF:23
LH:19
BRDA:32,0,0,8
BRDA:32,0,1,0
BRDA:32,1,0,8
BRDA:32,1,1,8
BRDA:39,2,0,8
BRDA:39,2,1,0
BRDA:39,3,0,8
BRDA:39,3,1,8
BRDA:46,4,0,8
BRDA:46,4,1,0
BRDA:46,5,0,8
BRDA:46,5,1,8
BRDA:53,6,0,8
BRDA:53,6,1,0
BRDA:53,7,0,8
BRDA:53,7,1,8
BRDA:68,8,0,8
BRDA:68,8,1,0
BRDA:68,9,0,8
BRDA:68,9,1,8
BRF:20
BRH:15
end_of_record
TN:
SF:src/entities/payment.entity.ts
FN:22,(anonymous_2)
FN:29,(anonymous_3)
FNF:2
FNH:0
FNDA:0,(anonymous_2)
FNDA:0,(anonymous_3)
DA:1,1
DA:9,1
DA:10,1
DA:15,1
DA:17,1
DA:20,1
DA:22,0
DA:24,1
DA:27,1
DA:29,0
DA:31,1
DA:34,1
DA:37,1
DA:40,1
DA:43,1
DA:49,1
DA:52,1
DA:56,1
DA:59,1
DA:62,1
DA:65,1
DA:68,1
LF:22
LH:20
BRDA:24,0,0,1
BRDA:24,0,1,0
BRDA:24,1,0,1
BRDA:24,1,1,1
BRDA:31,2,0,1
BRDA:31,2,1,0
BRDA:31,3,0,1
BRDA:31,3,1,1
BRDA:68,4,0,1
BRDA:68,4,1,0
BRDA:68,5,0,1
BRDA:68,5,1,1
BRF:12
BRH:9
end_of_record
TN:
SF:src/entities/rating.entity.ts
FN:23,(anonymous_2)
FN:30,(anonymous_3)
FN:37,(anonymous_4)
FN:44,(anonymous_5)
FNF:4
FNH:0
FNDA:0,(anonymous_2)
FNDA:0,(anonymous_3)
FNDA:0,(anonymous_4)
FNDA:0,(anonymous_5)
DA:1,5
DA:10,5
DA:11,5
DA:12,5
DA:16,5
DA:18,5
DA:21,5
DA:23,0
DA:25,5
DA:28,5
DA:30,0
DA:32,5
DA:35,5
DA:37,0
DA:39,5
DA:42,5
DA:44,0
DA:46,5
DA:49,5
DA:52,5
LF:20
LH:16
BRDA:25,0,0,5
BRDA:25,0,1,0
BRDA:25,1,0,5
BRDA:25,1,1,5
BRDA:32,2,0,5
BRDA:32,2,1,0
BRDA:32,3,0,5
BRDA:32,3,1,5
BRDA:39,4,0,5
BRDA:39,4,1,0
BRDA:39,5,0,5
BRDA:39,5,1,5
BRDA:46,6,0,5
BRDA:46,6,1,0
BRDA:46,7,0,5
BRDA:46,7,1,5
BRDA:52,8,0,5
BRDA:52,8,1,0
BRDA:52,9,0,5
BRDA:52,9,1,5
BRF:20
BRH:15
end_of_record
TN:
SF:src/entities/report.entity.ts
FN:32,(anonymous_2)
FN:39,(anonymous_3)
FNF:2
FNH:0
FNDA:0,(anonymous_2)
FNDA:0,(anonymous_3)
DA:1,2
DA:9,2
DA:25,2
DA:27,2
DA:30,2
DA:32,0
DA:34,2
DA:37,2
DA:39,0
DA:41,2
DA:44,2
DA:47,2
DA:50,2
DA:53,2
DA:56,2
DA:59,2
DA:62,2
DA:65,2
LF:18
LH:16
BRDA:34,0,0,2
BRDA:34,0,1,0
BRDA:34,1,0,2
BRDA:34,1,1,2
BRDA:41,2,0,2
BRDA:41,2,1,0
BRDA:41,3,0,2
BRDA:41,3,1,2
BRDA:62,4,0,2
BRDA:62,4,1,0
BRDA:62,5,0,2
BRDA:62,5,1,2
BRDA:65,6,0,2
BRDA:65,6,1,0
BRDA:65,7,0,2
BRDA:65,7,1,2
BRF:16
BRH:12
end_of_record
TN:
SF:src/entities/shipper.entity.ts
FN:20,(anonymous_2)
FNF:1
FNH:0
FNDA:0,(anonymous_2)
DA:1,10
DA:8,10
DA:13,10
DA:15,10
DA:18,10
DA:20,0
DA:22,10
DA:25,10
DA:28,10
DA:31,10
DA:34,10
DA:37,10
LF:12
LH:11
BRDA:22,0,0,10
BRDA:22,0,1,0
BRDA:22,1,0,10
BRDA:22,1,1,10
BRF:4
BRH:3
end_of_record
TN:
SF:src/entities/truck.entity.ts
FN:18,(anonymous_2)
FNF:1
FNH:0
FNDA:0,(anonymous_2)
DA:1,12
DA:8,12
DA:11,12
DA:13,12
DA:16,12
DA:18,0
DA:20,12
DA:23,12
DA:26,12
DA:29,12
DA:32,12
DA:35,12
DA:38,12
DA:41,12
DA:44,12
DA:47,12
DA:50,12
DA:54,12
DA:57,12
DA:60,12
DA:63,12
DA:66,12
LF:22
LH:21
BRDA:20,0,0,12
BRDA:20,0,1,0
BRDA:20,1,0,12
BRDA:20,1,1,12
BRF:4
BRH:3
end_of_record
TN:
SF:src/entities/trucker-document.entity.ts
FNF:0
FNH:0
DA:1,3
DA:13,3
DA:15,3
DA:18,3
DA:21,3
DA:24,3
DA:27,3
DA:30,3
DA:33,3
DA:36,3
DA:39,3
DA:42,3
LF:12
LH:12
BRDA:36,0,0,3
BRDA:36,0,1,0
BRDA:36,1,0,3
BRDA:36,1,1,3
BRDA:39,2,0,3
BRDA:39,2,1,0
BRDA:39,3,0,3
BRDA:39,3,1,3
BRDA:42,4,0,3
BRDA:42,4,1,0
BRDA:42,5,0,3
BRDA:42,5,1,3
BRF:12
BRH:9
end_of_record
TN:
SF:src/entities/user.entity.ts
FN:68,(anonymous_2)
FNF:1
FNH:0
FNDA:0,(anonymous_2)
DA:1,21
DA:14,21
DA:16,21
DA:19,21
DA:22,21
DA:25,21
DA:28,21
DA:31,21
DA:34,21
DA:37,21
DA:40,21
DA:43,21
DA:46,21
DA:49,21
DA:52,21
DA:56,21
DA:60,21
DA:63,21
DA:66,21
DA:68,0
DA:70,21
DA:74,21
DA:77,21
DA:80,21
LF:24
LH:23
BRDA:80,0,0,21
BRDA:80,0,1,0
BRDA:80,1,0,21
BRDA:80,1,1,21
BRF:4
BRH:3
end_of_record
TN:
SF:src/fleet/fleet.controller.ts
FN:28,(anonymous_4)
FN:32,(anonymous_5)
FN:38,(anonymous_6)
FN:44,(anonymous_7)
FN:50,(anonymous_8)
FN:56,(anonymous_9)
FN:62,(anonymous_10)
FN:68,(anonymous_11)
FN:74,(anonymous_12)
FN:81,(anonymous_13)
FN:86,(anonymous_14)
FN:93,(anonymous_15)
FN:99,(anonymous_16)
FN:105,(anonymous_17)
FNF:14
FNH:12
FNDA:11,(anonymous_4)
FNDA:1,(anonymous_5)
FNDA:1,(anonymous_6)
FNDA:1,(anonymous_7)
FNDA:1,(anonymous_8)
FNDA:1,(anonymous_9)
FNDA:0,(anonymous_10)
FNDA:1,(anonymous_11)
FNDA:0,(anonymous_12)
FNDA:1,(anonymous_13)
FNDA:1,(anonymous_14)
FNDA:1,(anonymous_15)
FNDA:1,(anonymous_16)
FNDA:1,(anonymous_17)
DA:1,1
DA:13,1
DA:24,1
DA:27,1
DA:28,11
DA:32,1
DA:33,1
DA:38,1
DA:39,1
DA:44,1
DA:45,1
DA:50,1
DA:51,1
DA:56,1
DA:57,1
DA:62,1
DA:63,0
DA:68,1
DA:69,1
DA:74,1
DA:75,0
DA:81,1
DA:82,1
DA:86,1
DA:87,1
DA:93,1
DA:94,1
DA:99,1
DA:100,1
DA:105,1
DA:109,1
LF:31
LH:29
BRDA:28,0,0,1
BRDA:28,0,1,0
BRDA:28,1,0,1
BRDA:28,1,1,1
BRF:4
BRH:3
end_of_record
TN:
SF:src/fleet/fleet.module.ts
FNF:0
FNH:0
DA:1,0
DA:2,0
DA:3,0
DA:4,0
DA:5,0
DA:6,0
DA:7,0
DA:8,0
DA:18,0
LF:9
LH:0
BRF:0
BRH:0
end_of_record
TN:
SF:src/fleet/fleet.service.ts
FN:21,validarPatente
FN:27,validarAnio
FN:33,validarVigencia
FN:45,validarDni
FN:56,(anonymous_17)
FN:64,(anonymous_18)
FN:68,(anonymous_19)
FN:124,(anonymous_20)
FN:172,(anonymous_21)
FN:207,(anonymous_22)
FN:228,(anonymous_23)
FN:268,(anonymous_24)
FN:276,(anonymous_25)
FN:288,(anonymous_26)
FN:296,(anonymous_27)
FN:331,(anonymous_28)
FN:344,(anonymous_29)
FN:428,(anonymous_30)
FN:465,(anonymous_31)
FNF:19
FNH:18
FNDA:5,validarPatente
FNDA:1,validarAnio
FNDA:4,validarVigencia
FNDA:0,validarDni
FNDA:31,(anonymous_17)
FNDA:1,(anonymous_18)
FNDA:6,(anonymous_19)
FNDA:3,(anonymous_20)
FNDA:3,(anonymous_21)
FNDA:3,(anonymous_22)
FNDA:2,(anonymous_23)
FNDA:1,(anonymous_24)
FNDA:1,(anonymous_25)
FNDA:2,(anonymous_26)
FNDA:1,(anonymous_27)
FNDA:1,(anonymous_28)
FNDA:4,(anonymous_29)
FNDA:3,(anonymous_30)
FNDA:1,(anonymous_31)
DA:1,2
DA:9,2
DA:10,2
DA:11,2
DA:12,2
DA:13,2
DA:14,2
DA:15,2
DA:16,2
DA:22,5
DA:23,5
DA:28,1
DA:29,1
DA:34,4
DA:35,0
DA:36,0
DA:37,0
DA:38,0
DA:39,0
DA:46,0
DA:47,0
DA:48,0
DA:49,0
DA:55,2
DA:57,31
DA:58,31
DA:60,31
DA:61,31
DA:65,1
DA:72,6
DA:73,1
DA:74,5
DA:75,0
DA:78,5
DA:79,1
DA:83,4
DA:86,4
DA:89,4
DA:90,1
DA:95,3
DA:96,1
DA:97,1
DA:104,2
DA:105,1
DA:106,1
DA:113,1
DA:114,1
DA:116,1
DA:121,1
DA:125,3
DA:126,3
DA:127,2
DA:130,1
DA:131,0
DA:132,0
DA:136,0
DA:137,0
DA:138,0
DA:139,0
DA:140,0
DA:143,1
DA:148,0
DA:153,1
DA:154,0
DA:158,1
DA:159,1
DA:166,1
DA:168,1
DA:169,1
DA:173,3
DA:174,3
DA:175,1
DA:177,2
DA:184,2
DA:185,1
DA:189,1
DA:190,1
DA:191,1
DA:198,1
DA:199,1
DA:204,1
DA:208,3
DA:212,3
DA:213,2
DA:214,1
DA:215,1
DA:216,1
DA:217,1
DA:218,1
DA:220,0
DA:229,2
DA:230,2
DA:231,2
DA:232,0
DA:233,2
DA:234,0
DA:235,0
DA:236,0
DA:239,2
DA:240,2
DA:241,0
DA:244,2
DA:245,1
DA:246,1
DA:247,0
DA:249,1
DA:250,1
DA:253,1
DA:256,1
DA:257,1
DA:258,1
DA:261,1
DA:265,1
DA:269,1
DA:273,1
DA:280,1
DA:281,1
DA:282,1
DA:283,1
DA:284,1
DA:285,1
DA:289,2
DA:290,2
DA:291,2
DA:292,1
DA:293,1
DA:297,1
DA:331,1
DA:332,1
DA:334,1
DA:338,1
DA:341,0
DA:354,4
DA:355,4
DA:356,1
DA:359,3
DA:360,0
DA:363,3
DA:364,0
DA:367,3
DA:370,3
DA:371,1
DA:374,2
DA:375,0
DA:381,2
DA:382,0
DA:383,0
DA:387,0
DA:388,0
DA:391,0
DA:392,0
DA:398,2
DA:399,1
DA:404,1
DA:405,1
DA:415,1
DA:418,1
DA:419,1
DA:420,1
DA:424,1
DA:425,1
DA:433,3
DA:434,3
DA:435,2
DA:437,1
DA:438,0
DA:443,1
DA:444,0
DA:445,0
DA:447,0
DA:448,0
DA:451,0
DA:452,0
DA:453,0
DA:456,1
DA:457,1
DA:458,1
DA:459,1
DA:461,1
DA:462,1
DA:466,1
DA:467,1
DA:468,1
DA:469,1
DA:470,1
LF:185
LH:141
BRDA:23,0,0,5
BRDA:23,0,1,5
BRDA:29,1,0,1
BRDA:29,1,1,0
BRDA:34,2,0,4
BRDA:34,2,1,0
BRDA:36,3,0,0
BRDA:36,3,1,0
BRDA:38,4,0,0
BRDA:38,4,1,0
BRDA:47,5,0,0
BRDA:47,5,1,0
BRDA:49,6,0,0
BRDA:49,6,1,0
BRDA:72,7,0,1
BRDA:72,7,1,5
BRDA:74,8,0,0
BRDA:74,8,1,5
BRDA:78,9,0,1
BRDA:78,9,1,4
BRDA:89,10,0,1
BRDA:89,10,1,3
BRDA:95,11,0,1
BRDA:95,11,1,2
BRDA:95,12,0,3
BRDA:95,12,1,1
BRDA:96,13,0,1
BRDA:96,13,1,0
BRDA:104,14,0,1
BRDA:104,14,1,1
BRDA:104,15,0,2
BRDA:104,15,1,1
BRDA:105,16,0,1
BRDA:105,16,1,0
BRDA:113,17,0,1
BRDA:113,17,1,1
BRDA:114,18,0,1
BRDA:114,18,1,1
BRDA:126,19,0,1
BRDA:126,19,1,2
BRDA:127,20,0,1
BRDA:127,20,1,1
BRDA:130,21,0,0
BRDA:130,21,1,1
BRDA:130,22,0,1
BRDA:130,22,1,0
BRDA:131,23,0,0
BRDA:131,23,1,0
BRDA:138,24,0,0
BRDA:138,24,1,0
BRDA:138,25,0,0
BRDA:138,25,1,0
BRDA:143,26,0,0
BRDA:143,26,1,1
BRDA:144,27,0,1
BRDA:144,27,1,0
BRDA:144,27,2,0
BRDA:153,28,0,0
BRDA:153,28,1,1
BRDA:153,29,0,1
BRDA:153,29,1,0
BRDA:158,30,0,1
BRDA:158,30,1,1
BRDA:159,31,0,1
BRDA:159,31,1,1
BRDA:174,32,0,1
BRDA:174,32,1,2
BRDA:174,33,0,3
BRDA:174,33,1,3
BRDA:184,34,0,1
BRDA:184,34,1,1
BRDA:184,35,0,2
BRDA:184,35,1,1
BRDA:212,36,0,1
BRDA:212,36,1,2
BRDA:213,37,0,1
BRDA:213,37,1,1
BRDA:215,38,0,1
BRDA:215,38,1,0
BRDA:215,39,0,1
BRDA:215,39,1,1
BRDA:230,40,0,0
BRDA:230,40,1,2
BRDA:231,41,0,0
BRDA:231,41,1,2
BRDA:233,42,0,0
BRDA:233,42,1,2
BRDA:233,43,0,2
BRDA:233,43,1,2
BRDA:240,44,0,0
BRDA:240,44,1,2
BRDA:240,45,0,2
BRDA:240,45,1,2
BRDA:244,46,0,1
BRDA:244,46,1,1
BRDA:246,47,0,0
BRDA:246,47,1,1
BRDA:256,48,0,1
BRDA:256,48,1,0
BRDA:256,49,0,1
BRDA:256,49,1,1
BRDA:273,50,0,1
BRDA:273,50,1,0
BRDA:281,51,0,0
BRDA:281,51,1,1
BRDA:281,52,0,1
BRDA:281,52,1,1
BRDA:282,53,0,1
BRDA:282,53,1,0
BRDA:290,54,0,0
BRDA:290,54,1,2
BRDA:291,55,0,1
BRDA:291,55,1,1
BRDA:332,56,0,1
BRDA:332,56,1,0
BRDA:332,57,0,1
BRDA:332,57,1,1
BRDA:355,58,0,1
BRDA:355,58,1,3
BRDA:355,59,0,4
BRDA:355,59,1,4
BRDA:359,60,0,0
BRDA:359,60,1,3
BRDA:363,61,0,0
BRDA:363,61,1,3
BRDA:370,62,0,1
BRDA:370,62,1,2
BRDA:374,63,0,0
BRDA:374,63,1,2
BRDA:374,64,0,2
BRDA:374,64,1,0
BRDA:381,65,0,0
BRDA:381,65,1,2
BRDA:382,66,0,0
BRDA:382,66,1,0
BRDA:391,67,0,0
BRDA:391,67,1,0
BRDA:398,68,0,1
BRDA:398,68,1,1
BRDA:398,69,0,2
BRDA:398,69,1,2
BRDA:410,70,0,1
BRDA:410,70,1,1
BRDA:411,71,0,0
BRDA:411,71,1,1
BRDA:418,72,0,1
BRDA:418,72,1,0
BRDA:434,73,0,1
BRDA:434,73,1,2
BRDA:435,74,0,1
BRDA:435,74,1,1
BRDA:437,75,0,0
BRDA:437,75,1,1
BRDA:437,76,0,1
BRDA:437,76,1,0
BRDA:443,77,0,0
BRDA:443,77,1,1
BRDA:444,78,0,0
BRDA:444,78,1,0
BRDA:451,79,0,0
BRDA:451,79,1,0
BRDA:451,80,0,0
BRDA:451,80,1,0
BRDA:456,81,0,1
BRDA:456,81,1,0
BRDA:457,82,0,0
BRDA:457,82,1,1
BRDA:458,83,0,0
BRDA:458,83,1,1
BRDA:467,84,0,0
BRDA:467,84,1,1
BRDA:468,85,0,0
BRDA:468,85,1,1
BRDA:57,86,0,2
BRDA:57,86,1,0
BRDA:57,87,0,2
BRDA:57,87,1,2
BRDA:57,88,0,2
BRDA:57,88,1,0
BRDA:57,89,0,2
BRDA:57,89,1,2
BRDA:58,90,0,2
BRDA:58,90,1,0
BRDA:58,91,0,2
BRDA:58,91,1,2
BRDA:60,92,0,2
BRDA:60,92,1,0
BRDA:60,93,0,2
BRDA:60,93,1,2
BRF:189
BRH:122
end_of_record
TN:
SF:src/insurance/insurance.controller.ts
FN:10,(anonymous_4)
FN:16,(anonymous_5)
FN:22,(anonymous_6)
FN:27,(anonymous_7)
FN:35,(anonymous_8)
FN:44,(anonymous_9)
FN:51,(anonymous_10)
FN:58,(anonymous_11)
FN:66,(anonymous_12)
FNF:9
FNH:0
FNDA:0,(anonymous_4)
FNDA:0,(anonymous_5)
FNDA:0,(anonymous_6)
FNDA:0,(anonymous_7)
FNDA:0,(anonymous_8)
FNDA:0,(anonymous_9)
FNDA:0,(anonymous_10)
FNDA:0,(anonymous_11)
FNDA:0,(anonymous_12)
DA:1,0
DA:2,0
DA:3,0
DA:9,0
DA:10,0
DA:16,0
DA:17,0
DA:22,0
DA:23,0
DA:27,0
DA:31,0
DA:35,0
DA:40,0
DA:44,0
DA:45,0
DA:51,0
DA:54,0
DA:58,0
DA:62,0
DA:66,0
DA:67,0
LF:21
LH:0
BRDA:38,0,0,0
BRDA:38,0,1,0
BRDA:38,1,0,0
BRDA:38,1,1,0
BRDA:10,2,0,0
BRDA:10,2,1,0
BRDA:10,3,0,0
BRDA:10,3,1,0
BRF:8
BRH:0
end_of_record
TN:
SF:src/insurance/insurance.module.ts
FNF:0
FNH:0
DA:1,0
DA:2,0
DA:3,0
DA:4,0
DA:5,0
DA:6,0
DA:7,0
DA:8,0
DA:24,0
LF:9
LH:0
BRF:0
BRH:0
end_of_record
TN:
SF:src/insurance/insurance.provider.ts
FNF:0
FNH:0
DA:39,0
LF:1
LH:0
BRF:0
BRH:0
end_of_record
TN:
SF:src/insurance/insurance.service.ts
FN:11,(anonymous_4)
FN:21,(anonymous_5)
FN:28,(anonymous_6)
FN:32,(anonymous_7)
FN:47,(anonymous_8)
FN:59,(anonymous_9)
FN:69,(anonymous_10)
FN:73,(anonymous_11)
FN:100,(anonymous_12)
FNF:9
FNH:0
FNDA:0,(anonymous_4)
FNDA:0,(anonymous_5)
FNDA:0,(anonymous_6)
FNDA:0,(anonymous_7)
FNDA:0,(anonymous_8)
FNDA:0,(anonymous_9)
FNDA:0,(anonymous_10)
FNDA:0,(anonymous_11)
FNDA:0,(anonymous_12)
DA:1,0
DA:2,0
DA:3,0
DA:4,0
DA:5,0
DA:7,0
DA:10,0
DA:12,0
DA:14,0
DA:16,0
DA:22,0
DA:29,0
DA:42,0
DA:43,0
DA:44,0
DA:52,0
DA:53,0
DA:54,0
DA:55,0
DA:56,0
DA:60,0
DA:61,0
DA:62,0
DA:63,0
DA:64,0
DA:70,0
DA:77,0
DA:82,0
DA:97,0
DA:101,0
LF:30
LH:0
BRDA:42,0,0,0
BRDA:42,0,1,0
BRDA:52,1,0,0
BRDA:52,1,1,0
BRDA:54,2,0,0
BRDA:54,2,1,0
BRDA:60,3,0,0
BRDA:60,3,1,0
BRDA:62,4,0,0
BRDA:62,4,1,0
BRDA:84,5,0,0
BRDA:84,5,1,0
BRDA:89,6,0,0
BRDA:89,6,1,0
BRDA:14,7,0,0
BRDA:14,7,1,0
BRDA:14,8,0,0
BRDA:14,8,1,0
BRDA:14,9,0,0
BRDA:14,9,1,0
BRDA:14,10,0,0
BRDA:14,10,1,0
BRF:22
BRH:0
end_of_record
TN:
SF:src/insurance/providers/mock.provider.ts
FN:37,(anonymous_1)
FN:60,(anonymous_2)
FNF:2
FNH:0
FNDA:0,(anonymous_1)
FNDA:0,(anonymous_2)
DA:1,0
DA:2,0
DA:20,0
DA:31,0
DA:34,0
DA:35,0
DA:38,0
DA:39,0
DA:42,0
DA:43,0
DA:45,0
DA:61,0
DA:62,0
DA:64,0
LF:14
LH:0
BRDA:38,0,0,0
BRDA:38,0,1,0
BRDA:39,1,0,0
BRDA:39,1,1,0
BRF:4
BRH:0
end_of_record
TN:
SF:src/loads/loads.controller.ts
FN:30,(anonymous_4)
FN:34,(anonymous_5)
FN:40,(anonymous_6)
FN:46,(anonymous_7)
FN:54,(anonymous_8)
FN:65,(anonymous_9)
FN:75,(anonymous_10)
FN:81,(anonymous_11)
FNF:8
FNH:8
FNDA:8,(anonymous_4)
FNDA:1,(anonymous_5)
FNDA:1,(anonymous_6)
FNDA:1,(anonymous_7)
FNDA:2,(anonymous_8)
FNDA:1,(anonymous_9)
FNDA:1,(anonymous_10)
FNDA:1,(anonymous_11)
DA:1,1
DA:25,1
DA:26,1
DA:29,1
DA:30,8
DA:34,1
DA:35,1
DA:40,1
DA:41,1
DA:46,1
DA:50,1
DA:54,1
DA:58,2
DA:59,1
DA:60,1
DA:65,1
DA:70,1
DA:75,1
DA:76,1
DA:81,1
DA:82,1
LF:21
LH:21
BRDA:58,0,0,1
BRDA:58,0,1,1
BRDA:30,1,0,1
BRDA:30,1,1,0
BRDA:30,2,0,1
BRDA:30,2,1,1
BRF:6
BRH:5
end_of_record
TN:
SF:src/loads/loads.module.ts
FNF:0
FNH:0
DA:1,0
DA:2,0
DA:3,0
DA:4,0
DA:5,0
DA:6,0
DA:7,0
DA:8,0
DA:9,0
DA:17,0
LF:10
LH:0
BRF:0
BRH:0
end_of_record
TN:
SF:src/loads/loads.service.ts
FN:15,haversineKm
FN:36,(anonymous_5)
FN:44,(anonymous_6)
FN:58,(anonymous_7)
FN:64,(anonymous_8)
FN:65,(anonymous_9)
FN:72,(anonymous_10)
FN:74,(anonymous_11)
FN:75,(anonymous_12)
FN:76,(anonymous_13)
FN:91,(anonymous_14)
FN:146,(anonymous_15)
FN:176,(anonymous_16)
FN:188,(anonymous_17)
FN:205,(anonymous_18)
FN:254,(anonymous_19)
FN:272,(anonymous_20)
FNF:17
FNH:16
FNDA:0,haversineKm
FNDA:32,(anonymous_5)
FNDA:3,(anonymous_6)
FNDA:1,(anonymous_7)
FNDA:2,(anonymous_8)
FNDA:1,(anonymous_9)
FNDA:1,(anonymous_10)
FNDA:1,(anonymous_11)
FNDA:2,(anonymous_12)
FNDA:1,(anonymous_13)
FNDA:5,(anonymous_14)
FNDA:3,(anonymous_15)
FNDA:3,(anonymous_16)
FNDA:4,(anonymous_17)
FNDA:7,(anonymous_18)
FNDA:3,(anonymous_19)
FNDA:4,(anonymous_20)
DA:1,2
DA:7,2
DA:8,2
DA:9,2
DA:10,2
DA:11,2
DA:12,2
DA:13,2
DA:16,0
DA:17,0
DA:18,0
DA:20,0
DA:24,0
DA:27,2
DA:35,2
DA:37,32
DA:38,32
DA:39,32
DA:40,32
DA:41,32
DA:45,3
DA:48,3
DA:49,1
DA:53,2
DA:58,2
DA:59,2
DA:63,2
DA:64,2
DA:65,1
DA:66,2
DA:72,2
DA:74,2
DA:75,2
DA:76,1
DA:77,1
DA:95,5
DA:98,5
DA:99,1
DA:103,4
DA:104,4
DA:105,1
DA:109,3
DA:114,1
DA:116,2
DA:121,1
DA:124,1
DA:129,1
DA:130,0
DA:133,1
DA:141,1
DA:142,1
DA:143,1
DA:147,3
DA:169,3
DA:170,3
DA:171,1
DA:173,3
DA:177,3
DA:178,3
DA:180,2
DA:181,2
DA:182,2
DA:184,1
DA:185,1
DA:189,4
DA:192,4
DA:194,3
DA:195,3
DA:196,3
DA:197,2
DA:198,1
DA:201,1
DA:202,1
DA:220,7
DA:223,7
DA:225,6
DA:226,6
DA:227,5
DA:228,4
DA:229,1
DA:233,3
DA:234,3
DA:235,0
DA:238,3
DA:239,1
DA:240,1
DA:241,0
DA:243,2
DA:244,1
DA:245,1
DA:246,0
DA:248,1
DA:249,1
DA:251,1
DA:255,3
DA:258,3
DA:260,3
DA:261,3
DA:262,3
DA:263,2
DA:264,1
DA:268,1
DA:269,1
DA:273,4
DA:276,4
DA:278,3
DA:279,3
DA:280,3
DA:281,2
DA:282,1
DA:285,1
DA:286,1
LF:112
LH:103
BRDA:48,0,0,1
BRDA:48,0,1,2
BRDA:59,1,0,1
BRDA:59,1,1,1
BRDA:66,2,0,1
BRDA:66,2,1,1
BRDA:80,3,0,1
BRDA:80,3,1,0
BRDA:84,4,0,1
BRDA:84,4,1,0
BRDA:98,5,0,1
BRDA:98,5,1,4
BRDA:104,6,0,1
BRDA:104,6,1,3
BRDA:109,7,0,1
BRDA:109,7,1,2
BRDA:110,8,0,3
BRDA:110,8,1,3
BRDA:110,8,2,3
BRDA:116,9,0,1
BRDA:116,9,1,1
BRDA:117,10,0,2
BRDA:117,10,1,2
BRDA:117,10,2,2
BRDA:124,11,0,0
BRDA:124,11,1,1
BRDA:125,12,0,0
BRDA:125,12,1,0
BRDA:129,13,0,0
BRDA:129,13,1,1
BRDA:129,14,0,1
BRDA:129,14,1,0
BRDA:129,14,2,0
BRDA:129,14,3,0
BRDA:169,15,0,1
BRDA:169,15,1,2
BRDA:170,16,0,1
BRDA:170,16,1,2
BRDA:178,17,0,1
BRDA:178,17,1,2
BRDA:181,18,0,0
BRDA:181,18,1,2
BRDA:182,19,0,1
BRDA:182,19,1,1
BRDA:192,20,0,1
BRDA:192,20,1,3
BRDA:195,21,0,0
BRDA:195,21,1,3
BRDA:196,22,0,1
BRDA:196,22,1,2
BRDA:197,23,0,1
BRDA:197,23,1,1
BRDA:223,24,0,1
BRDA:223,24,1,6
BRDA:226,25,0,1
BRDA:226,25,1,5
BRDA:227,26,0,1
BRDA:227,26,1,4
BRDA:228,27,0,1
BRDA:228,27,1,3
BRDA:233,28,0,1
BRDA:233,28,1,2
BRDA:234,29,0,0
BRDA:234,29,1,3
BRDA:236,30,0,0
BRDA:236,30,1,0
BRDA:238,31,0,1
BRDA:238,31,1,2
BRDA:239,32,0,1
BRDA:239,32,1,0
BRDA:243,33,0,1
BRDA:243,33,1,1
BRDA:244,34,0,1
BRDA:244,34,1,0
BRDA:248,35,0,0
BRDA:248,35,1,1
BRDA:249,36,0,1
BRDA:249,36,1,0
BRDA:258,37,0,0
BRDA:258,37,1,3
BRDA:261,38,0,0
BRDA:261,38,1,3
BRDA:262,39,0,1
BRDA:262,39,1,2
BRDA:263,40,0,1
BRDA:263,40,1,1
BRDA:276,41,0,1
BRDA:276,41,1,3
BRDA:279,42,0,0
BRDA:279,42,1,3
BRDA:280,43,0,1
BRDA:280,43,1,2
BRDA:281,44,0,1
BRDA:281,44,1,1
BRDA:37,45,0,2
BRDA:37,45,1,0
BRDA:37,46,0,2
BRDA:37,46,1,2
BRDA:37,47,0,2
BRDA:37,47,1,0
BRDA:37,48,0,2
BRDA:37,48,1,2
BRDA:38,49,0,2
BRDA:38,49,1,0
BRDA:38,50,0,2
BRDA:38,50,1,2
BRDA:39,51,0,2
BRDA:39,51,1,0
BRDA:39,52,0,2
BRDA:39,52,1,2
BRDA:40,53,0,2
BRDA:40,53,1,0
BRDA:40,54,0,2
BRDA:40,54,1,2
BRF:114
BRH:88
end_of_record
TN:
SF:src/location/location.controller.ts
FN:18,(anonymous_4)
FN:27,(anonymous_5)
FN:40,(anonymous_6)
FN:46,(anonymous_7)
FNF:4
FNH:0
FNDA:0,(anonymous_4)
FNDA:0,(anonymous_5)
FNDA:0,(anonymous_6)
FNDA:0,(anonymous_7)
DA:1,0
DA:10,0
DA:11,0
DA:12,0
DA:13,0
DA:14,0
DA:17,0
DA:19,0
DA:21,0
DA:27,0
DA:31,0
DA:34,0
DA:35,0
DA:40,0
DA:41,0
DA:46,0
DA:47,0
LF:17
LH:0
BRDA:41,0,0,0
BRDA:41,0,1,0
BRDA:19,1,0,0
BRDA:19,1,1,0
BRDA:19,2,0,0
BRDA:19,2,1,0
BRDA:19,3,0,0
BRDA:19,3,1,0
BRDA:19,4,0,0
BRDA:19,4,1,0
BRF:10
BRH:0
end_of_record
TN:
SF:src/location/location.module.ts
FNF:0
FNH:0
DA:1,0
DA:2,0
DA:3,0
DA:4,0
DA:5,0
DA:12,0
LF:6
LH:0
BRF:0
BRH:0
end_of_record
TN:
SF:src/location/location.service.ts
FN:13,(anonymous_1)
FN:17,(anonymous_2)
FN:19,(anonymous_3)
FN:20,(anonymous_4)
FNF:4
FNH:0
FNDA:0,(anonymous_1)
FNDA:0,(anonymous_2)
FNDA:0,(anonymous_3)
FNDA:0,(anonymous_4)
DA:1,0
DA:2,0
DA:3,0
DA:6,0
DA:7,0
DA:14,0
DA:18,0
DA:19,0
DA:20,0
LF:9
LH:0
BRF:0
BRH:0
end_of_record
TN:
SF:src/location/trip-location.entity.ts
FNF:0
FNH:0
DA:1,0
DA:4,0
DA:6,0
DA:9,0
DA:12,0
DA:15,0
LF:6
LH:0
BRDA:15,0,0,0
BRDA:15,0,1,0
BRDA:15,1,0,0
BRDA:15,1,1,0
BRF:4
BRH:0
end_of_record
TN:
SF:src/mail/mail.module.ts
FNF:0
FNH:0
DA:1,0
DA:2,0
DA:8,0
LF:3
LH:0
BRF:0
BRH:0
end_of_record
TN:
SF:src/mail/mail.service.ts
FN:31,(anonymous_11)
FN:42,(anonymous_12)
FN:50,(anonymous_13)
FN:106,(anonymous_14)
FN:130,(anonymous_15)
FN:155,(anonymous_16)
FN:174,(anonymous_17)
FN:193,(anonymous_18)
FN:221,(anonymous_19)
FN:249,(anonymous_20)
FN:270,(anonymous_21)
FN:331,(anonymous_22)
FN:365,(anonymous_23)
FNF:13
FNH:0
FNDA:0,(anonymous_11)
FNDA:0,(anonymous_12)
FNDA:0,(anonymous_13)
FNDA:0,(anonymous_14)
FNDA:0,(anonymous_15)
FNDA:0,(anonymous_16)
FNDA:0,(anonymous_17)
FNDA:0,(anonymous_18)
FNDA:0,(anonymous_19)
FNDA:0,(anonymous_20)
FNDA:0,(anonymous_21)
FNDA:0,(anonymous_22)
FNDA:0,(anonymous_23)
DA:1,5
DA:2,5
DA:3,5
DA:27,5
DA:28,0
DA:31,0
DA:32,0
DA:48,0
DA:50,0
DA:58,0
DA:107,0
DA:108,0
DA:116,0
DA:118,0
DA:131,0
DA:132,0
DA:136,0
DA:137,0
DA:143,0
DA:156,0
DA:157,0
DA:162,0
DA:175,0
DA:176,0
DA:181,0
DA:201,0
DA:202,0
DA:209,0
DA:229,0
DA:230,0
DA:237,0
DA:256,0
DA:257,0
DA:258,0
DA:276,0
DA:277,0
DA:278,0
DA:324,0
DA:338,0
DA:339,0
DA:346,0
DA:352,0
DA:353,0
DA:366,0
DA:367,0
DA:374,0
DA:375,0
LF:47
LH:4
BRDA:116,0,0,0
BRDA:116,0,1,0
BRDA:136,1,0,0
BRDA:136,1,1,0
BRDA:276,2,0,0
BRDA:276,2,1,0
BRDA:338,3,0,0
BRDA:338,3,1,0
BRDA:349,4,0,0
BRDA:349,4,1,0
BRDA:352,5,0,0
BRDA:352,5,1,0
BRDA:374,6,0,0
BRDA:374,6,1,0
BRDA:31,7,0,5
BRDA:31,7,1,0
BRDA:31,8,0,5
BRDA:31,8,1,5
BRF:18
BRH:3
end_of_record
TN:
SF:src/messages/messages.controller.ts
FN:19,(anonymous_4)
FN:25,(anonymous_5)
FN:30,(anonymous_6)
FN:35,(anonymous_7)
FN:40,(anonymous_8)
FNF:5
FNH:0
FNDA:0,(anonymous_4)
FNDA:0,(anonymous_5)
FNDA:0,(anonymous_6)
FNDA:0,(anonymous_7)
FNDA:0,(anonymous_8)
DA:1,0
DA:10,0
DA:13,0
DA:14,0
DA:18,0
DA:20,0
DA:21,0
DA:25,0
DA:26,0
DA:30,0
DA:31,0
DA:35,0
DA:36,0
DA:40,0
DA:41,0
LF:15
LH:0
BRDA:20,0,0,0
BRDA:20,0,1,0
BRDA:20,1,0,0
BRDA:20,1,1,0
BRDA:20,2,0,0
BRDA:20,2,1,0
BRDA:20,3,0,0
BRDA:20,3,1,0
BRF:8
BRH:0
end_of_record
TN:
SF:src/messages/messages.gateway.ts
FN:25,(anonymous_4)
FN:34,(anonymous_5)
FN:47,(anonymous_6)
FN:56,(anonymous_7)
FN:59,(anonymous_8)
FN:80,(anonymous_9)
FNF:6
FNH:0
FNDA:0,(anonymous_4)
FNDA:0,(anonymous_5)
FNDA:0,(anonymous_6)
FNDA:0,(anonymous_7)
FNDA:0,(anonymous_8)
FNDA:0,(anonymous_9)
DA:1,0
DA:10,0
DA:11,0
DA:12,0
DA:13,0
DA:14,0
DA:15,0
DA:16,0
DA:17,0
DA:18,0
DA:21,0
DA:23,0
DA:26,0
DA:27,0
DA:28,0
DA:29,0
DA:30,0
DA:31,0
DA:36,0
DA:38,0
DA:39,0
DA:40,0
DA:41,0
DA:43,0
DA:48,0
DA:49,0
DA:50,0
DA:51,0
DA:53,0
DA:59,0
DA:63,0
DA:64,0
DA:66,0
DA:67,0
DA:69,0
DA:70,0
DA:72,0
DA:73,0
DA:74,0
DA:75,0
DA:77,0
DA:81,0
LF:42
LH:0
BRDA:36,0,0,0
BRDA:36,0,1,0
BRDA:38,1,0,0
BRDA:38,1,1,0
BRDA:41,2,0,0
BRDA:41,2,1,0
BRDA:41,2,2,0
BRDA:49,3,0,0
BRDA:49,3,1,0
BRDA:64,4,0,0
BRDA:64,4,1,0
BRDA:67,5,0,0
BRDA:67,5,1,0
BRDA:70,6,0,0
BRDA:70,6,1,0
BRDA:70,7,0,0
BRDA:70,7,1,0
BRDA:74,8,0,0
BRDA:74,8,1,0
BRDA:75,9,0,0
BRDA:75,9,1,0
BRDA:75,10,0,0
BRDA:75,10,1,0
BRDA:23,11,0,0
BRDA:23,11,1,0
BRDA:23,12,0,0
BRDA:23,12,1,0
BRDA:60,13,0,0
BRDA:60,13,1,0
BRDA:60,14,0,0
BRDA:60,14,1,0
BRDA:26,15,0,0
BRDA:26,15,1,0
BRDA:26,16,0,0
BRDA:26,16,1,0
BRDA:26,17,0,0
BRDA:26,17,1,0
BRDA:26,18,0,0
BRDA:26,18,1,0
BRDA:27,19,0,0
BRDA:27,19,1,0
BRDA:27,20,0,0
BRDA:27,20,1,0
BRDA:28,21,0,0
BRDA:28,21,1,0
BRDA:28,22,0,0
BRDA:28,22,1,0
BRDA:29,23,0,0
BRDA:29,23,1,0
BRDA:29,24,0,0
BRDA:29,24,1,0
BRDA:30,25,0,0
BRDA:30,25,1,0
BRDA:30,26,0,0
BRDA:30,26,1,0
BRF:55
BRH:0
end_of_record
TN:
SF:src/messages/messages.module.ts
FN:19,(anonymous_1)
FNF:1
FNH:0
FNDA:0,(anonymous_1)
DA:1,0
DA:2,0
DA:3,0
DA:4,0
DA:5,0
DA:6,0
DA:7,0
DA:8,0
DA:9,0
DA:10,0
DA:11,0
DA:12,0
DA:19,0
DA:29,0
LF:14
LH:0
BRF:0
BRH:0
end_of_record
TN:
SF:src/messages/messages.service.ts
FN:16,(anonymous_4)
FN:24,(anonymous_5)
FN:46,(anonymous_6)
FN:58,(anonymous_7)
FN:61,(anonymous_8)
FN:67,(anonymous_9)
FN:71,(anonymous_10)
FN:85,(anonymous_11)
FN:92,(anonymous_12)
FN:94,(anonymous_13)
FN:97,(anonymous_14)
FN:121,(anonymous_15)
FN:135,(anonymous_16)
FN:148,(anonymous_17)
FN:162,(anonymous_18)
FN:163,(anonymous_19)
FN:164,(anonymous_20)
FN:191,(anonymous_21)
FN:192,(anonymous_22)
FN:194,(anonymous_23)
FN:197,(anonymous_24)
FN:203,(anonymous_25)
FN:209,(anonymous_26)
FN:216,(anonymous_27)
FN:219,(anonymous_28)
FN:225,(anonymous_29)
FNF:26
FNH:0
FNDA:0,(anonymous_4)
FNDA:0,(anonymous_5)
FNDA:0,(anonymous_6)
FNDA:0,(anonymous_7)
FNDA:0,(anonymous_8)
FNDA:0,(anonymous_9)
FNDA:0,(anonymous_10)
FNDA:0,(anonymous_11)
FNDA:0,(anonymous_12)
FNDA:0,(anonymous_13)
FNDA:0,(anonymous_14)
FNDA:0,(anonymous_15)
FNDA:0,(anonymous_16)
FNDA:0,(anonymous_17)
FNDA:0,(anonymous_18)
FNDA:0,(anonymous_19)
FNDA:0,(anonymous_20)
FNDA:0,(anonymous_21)
FNDA:0,(anonymous_22)
FNDA:0,(anonymous_23)
FNDA:0,(anonymous_24)
FNDA:0,(anonymous_25)
FNDA:0,(anonymous_26)
FNDA:0,(anonymous_27)
FNDA:0,(anonymous_28)
FNDA:0,(anonymous_29)
DA:1,0
DA:6,0
DA:7,0
DA:8,0
DA:9,0
DA:10,0
DA:11,0
DA:12,0
DA:15,0
DA:17,0
DA:18,0
DA:19,0
DA:20,0
DA:21,0
DA:25,0
DA:26,0
DA:28,0
DA:29,0
DA:30,0
DA:35,0
DA:38,0
DA:39,0
DA:41,0
DA:42,0
DA:47,0
DA:49,0
DA:50,0
DA:56,0
DA:57,0
DA:58,0
DA:61,0
DA:63,0
DA:67,0
DA:72,0
DA:74,0
DA:80,0
DA:85,0
DA:86,0
DA:92,0
DA:94,0
DA:102,0
DA:103,0
DA:109,0
DA:111,0
DA:115,0
DA:116,0
DA:118,0
DA:122,0
DA:123,0
DA:125,0
DA:132,0
DA:136,0
DA:141,0
DA:142,0
DA:148,0
DA:149,0
DA:155,0
DA:160,0
DA:162,0
DA:163,0
DA:164,0
DA:166,0
DA:191,0
DA:192,0
DA:193,0
DA:194,0
DA:196,0
DA:197,0
DA:201,0
DA:202,0
DA:203,0
DA:204,0
DA:205,0
DA:209,0
DA:210,0
DA:211,0
DA:215,0
DA:216,0
DA:218,0
DA:219,0
DA:225,0
DA:226,0
DA:227,0
DA:228,0
DA:229,0
LF:85
LH:0
BRDA:26,0,0,0
BRDA:26,0,1,0
BRDA:29,1,0,0
BRDA:29,1,1,0
BRDA:29,2,0,0
BRDA:29,2,1,0
BRDA:39,3,0,0
BRDA:39,3,1,0
BRDA:41,4,0,0
BRDA:41,4,1,0
BRDA:41,5,0,0
BRDA:41,5,1,0
BRDA:49,6,0,0
BRDA:49,6,1,0
BRDA:56,7,0,0
BRDA:56,7,1,0
BRDA:86,8,0,0
BRDA:86,8,1,0
BRDA:115,9,0,0
BRDA:115,9,1,0
BRDA:123,10,0,0
BRDA:123,10,1,0
BRDA:141,11,0,0
BRDA:141,11,1,0
BRDA:149,12,0,0
BRDA:149,12,1,0
BRDA:160,13,0,0
BRDA:160,13,1,0
BRDA:202,14,0,0
BRDA:202,14,1,0
BRDA:204,15,0,0
BRDA:204,15,1,0
BRDA:210,16,0,0
BRDA:210,16,1,0
BRDA:219,17,0,0
BRDA:219,17,1,0
BRDA:231,18,0,0
BRDA:231,18,1,0
BRDA:234,19,0,0
BRDA:234,19,1,0
BRDA:235,20,0,0
BRDA:235,20,1,0
BRDA:236,21,0,0
BRDA:236,21,1,0
BRDA:237,22,0,0
BRDA:237,22,1,0
BRDA:238,23,0,0
BRDA:238,23,1,0
BRDA:238,24,0,0
BRDA:238,24,1,0
BRDA:240,25,0,0
BRDA:240,25,1,0
BRDA:241,26,0,0
BRDA:241,26,1,0
BRDA:242,27,0,0
BRDA:242,27,1,0
BRDA:17,28,0,0
BRDA:17,28,1,0
BRDA:17,29,0,0
BRDA:17,29,1,0
BRDA:17,30,0,0
BRDA:17,30,1,0
BRDA:17,31,0,0
BRDA:17,31,1,0
BRDA:18,32,0,0
BRDA:18,32,1,0
BRDA:18,33,0,0
BRDA:18,33,1,0
BRDA:19,34,0,0
BRDA:19,34,1,0
BRDA:19,35,0,0
BRDA:19,35,1,0
BRDA:20,36,0,0
BRDA:20,36,1,0
BRDA:20,37,0,0
BRDA:20,37,1,0
BRF:76
BRH:0
end_of_record
TN:
SF:src/offers/offers.controller.ts
FN:28,(anonymous_4)
FN:31,(anonymous_5)
FN:36,(anonymous_6)
FN:41,(anonymous_7)
FN:46,(anonymous_8)
FN:51,(anonymous_9)
FN:56,(anonymous_10)
FNF:7
FNH:0
FNDA:0,(anonymous_4)
FNDA:0,(anonymous_5)
FNDA:0,(anonymous_6)
FNDA:0,(anonymous_7)
FNDA:0,(anonymous_8)
FNDA:0,(anonymous_9)
FNDA:0,(anonymous_10)
DA:1,0
DA:12,0
DA:23,0
DA:27,0
DA:28,0
DA:31,0
DA:32,0
DA:36,0
DA:37,0
DA:41,0
DA:42,0
DA:46,0
DA:47,0
DA:51,0
DA:52,0
DA:56,0
DA:61,0
LF:17
LH:0
BRDA:28,0,0,0
BRDA:28,0,1,0
BRDA:28,1,0,0
BRDA:28,1,1,0
BRF:4
BRH:0
end_of_record
TN:
SF:src/offers/offers.module.ts
FNF:0
FNH:0
DA:1,0
DA:2,0
DA:3,0
DA:4,0
DA:5,0
DA:6,0
DA:7,0
DA:8,0
DA:9,0
DA:10,0
DA:11,0
DA:12,0
DA:31,0
LF:13
LH:0
BRF:0
BRH:0
end_of_record
TN:
SF:src/offers/offers.service.ts
FN:21,(anonymous_4)
FN:33,(anonymous_5)
FN:156,(anonymous_6)
FN:170,(anonymous_7)
FN:190,(anonymous_8)
FN:194,(anonymous_9)
FN:197,(anonymous_10)
FN:205,(anonymous_11)
FN:211,(anonymous_12)
FN:218,(anonymous_13)
FN:220,(anonymous_14)
FN:226,(anonymous_15)
FN:240,(anonymous_16)
FN:282,(anonymous_17)
FN:283,(anonymous_18)
FN:402,(anonymous_19)
FN:408,(anonymous_20)
FN:417,(anonymous_21)
FN:421,(anonymous_22)
FN:429,(anonymous_23)
FN:433,(anonymous_24)
FNF:21
FNH:3
FNDA:9,(anonymous_4)
FNDA:6,(anonymous_5)
FNDA:0,(anonymous_6)
FNDA:0,(anonymous_7)
FNDA:0,(anonymous_8)
FNDA:0,(anonymous_9)
FNDA:0,(anonymous_10)
FNDA:0,(anonymous_11)
FNDA:0,(anonymous_12)
FNDA:0,(anonymous_13)
FNDA:0,(anonymous_14)
FNDA:0,(anonymous_15)
FNDA:3,(anonymous_16)
FNDA:0,(anonymous_17)
FNDA:0,(anonymous_18)
FNDA:0,(anonymous_19)
FNDA:0,(anonymous_20)
FNDA:0,(anonymous_21)
FNDA:0,(anonymous_22)
FNDA:0,(anonymous_23)
FNDA:0,(anonymous_24)
DA:1,1
DA:8,1
DA:9,1
DA:10,1
DA:11,1
DA:12,1
DA:13,1
DA:14,1
DA:15,1
DA:16,1
DA:17,1
DA:20,1
DA:22,9
DA:23,9
DA:24,9
DA:25,9
DA:26,9
DA:27,9
DA:29,9
DA:30,9
DA:34,6
DA:35,1
DA:38,5
DA:39,5
DA:42,5
DA:43,0
DA:44,0
DA:47,0
DA:50,0
DA:51,0
DA:52,0
DA:53,0
DA:56,0
DA:58,0
DA:59,0
DA:64,5
DA:70,5
DA:71,1
DA:77,4
DA:78,4
DA:81,4
DA:82,4
DA:83,1
DA:88,0
DA:95,0
DA:96,0
DA:102,3
DA:105,3
DA:106,0
DA:110,3
DA:111,3
DA:112,1
DA:114,2
DA:117,2
DA:118,1
DA:120,1
DA:129,1
DA:131,1
DA:135,1
DA:136,1
DA:139,1
DA:140,1
DA:153,1
DA:157,0
DA:160,0
DA:162,0
DA:163,0
DA:165,0
DA:170,0
DA:171,0
DA:190,0
DA:191,0
DA:194,0
DA:197,0
DA:206,0
DA:211,0
DA:212,0
DA:218,0
DA:220,0
DA:227,0
DA:228,0
DA:230,0
DA:231,0
DA:234,0
DA:235,0
DA:237,0
DA:246,3
DA:247,3
DA:249,2
DA:250,2
DA:252,2
DA:255,2
DA:256,2
DA:258,2
DA:260,2
DA:264,2
DA:266,2
DA:267,2
DA:268,2
DA:269,1
DA:273,1
DA:274,1
DA:275,1
DA:277,1
DA:281,1
DA:282,0
DA:283,0
DA:285,1
DA:298,0
DA:299,0
DA:300,0
DA:301,0
DA:302,0
DA:303,0
DA:304,0
DA:308,1
DA:309,0
DA:310,0
DA:311,0
DA:313,0
DA:314,0
DA:315,0
DA:316,0
DA:317,0
DA:318,0
DA:319,0
DA:320,0
DA:321,0
DA:322,0
DA:326,1
DA:328,1
DA:329,1
DA:332,1
DA:333,1
DA:340,1
DA:341,1
DA:345,1
DA:346,0
DA:349,0
DA:350,0
DA:357,0
DA:358,0
DA:359,0
DA:360,0
DA:368,1
DA:373,0
DA:377,0
DA:378,0
DA:386,0
DA:387,0
DA:391,0
DA:392,0
DA:393,0
DA:394,0
DA:399,1
DA:404,0
DA:408,0
DA:409,0
DA:412,0
DA:417,0
DA:418,0
DA:421,0
DA:424,0
DA:428,0
DA:429,0
DA:431,0
DA:433,0
DA:435,0
DA:436,0
LF:169
LH:80
BRDA:34,0,0,1
BRDA:34,0,1,5
BRDA:34,1,0,6
BRDA:34,1,1,5
BRDA:39,2,0,5
BRDA:39,2,1,5
BRDA:42,3,0,0
BRDA:42,3,1,5
BRDA:43,4,0,0
BRDA:43,4,1,0
BRDA:50,5,0,0
BRDA:50,5,1,0
BRDA:52,6,0,0
BRDA:52,6,1,0
BRDA:52,7,0,0
BRDA:52,7,1,0
BRDA:56,8,0,0
BRDA:56,8,1,0
BRDA:56,8,2,0
BRDA:58,9,0,0
BRDA:58,9,1,0
BRDA:70,10,0,1
BRDA:70,10,1,4
BRDA:77,11,0,4
BRDA:77,11,1,0
BRDA:81,12,0,0
BRDA:81,12,1,4
BRDA:82,13,0,1
BRDA:82,13,1,3
BRDA:82,14,0,4
BRDA:82,14,1,3
BRDA:95,15,0,0
BRDA:95,15,1,0
BRDA:105,16,0,0
BRDA:105,16,1,3
BRDA:111,17,0,1
BRDA:111,17,1,2
BRDA:111,18,0,3
BRDA:111,18,1,3
BRDA:117,19,0,1
BRDA:117,19,1,1
BRDA:127,20,0,1
BRDA:127,20,1,1
BRDA:135,21,0,1
BRDA:135,21,1,0
BRDA:139,22,0,1
BRDA:139,22,1,0
BRDA:143,23,0,1
BRDA:143,23,1,1
BRDA:160,24,0,0
BRDA:160,24,1,0
BRDA:163,25,0,0
BRDA:163,25,1,0
BRDA:163,26,0,0
BRDA:163,26,1,0
BRDA:184,27,0,0
BRDA:184,27,1,0
BRDA:200,28,0,0
BRDA:200,28,1,0
BRDA:201,29,0,0
BRDA:201,29,1,0
BRDA:212,30,0,0
BRDA:212,30,1,0
BRDA:228,31,0,0
BRDA:228,31,1,0
BRDA:234,32,0,0
BRDA:234,32,1,0
BRDA:234,33,0,0
BRDA:234,33,1,0
BRDA:247,34,0,1
BRDA:247,34,1,2
BRDA:250,35,0,0
BRDA:250,35,1,2
BRDA:255,36,0,2
BRDA:255,36,1,2
BRDA:258,37,0,0
BRDA:258,37,1,2
BRDA:258,38,0,2
BRDA:258,38,1,0
BRDA:260,39,0,0
BRDA:260,39,1,2
BRDA:266,40,0,2
BRDA:266,40,1,0
BRDA:267,41,0,2
BRDA:267,41,1,0
BRDA:268,42,0,1
BRDA:268,42,1,1
BRDA:268,43,0,2
BRDA:268,43,1,1
BRDA:298,44,0,0
BRDA:298,44,1,0
BRDA:300,45,0,0
BRDA:300,45,1,0
BRDA:301,46,0,0
BRDA:301,46,1,0
BRDA:308,47,0,0
BRDA:308,47,1,1
BRDA:309,48,0,0
BRDA:309,48,1,0
BRDA:310,49,0,0
BRDA:310,49,1,0
BRDA:314,50,0,0
BRDA:314,50,1,0
BRDA:315,51,0,0
BRDA:315,51,1,0
BRDA:320,52,0,0
BRDA:320,52,1,0
BRDA:321,53,0,0
BRDA:321,53,1,0
BRDA:328,54,0,1
BRDA:328,54,1,0
BRDA:328,55,0,1
BRDA:328,55,1,1
BRDA:332,56,0,1
BRDA:332,56,1,0
BRDA:340,57,0,1
BRDA:340,57,1,0
BRDA:345,58,0,0
BRDA:345,58,1,1
BRDA:357,59,0,0
BRDA:357,59,1,0
BRDA:359,60,0,0
BRDA:359,60,1,0
BRDA:368,61,0,0
BRDA:368,61,1,1
BRDA:369,62,0,1
BRDA:369,62,1,0
BRDA:369,62,2,0
BRDA:377,63,0,0
BRDA:377,63,1,0
BRDA:381,64,0,0
BRDA:381,64,1,0
BRDA:386,65,0,0
BRDA:386,65,1,0
BRDA:391,66,0,0
BRDA:391,66,1,0
BRDA:393,67,0,0
BRDA:393,67,1,0
BRDA:418,68,0,0
BRDA:418,68,1,0
BRDA:431,69,0,0
BRDA:431,69,1,0
BRDA:435,70,0,0
BRDA:435,70,1,0
BRDA:439,71,0,0
BRDA:439,71,1,0
BRDA:22,72,0,1
BRDA:22,72,1,0
BRDA:22,73,0,1
BRDA:22,73,1,1
BRDA:22,74,0,1
BRDA:22,74,1,0
BRDA:22,75,0,1
BRDA:22,75,1,1
BRDA:23,76,0,1
BRDA:23,76,1,0
BRDA:23,77,0,1
BRDA:23,77,1,1
BRDA:24,78,0,1
BRDA:24,78,1,0
BRDA:24,79,0,1
BRDA:24,79,1,1
BRDA:25,80,0,1
BRDA:25,80,1,0
BRDA:25,81,0,1
BRDA:25,81,1,1
BRDA:26,82,0,1
BRDA:26,82,1,0
BRDA:26,83,0,1
BRDA:26,83,1,1
BRDA:27,84,0,1
BRDA:27,84,1,0
BRDA:27,85,0,1
BRDA:27,85,1,1
BRDA:29,86,0,1
BRDA:29,86,1,0
BRDA:29,87,0,1
BRDA:29,87,1,1
BRF:178
BRH:75
end_of_record
TN:
SF:src/payments/payments.controller.ts
FN:23,(anonymous_4)
FN:28,(anonymous_5)
FN:41,(anonymous_6)
FN:50,(anonymous_7)
FN:63,(anonymous_8)
FN:70,(anonymous_9)
FN:77,(anonymous_10)
FN:99,(anonymous_11)
FN:111,(anonymous_12)
FN:124,(anonymous_13)
FNF:10
FNH:0
FNDA:0,(anonymous_4)
FNDA:0,(anonymous_5)
FNDA:0,(anonymous_6)
FNDA:0,(anonymous_7)
FNDA:0,(anonymous_8)
FNDA:0,(anonymous_9)
FNDA:0,(anonymous_10)
FNDA:0,(anonymous_11)
FNDA:0,(anonymous_12)
FNDA:0,(anonymous_13)
DA:1,0
DA:16,0
DA:19,0
DA:22,0
DA:23,0
DA:28,0
DA:31,0
DA:41,0
DA:45,0
DA:50,0
DA:55,0
DA:56,0
DA:57,0
DA:63,0
DA:64,0
DA:70,0
DA:71,0
DA:77,0
DA:87,0
DA:99,0
DA:103,0
DA:104,0
DA:105,0
DA:111,0
DA:116,0
DA:117,0
DA:118,0
DA:124,0
DA:130,0
DA:135,0
DA:140,0
LF:31
LH:0
BRDA:55,0,0,0
BRDA:55,0,1,0
BRDA:103,1,0,0
BRDA:103,1,1,0
BRDA:103,2,0,0
BRDA:103,2,1,0
BRDA:116,3,0,0
BRDA:116,3,1,0
BRDA:116,4,0,0
BRDA:116,4,1,0
BRDA:133,5,0,0
BRDA:133,5,1,0
BRDA:137,6,0,0
BRDA:137,6,1,0
BRDA:23,7,0,0
BRDA:23,7,1,0
BRDA:23,8,0,0
BRDA:23,8,1,0
BRF:18
BRH:0
end_of_record
TN:
SF:src/payments/payments.module.ts
FNF:0
FNH:0
DA:1,0
DA:2,0
DA:3,0
DA:4,0
DA:5,0
DA:6,0
DA:7,0
DA:8,0
DA:9,0
DA:16,0
LF:10
LH:0
BRF:0
BRH:0
end_of_record
TN:
SF:src/payments/payments.service.ts
FN:20,(anonymous_5)
FN:28,(anonymous_6)
FN:46,(anonymous_7)
FN:67,(anonymous_8)
FN:95,(anonymous_9)
FN:119,(anonymous_10)
FN:197,(anonymous_11)
FN:216,(anonymous_12)
FN:227,(anonymous_13)
FN:238,(anonymous_14)
FN:255,(anonymous_15)
FN:267,(anonymous_16)
FN:282,(anonymous_17)
FN:324,(anonymous_18)
FN:330,(anonymous_19)
FN:331,(anonymous_20)
FN:551,(anonymous_21)
FNF:17
FNH:4
FNDA:7,(anonymous_5)
FNDA:2,(anonymous_6)
FNDA:0,(anonymous_7)
FNDA:0,(anonymous_8)
FNDA:0,(anonymous_9)
FNDA:5,(anonymous_10)
FNDA:1,(anonymous_11)
FNDA:0,(anonymous_12)
FNDA:0,(anonymous_13)
FNDA:0,(anonymous_14)
FNDA:0,(anonymous_15)
FNDA:0,(anonymous_16)
FNDA:0,(anonymous_17)
FNDA:0,(anonymous_18)
FNDA:0,(anonymous_19)
FNDA:0,(anonymous_20)
FNDA:0,(anonymous_21)
DA:1,1
DA:8,1
DA:9,1
DA:10,1
DA:11,1
DA:12,1
DA:13,1
DA:14,1
DA:15,1
DA:16,1
DA:19,1
DA:21,7
DA:22,7
DA:23,7
DA:24,7
DA:25,7
DA:29,2
DA:30,2
DA:32,1
DA:40,1
DA:43,1
DA:44,1
DA:47,0
DA:48,0
DA:49,0
DA:54,0
DA:68,0
DA:71,0
DA:73,0
DA:74,0
DA:77,0
DA:79,0
DA:80,0
DA:81,0
DA:82,0
DA:85,0
DA:86,0
DA:88,0
DA:91,0
DA:96,0
DA:99,0
DA:101,0
DA:105,0
DA:106,0
DA:107,0
DA:108,0
DA:109,0
DA:111,0
DA:127,5
DA:130,5
DA:131,1
DA:135,4
DA:138,4
DA:139,4
DA:140,1
DA:143,3
DA:144,1
DA:145,2
DA:149,1
DA:153,1
DA:154,0
DA:156,1
DA:157,0
DA:161,1
DA:162,1
DA:163,1
DA:164,1
DA:165,1
DA:168,1
DA:169,1
DA:170,1
DA:171,1
DA:174,1
DA:176,1
DA:178,1
DA:180,1
DA:186,1
DA:203,1
DA:204,1
DA:206,1
DA:207,0
DA:210,1
DA:213,1
DA:217,0
DA:220,0
DA:222,0
DA:223,0
DA:224,0
DA:228,0
DA:238,0
DA:256,0
DA:259,0
DA:261,0
DA:267,0
DA:287,0
DA:290,0
DA:292,0
DA:296,0
DA:297,0
DA:299,0
DA:300,0
DA:301,0
DA:303,0
DA:304,0
DA:305,0
DA:307,0
DA:315,0
DA:322,0
DA:324,0
DA:325,0
DA:326,0
DA:327,0
DA:329,0
DA:330,0
DA:331,0
DA:332,0
DA:334,0
DA:335,0
DA:336,0
DA:337,0
DA:338,0
DA:339,0
DA:340,0
DA:341,0
DA:342,0
DA:343,0
DA:344,0
DA:347,0
DA:348,0
DA:351,0
DA:356,0
DA:361,0
DA:371,0
DA:372,0
DA:373,0
DA:378,0
DA:383,0
DA:395,0
DA:398,0
DA:399,0
DA:402,0
DA:404,0
DA:410,0
DA:412,0
DA:415,0
DA:416,0
DA:417,0
DA:418,0
DA:425,0
DA:426,0
DA:427,0
DA:428,0
DA:429,0
DA:431,0
DA:432,0
DA:433,0
DA:435,0
DA:438,0
DA:439,0
DA:440,0
DA:441,0
DA:443,0
DA:444,0
DA:445,0
DA:447,0
DA:448,0
DA:452,0
DA:453,0
DA:454,0
DA:455,0
DA:460,0
DA:461,0
DA:462,0
DA:463,0
DA:464,0
DA:466,0
DA:472,0
DA:473,0
DA:474,0
DA:475,0
DA:477,0
DA:478,0
DA:481,0
DA:485,0
DA:486,0
DA:487,0
DA:488,0
DA:490,0
DA:491,0
DA:499,0
DA:501,0
DA:502,0
DA:504,0
DA:511,0
DA:512,0
DA:517,0
DA:518,0
DA:525,0
DA:528,0
DA:529,0
DA:534,0
DA:543,0
DA:546,0
DA:547,0
DA:548,0
DA:549,0
DA:551,0
DA:557,0
DA:558,0
DA:559,0
DA:561,0
DA:563,0
DA:564,0
DA:573,0
DA:576,0
DA:577,0
DA:578,0
DA:580,0
DA:583,0
DA:584,0
DA:585,0
DA:590,0
DA:591,0
DA:606,0
DA:607,0
DA:608,0
DA:619,0
LF:227
LH:54
BRDA:30,0,0,1
BRDA:30,0,1,1
BRDA:71,1,0,0
BRDA:71,1,1,0
BRDA:74,2,0,0
BRDA:74,2,1,0
BRDA:77,3,0,0
BRDA:77,3,1,0
BRDA:85,4,0,0
BRDA:85,4,1,0
BRDA:99,5,0,0
BRDA:99,5,1,0
BRDA:105,6,0,0
BRDA:105,6,1,0
BRDA:107,7,0,0
BRDA:107,7,1,0
BRDA:108,8,0,0
BRDA:108,8,1,0
BRDA:114,9,0,0
BRDA:114,9,1,0
BRDA:130,10,0,1
BRDA:130,10,1,4
BRDA:138,11,0,0
BRDA:138,11,1,4
BRDA:139,12,0,1
BRDA:139,12,1,3
BRDA:143,13,0,1
BRDA:143,13,1,2
BRDA:145,14,0,1
BRDA:145,14,1,1
BRDA:146,15,0,2
BRDA:146,15,1,2
BRDA:153,16,0,0
BRDA:153,16,1,1
BRDA:156,17,0,0
BRDA:156,17,1,1
BRDA:169,18,0,1
BRDA:169,18,1,0
BRDA:169,19,0,1
BRDA:169,19,1,1
BRDA:206,20,0,0
BRDA:206,20,1,1
BRDA:220,21,0,0
BRDA:220,21,1,0
BRDA:244,22,0,0
BRDA:244,22,1,0
BRDA:247,23,0,0
BRDA:247,23,1,0
BRDA:248,24,0,0
BRDA:248,24,1,0
BRDA:249,25,0,0
BRDA:249,25,1,0
BRDA:250,26,0,0
BRDA:250,26,1,0
BRDA:259,27,0,0
BRDA:259,27,1,0
BRDA:278,28,0,0
BRDA:278,28,1,0
BRDA:290,29,0,0
BRDA:290,29,1,0
BRDA:296,30,0,0
BRDA:296,30,1,0
BRDA:297,31,0,0
BRDA:297,31,1,0
BRDA:315,32,0,0
BRDA:315,32,1,0
BRDA:390,33,0,0
BRDA:390,33,1,0
BRDA:422,34,0,0
BRDA:422,34,1,0
BRDA:422,34,2,0
BRDA:427,35,0,0
BRDA:427,35,1,0
BRDA:431,36,0,0
BRDA:431,36,1,0
BRDA:439,37,0,0
BRDA:439,37,1,0
BRDA:443,38,0,0
BRDA:443,38,1,0
BRDA:447,39,0,0
BRDA:447,39,1,0
BRDA:459,40,0,0
BRDA:459,40,1,0
BRDA:462,41,0,0
BRDA:462,41,1,0
BRDA:473,42,0,0
BRDA:473,42,1,0
BRDA:477,43,0,0
BRDA:477,43,1,0
BRDA:505,44,0,0
BRDA:505,44,1,0
BRDA:505,45,0,0
BRDA:505,45,1,0
BRDA:506,46,0,0
BRDA:506,46,1,0
BRDA:507,47,0,0
BRDA:507,47,1,0
BRDA:554,48,0,0
BRDA:555,49,0,0
BRDA:558,50,0,0
BRDA:558,50,1,0
BRDA:565,51,0,0
BRDA:565,51,1,0
BRDA:566,52,0,0
BRDA:566,52,1,0
BRDA:567,53,0,0
BRDA:567,53,1,0
BRDA:567,54,0,0
BRDA:567,54,1,0
BRDA:21,55,0,1
BRDA:21,55,1,0
BRDA:21,56,0,1
BRDA:21,56,1,1
BRDA:21,57,0,1
BRDA:21,57,1,0
BRDA:21,58,0,1
BRDA:21,58,1,1
BRDA:22,59,0,1
BRDA:22,59,1,0
BRDA:22,60,0,1
BRDA:22,60,1,1
BRDA:23,61,0,1
BRDA:23,61,1,0
BRDA:23,62,0,1
BRDA:23,62,1,1
BRDA:24,63,0,1
BRDA:24,63,1,0
BRDA:24,64,0,1
BRDA:24,64,1,1
BRF:129
BRH:34
end_of_record
TN:
SF:src/ratings/ratings.controller.ts
FN:10,(anonymous_4)
FN:13,(anonymous_5)
FNF:2
FNH:2
FNDA:1,(anonymous_4)
FNDA:1,(anonymous_5)
DA:1,1
DA:2,1
DA:5,1
DA:9,1
DA:10,1
DA:13,1
DA:17,1
LF:7
LH:7
BRDA:10,0,0,1
BRDA:10,0,1,0
BRDA:10,1,0,1
BRDA:10,1,1,1
BRF:4
BRH:3
end_of_record
TN:
SF:src/ratings/ratings.module.ts
FNF:0
FNH:0
DA:1,0
DA:2,0
DA:3,0
DA:4,0
DA:5,0
DA:6,0
DA:7,0
DA:8,0
DA:15,0
LF:9
LH:0
BRF:0
BRH:0
end_of_record
TN:
SF:src/ratings/ratings.service.ts
FN:16,(anonymous_4)
FN:23,(anonymous_5)
FNF:2
FNH:2
FNDA:8,(anonymous_4)
FNDA:8,(anonymous_5)
DA:1,2
DA:7,2
DA:8,2
DA:9,2
DA:10,2
DA:11,2
DA:12,2
DA:15,2
DA:17,8
DA:18,8
DA:19,8
DA:20,8
DA:27,8
DA:28,2
DA:31,6
DA:34,6
DA:36,5
DA:37,5
DA:38,1
DA:43,4
DA:46,4
DA:47,4
DA:49,4
DA:53,3
DA:54,2
DA:57,2
DA:58,2
DA:60,1
DA:63,3
DA:66,3
DA:68,2
DA:75,2
LF:32
LH:32
BRDA:27,0,0,2
BRDA:27,0,1,6
BRDA:27,1,0,8
BRDA:27,1,1,7
BRDA:34,2,0,1
BRDA:34,2,1,5
BRDA:37,3,0,1
BRDA:37,3,1,4
BRDA:37,4,0,5
BRDA:37,4,1,5
BRDA:47,5,0,4
BRDA:47,5,1,1
BRDA:49,6,0,1
BRDA:49,6,1,3
BRDA:49,7,0,4
BRDA:49,7,1,2
BRDA:53,8,0,2
BRDA:53,8,1,1
BRDA:57,9,0,0
BRDA:57,9,1,2
BRDA:66,10,0,1
BRDA:66,10,1,2
BRDA:17,11,0,2
BRDA:17,11,1,0
BRDA:17,12,0,2
BRDA:17,12,1,2
BRDA:17,13,0,2
BRDA:17,13,1,0
BRDA:17,14,0,2
BRDA:17,14,1,2
BRDA:18,15,0,2
BRDA:18,15,1,0
BRDA:18,16,0,2
BRDA:18,16,1,2
BRDA:19,17,0,2
BRDA:19,17,1,0
BRDA:19,18,0,2
BRDA:19,18,1,2
BRF:38
BRH:33
end_of_record
TN:
SF:src/reports/reports.controller.ts
FN:34,(anonymous_4)
FN:38,(anonymous_5)
FN:72,(anonymous_6)
FN:84,(anonymous_7)
FN:89,(anonymous_8)
FN:95,(anonymous_9)
FN:57,(anonymous_10)
FN:63,(anonymous_11)
FNF:8
FNH:5
FNDA:6,(anonymous_4)
FNDA:1,(anonymous_5)
FNDA:0,(anonymous_6)
FNDA:1,(anonymous_7)
FNDA:2,(anonymous_8)
FNDA:2,(anonymous_9)
FNDA:0,(anonymous_10)
FNDA:0,(anonymous_11)
DA:1,1
DA:15,1
DA:16,1
DA:17,1
DA:18,1
DA:19,1
DA:22,1
DA:29,1
DA:30,1
DA:33,1
DA:34,6
DA:38,1
DA:48,1
DA:58,0
DA:59,0
DA:64,0
DA:65,0
DA:67,0
DA:72,1
DA:77,0
DA:78,0
DA:79,0
DA:84,1
DA:85,1
DA:89,1
DA:90,2
DA:91,1
DA:95,1
DA:105,2
DA:106,1
LF:30
LH:22
BRDA:77,0,0,0
BRDA:77,0,1,0
BRDA:77,1,0,0
BRDA:77,1,1,0
BRDA:90,2,0,1
BRDA:90,2,1,1
BRDA:105,3,0,1
BRDA:105,3,1,1
BRDA:64,4,0,0
BRDA:64,4,1,0
BRDA:74,5,0,0
BRDA:74,5,1,1
BRDA:74,6,0,1
BRDA:74,6,1,0
BRDA:74,6,2,0
BRDA:34,7,0,1
BRDA:34,7,1,0
BRDA:34,8,0,1
BRDA:34,8,1,1
BRF:19
BRH:9
end_of_record
TN:
SF:src/reports/reports.module.ts
FNF:0
FNH:0
DA:1,0
DA:2,0
DA:3,0
DA:4,0
DA:5,0
DA:6,0
DA:7,0
DA:14,0
LF:8
LH:0
BRF:0
BRH:0
end_of_record
TN:
SF:src/reports/reports.service.ts
FN:20,(anonymous_4)
FN:26,(anonymous_5)
FN:88,(anonymous_6)
FN:125,(anonymous_7)
FN:132,(anonymous_8)
FNF:5
FNH:5
FNDA:14,(anonymous_4)
FNDA:5,(anonymous_5)
FNDA:2,(anonymous_6)
FNDA:1,(anonymous_7)
FNDA:6,(anonymous_8)
DA:1,2
DA:7,2
DA:8,2
DA:9,2
DA:15,2
DA:16,2
DA:19,2
DA:21,14
DA:22,14
DA:23,14
DA:35,5
DA:36,1
DA:39,4
DA:42,4
DA:43,1
DA:46,3
DA:53,3
DA:54,1
DA:59,2
DA:63,2
DA:71,2
DA:74,2
DA:75,2
DA:85,2
DA:89,2
DA:90,2
DA:93,1
DA:102,1
DA:114,1
DA:126,1
DA:140,6
DA:144,6
DA:146,5
DA:147,5
DA:148,5
DA:149,3
DA:151,3
DA:152,2
DA:158,5
DA:159,1
DA:162,5
DA:163,5
LF:42
LH:42
BRDA:35,0,0,1
BRDA:35,0,1,4
BRDA:42,1,0,1
BRDA:42,1,1,3
BRDA:53,2,0,1
BRDA:53,2,1,2
BRDA:68,3,0,2
BRDA:68,3,1,2
BRDA:76,4,0,2
BRDA:76,4,1,0
BRDA:90,5,0,1
BRDA:90,5,1,1
BRDA:119,6,0,1
BRDA:119,6,1,0
BRDA:120,7,0,1
BRDA:120,7,1,0
BRDA:121,8,0,1
BRDA:121,8,1,0
BRDA:144,9,0,1
BRDA:144,9,1,5
BRDA:146,10,0,1
BRDA:146,10,1,4
BRDA:147,11,0,1
BRDA:147,11,1,4
BRDA:148,12,0,3
BRDA:148,12,1,2
BRDA:151,13,0,2
BRDA:151,13,1,1
BRDA:151,14,0,3
BRDA:151,14,1,2
BRDA:158,15,0,1
BRDA:158,15,1,4
BRDA:158,16,0,5
BRDA:158,16,1,4
BRDA:21,17,0,2
BRDA:21,17,1,0
BRDA:21,18,0,2
BRDA:21,18,1,2
BRDA:21,19,0,2
BRDA:21,19,1,0
BRDA:21,20,0,2
BRDA:21,20,1,2
BRDA:22,21,0,2
BRDA:22,21,1,0
BRDA:22,22,0,2
BRDA:22,22,1,2
BRF:46
BRH:39
end_of_record
TN:
SF:src/stats/stats.controller.ts
FN:10,(anonymous_4)
FN:13,(anonymous_5)
FN:18,(anonymous_6)
FN:23,(anonymous_7)
FN:32,(anonymous_8)
FNF:5
FNH:5
FNDA:4,(anonymous_4)
FNDA:1,(anonymous_5)
FNDA:1,(anonymous_6)
FNDA:1,(anonymous_7)
FNDA:1,(anonymous_8)
DA:1,1
DA:2,1
DA:5,1
DA:9,1
DA:10,4
DA:13,1
DA:14,1
DA:18,1
DA:19,1
DA:23,1
DA:28,1
DA:32,1
DA:38,1
LF:13
LH:13
BRDA:10,0,0,1
BRDA:10,0,1,0
BRDA:10,1,0,1
BRDA:10,1,1,1
BRF:4
BRH:3
end_of_record
TN:
SF:src/stats/stats.module.ts
FNF:0
FNH:0
DA:1,0
DA:2,0
DA:3,0
DA:4,0
DA:5,0
DA:6,0
DA:7,0
DA:8,0
DA:9,0
DA:10,0
DA:19,0
LF:11
LH:0
BRF:0
BRH:0
end_of_record
TN:
SF:src/stats/stats.service.ts
FN:13,(anonymous_4)
FN:22,(anonymous_5)
FN:29,(anonymous_6)
FN:34,(anonymous_7)
FN:49,(anonymous_8)
FN:57,(anonymous_9)
FN:60,(anonymous_10)
FN:74,(anonymous_11)
FN:86,(anonymous_12)
FN:88,(anonymous_13)
FN:112,(anonymous_14)
FN:128,(anonymous_15)
FN:135,(anonymous_16)
FN:153,(anonymous_17)
FN:165,(anonymous_18)
FN:181,(anonymous_19)
FN:191,(anonymous_20)
FN:198,(anonymous_21)
FN:200,(anonymous_22)
FN:201,(anonymous_23)
FN:206,(anonymous_24)
FN:215,(anonymous_25)
FN:226,(anonymous_26)
FN:227,(anonymous_27)
FN:231,(anonymous_28)
FN:251,(anonymous_29)
FNF:26
FNH:17
FNDA:12,(anonymous_4)
FNDA:4,(anonymous_5)
FNDA:2,(anonymous_6)
FNDA:2,(anonymous_7)
FNDA:12,(anonymous_8)
FNDA:12,(anonymous_9)
FNDA:2,(anonymous_10)
FNDA:1,(anonymous_11)
FNDA:0,(anonymous_12)
FNDA:1,(anonymous_13)
FNDA:3,(anonymous_14)
FNDA:2,(anonymous_15)
FNDA:1,(anonymous_16)
FNDA:3,(anonymous_17)
FNDA:0,(anonymous_18)
FNDA:0,(anonymous_19)
FNDA:0,(anonymous_20)
FNDA:1,(anonymous_21)
FNDA:1,(anonymous_22)
FNDA:0,(anonymous_23)
FNDA:0,(anonymous_24)
FNDA:1,(anonymous_25)
FNDA:0,(anonymous_26)
FNDA:0,(anonymous_27)
FNDA:0,(anonymous_28)
FNDA:2,(anonymous_29)
DA:1,2
DA:2,2
DA:3,2
DA:4,2
DA:5,2
DA:6,2
DA:7,2
DA:8,2
DA:9,2
DA:12,2
DA:14,12
DA:15,12
DA:16,12
DA:17,12
DA:18,12
DA:19,12
DA:23,4
DA:24,4
DA:26,2
DA:29,2
DA:30,2
DA:34,2
DA:35,2
DA:38,2
DA:39,2
DA:40,2
DA:41,2
DA:43,2
DA:44,12
DA:45,12
DA:49,12
DA:50,12
DA:51,12
DA:56,12
DA:57,12
DA:59,12
DA:60,2
DA:63,12
DA:64,12
DA:65,12
DA:69,2
DA:70,2
DA:71,2
DA:72,2
DA:74,2
DA:80,2
DA:81,2
DA:82,2
DA:83,2
DA:85,2
DA:86,0
DA:88,1
DA:90,2
DA:96,2
DA:113,3
DA:114,3
DA:116,2
DA:117,2
DA:118,2
DA:119,2
DA:121,2
DA:127,2
DA:129,2
DA:130,2
DA:131,2
DA:132,1
DA:133,1
DA:135,1
DA:150,2
DA:159,3
DA:160,3
DA:162,2
DA:165,2
DA:167,2
DA:168,1
DA:169,1
DA:171,1
DA:172,1
DA:173,1
DA:174,1
DA:176,1
DA:181,1
DA:182,0
DA:183,0
DA:184,0
DA:185,0
DA:186,0
DA:189,1
DA:190,1
DA:191,0
DA:195,1
DA:198,1
DA:200,1
DA:201,1
DA:202,1
DA:206,0
DA:210,1
DA:215,1
DA:217,1
DA:223,1
DA:226,1
DA:227,0
DA:228,0
DA:231,0
DA:235,1
DA:252,2
DA:255,2
DA:257,1
DA:264,1
DA:270,1
DA:272,1
LF:111
LH:100
BRDA:24,0,0,2
BRDA:24,0,1,2
BRDA:24,1,0,4
BRDA:24,1,1,3
BRDA:30,2,0,1
BRDA:30,2,1,1
BRDA:52,3,0,12
BRDA:52,3,1,10
BRDA:60,4,0,2
BRDA:60,4,1,0
BRDA:71,5,0,2
BRDA:71,5,1,0
BRDA:72,6,0,2
BRDA:72,6,1,1
BRDA:83,7,0,2
BRDA:83,7,1,1
BRDA:103,8,0,1
BRDA:103,8,1,1
BRDA:107,9,0,2
BRDA:107,9,1,1
BRDA:108,10,0,2
BRDA:108,10,1,1
BRDA:114,11,0,1
BRDA:114,11,1,2
BRDA:114,12,0,3
BRDA:114,12,1,3
BRDA:116,13,0,1
BRDA:116,13,1,1
BRDA:117,14,0,1
BRDA:117,14,1,1
BRDA:118,15,0,1
BRDA:118,15,1,1
BRDA:119,16,0,1
BRDA:119,16,1,1
BRDA:129,17,0,0
BRDA:129,17,1,2
BRDA:131,18,0,1
BRDA:131,18,1,1
BRDA:131,19,0,2
BRDA:131,19,1,1
BRDA:132,20,0,0
BRDA:132,20,1,1
BRDA:132,21,0,1
BRDA:132,21,1,0
BRDA:143,22,0,1
BRDA:143,22,1,0
BRDA:143,22,2,0
BRDA:146,23,0,1
BRDA:146,23,1,0
BRDA:146,24,0,1
BRDA:146,24,1,0
BRDA:160,25,0,1
BRDA:160,25,1,2
BRDA:160,26,0,3
BRDA:160,26,1,3
BRDA:167,27,0,1
BRDA:167,27,1,1
BRDA:167,28,0,2
BRDA:167,28,1,1
BRDA:169,29,0,0
BRDA:169,29,1,1
BRDA:171,30,0,0
BRDA:171,30,1,1
BRDA:172,31,0,0
BRDA:172,31,1,1
BRDA:173,32,0,0
BRDA:173,32,1,1
BRDA:174,33,0,0
BRDA:174,33,1,1
BRDA:182,34,0,0
BRDA:182,34,1,0
BRDA:184,35,0,0
BRDA:184,35,1,0
BRDA:184,36,0,0
BRDA:184,36,1,0
BRDA:185,37,0,0
BRDA:185,37,1,0
BRDA:185,38,0,0
BRDA:185,38,1,0
BRDA:204,39,0,1
BRDA:204,39,1,0
BRDA:215,40,0,1
BRDA:215,40,1,0
BRDA:215,41,0,1
BRDA:215,41,1,0
BRDA:240,42,0,1
BRDA:240,42,1,0
BRDA:243,43,0,0
BRDA:243,43,1,1
BRDA:255,44,0,1
BRDA:255,44,1,1
BRDA:276,45,0,1
BRDA:276,45,1,0
BRDA:280,46,0,1
BRDA:280,46,1,0
BRDA:281,47,0,1
BRDA:281,47,1,0
BRDA:14,48,0,2
BRDA:14,48,1,0
BRDA:14,49,0,2
BRDA:14,49,1,2
BRDA:14,50,0,2
BRDA:14,50,1,0
BRDA:14,51,0,2
BRDA:14,51,1,2
BRDA:15,52,0,2
BRDA:15,52,1,0
BRDA:15,53,0,2
BRDA:15,53,1,2
BRDA:16,54,0,2
BRDA:16,54,1,0
BRDA:16,55,0,2
BRDA:16,55,1,2
BRDA:17,56,0,2
BRDA:17,56,1,0
BRDA:17,57,0,2
BRDA:17,57,1,2
BRDA:18,58,0,2
BRDA:18,58,1,0
BRDA:18,59,0,2
BRDA:18,59,1,2
BRF:121
BRH:83
end_of_record
